[2024-01-14 13:42:51,285][__main__][INFO] - learning_rate: 0.1
batch_size: 32
max_iter: 250
patch_shape: ${tuple:3, 100, 100}
patch_location: ${tuple:200, 310}
ksize_range: ${tuple:0, 20}
resize_range: ${tuple:128, 640}
rotation_range: ${tuple:-10, 10}
shift_range: ${tuple:-100, 100}
brightness_range: ${tuple:0, 0}
saturation_range: ${tuple:0, 0}
hue_range: ${tuple:0, 0}
contrast_range: ${tuple:0, 0}
noise_intensity: ${tuple:0, 0}
tv_weight: 0.1
skip_prob: 0.001
scheduler_step_size: 100
scheduler_gamma: 0.9
logging_frequency: 100

[2024-01-14 13:42:51,644][__main__][INFO] - Device: cuda:0
[2024-01-14 13:43:33,285][__main__][INFO] - tensor([[3.17302e+02, 1.99798e+02, 4.08886e+02, 2.95402e+02, 8.25875e-01, 5.50000e+01],
        [1.75821e+02, 1.83085e+02, 4.69256e+02, 4.52189e+02, 5.01883e-01, 5.50000e+01],
        [3.07494e+02, 1.99782e+02, 3.34181e+02, 2.64136e+02, 4.25014e-01, 5.50000e+01],
        [1.81800e+02, 1.76508e+02, 4.69659e+02, 4.61056e+02, 3.06063e-01, 1.10000e+01]], device='cuda:0')
