[2024-01-14 14:45:56,271][__main__][INFO] - listening to server localhost:2000
[2024-01-14 14:45:56,277][__main__][INFO] - carla:
  host: localhost
  port: 2000
  timeout: 30
  sync:
    fps: 10
    timeout: 30
  seed: 30
  townmap: Town10HD_Opt
  traffic_manager_port: 8000
  retry: 10
  texture: D:\NewPatchGen\outputs\2024-01-14\13-53-32\Patch\texture.png
output_dir: _out2
max_frames: 10
weather:
  cloudiness: 30.0
  precipitation: 60.0
  precipitation_deposits: 20.0
  wind_intensity: 0.0
  sun_azimuth_angle: 0.0
  sun_altitude_angle: 30.0
  fog_density: 30.0
  fog_distance: 0.0
  wetness: 60.0
spawn_actors:
- blueprint:
    name: sensor.camera.rgb
    attr:
      image_size_x: '1280'
      image_size_y: '640'
    speed: 1
  transform:
    location:
      x: 25.0
      'y': 141.6
      z: 2.6
    rotation:
      yaw: 0.0
  destination_transform:
    location:
      x: 35.0
      'y': 141.6
      z: 2.6
  sensor_motion:
    jitter_magnitude:
      x: 0.01
      'y': 0.001
      z: 0.01

[2024-01-14 14:45:58,316][__main__][INFO] - CARLA server version: 0.9.15-dirty
[2024-01-14 14:45:58,316][__main__][INFO] - CARLA client version: 0.9.15-dirty
[2024-01-14 14:46:04,973][__main__][INFO] - Time between ticks: 0.03333333507180214 and Delta seconds: 0.03333333333333333
[2024-01-14 14:46:04,974][__main__][INFO] - Setting weather.
[2024-01-14 14:46:04,977][__main__][INFO] - Selected ActorBlueprint(id=sensor.camera.rgb,tags=[sensor, camera, rgb]) blueprint from: [ActorBlueprint(id=sensor.camera.rgb,tags=[sensor, camera, rgb])]
[2024-01-14 14:46:04,978][__main__][INFO] - Config: {'blueprint': {'name': 'sensor.camera.rgb', 'attr': {'image_size_x': '1280', 'image_size_y': '640'}, 'speed': 1}, 'transform': {'location': {'x': 25.0, 'y': 141.6, 'z': 2.6}, 'rotation': {'yaw': 0.0}}, 'destination_transform': {'location': {'x': 35.0, 'y': 141.6, 'z': 2.6}}, 'sensor_motion': {'jitter_magnitude': {'x': 0.01, 'y': 0.001, 'z': 0.01}}}
[2024-01-14 14:46:04,989][__main__][INFO] - Spawned actor: sensor.camera.rgb with id: 47
[2024-01-14 14:46:04,990][__main__][INFO] - Retrieved sensor motion dict after spawning all actors{47: {'jitter_bound_min': <carla.libcarla.Location object at 0x000001A0B7F1D3B0>, 'jitter_bound_max': <carla.libcarla.Location object at 0x000001A0B7F1D9F0>, 'jitter_magnitude': {'x': 0.01, 'y': 0.001, 'z': 0.01}, 'linear_motion_step': <carla.libcarla.Location object at 0x000001A0B7F1D630>, 'linear_motion_time': 10.0, 'destination': <carla.libcarla.Location object at 0x000001A0B7F1DA40>}}
[2024-01-14 14:46:05,019][__main__][INFO] - Init sensors: (<carla.libcarla.ServerSideSensor object at 0x000001A0B7F0A660>,), kwargs: 30
[2024-01-14 14:46:06,169][__main__][INFO] - Making queue for sensor: Actor(id=47, type=sensor.camera.rgb)
[2024-01-14 14:46:06,169][root][INFO] - Begin sync_mode.tick
[2024-01-14 14:46:06,184][__main__][INFO] - Snapshot: WorldSnapshot(frame=2038) and length of sensor_data: 1
[2024-01-14 14:46:06,340][__main__][INFO] - Stepping sensor with Sensor ID: 47
[2024-01-14 14:46:06,354][root][INFO] - Begin sync_mode.tick
[2024-01-14 14:46:06,365][__main__][INFO] - Snapshot: WorldSnapshot(frame=2039) and length of sensor_data: 1
[2024-01-14 14:46:06,521][__main__][INFO] - Stepping sensor with Sensor ID: 47
[2024-01-14 14:46:06,535][root][INFO] - Begin sync_mode.tick
[2024-01-14 14:46:06,548][__main__][INFO] - Snapshot: WorldSnapshot(frame=2040) and length of sensor_data: 1
[2024-01-14 14:46:06,702][__main__][INFO] - Stepping sensor with Sensor ID: 47
[2024-01-14 14:46:06,717][root][INFO] - Begin sync_mode.tick
[2024-01-14 14:46:06,729][__main__][INFO] - Snapshot: WorldSnapshot(frame=2041) and length of sensor_data: 1
[2024-01-14 14:46:06,884][__main__][INFO] - Stepping sensor with Sensor ID: 47
[2024-01-14 14:46:06,899][root][INFO] - Begin sync_mode.tick
[2024-01-14 14:46:06,911][__main__][INFO] - Snapshot: WorldSnapshot(frame=2042) and length of sensor_data: 1
[2024-01-14 14:46:07,066][__main__][INFO] - Stepping sensor with Sensor ID: 47
[2024-01-14 14:46:07,080][root][INFO] - Begin sync_mode.tick
[2024-01-14 14:46:07,090][__main__][INFO] - Snapshot: WorldSnapshot(frame=2043) and length of sensor_data: 1
[2024-01-14 14:46:07,244][__main__][INFO] - Stepping sensor with Sensor ID: 47
[2024-01-14 14:46:07,258][root][INFO] - Begin sync_mode.tick
[2024-01-14 14:46:07,271][__main__][INFO] - Snapshot: WorldSnapshot(frame=2044) and length of sensor_data: 1
[2024-01-14 14:46:07,426][__main__][INFO] - Stepping sensor with Sensor ID: 47
[2024-01-14 14:46:07,440][root][INFO] - Begin sync_mode.tick
[2024-01-14 14:46:07,452][__main__][INFO] - Snapshot: WorldSnapshot(frame=2045) and length of sensor_data: 1
[2024-01-14 14:46:07,607][__main__][INFO] - Stepping sensor with Sensor ID: 47
[2024-01-14 14:46:07,620][root][INFO] - Begin sync_mode.tick
[2024-01-14 14:46:07,633][__main__][INFO] - Snapshot: WorldSnapshot(frame=2046) and length of sensor_data: 1
[2024-01-14 14:46:07,788][__main__][INFO] - Stepping sensor with Sensor ID: 47
[2024-01-14 14:46:07,803][root][INFO] - Begin sync_mode.tick
[2024-01-14 14:46:07,815][__main__][INFO] - Snapshot: WorldSnapshot(frame=2047) and length of sensor_data: 1
[2024-01-14 14:46:07,970][__main__][INFO] - Stepping sensor with Sensor ID: 47
[2024-01-14 14:46:07,984][root][INFO] - Begin sync_mode.tick
[2024-01-14 14:46:07,985][__main__][INFO] - Max frames, 10, reached. Exiting...
[2024-01-14 14:46:15,194][__main__][INFO] - Destroying actors
