[2024-01-14 14:52:07,029][__main__][INFO] - listening to server localhost:2000
[2024-01-14 14:52:07,034][__main__][INFO] - carla:
  host: localhost
  port: 2000
  timeout: 30
  sync:
    fps: 10
    timeout: 30
  seed: 30
  townmap: Town10HD_Opt
  traffic_manager_port: 8000
  retry: 10
  texture: D:\NewPatchGen\outputs\2024-01-14\13-37-21\Patch\texture.png
output_dir: _out2
max_frames: 10
weather:
  cloudiness: 0.0
  precipitation: 0.0
  precipitation_deposits: 0.0
  wind_intensity: 0.0
  sun_azimuth_angle: 0.0
  sun_altitude_angle: 30.0
  fog_density: 0.0
  fog_distance: 0.0
  wetness: 0.0
spawn_actors:
- blueprint:
    name: sensor.camera.rgb
    attr:
      image_size_x: '1280'
      image_size_y: '640'
    speed: 1
  transform:
    location:
      x: 25.0
      'y': 141.6
      z: 2.6
    rotation:
      yaw: 0.0
  destination_transform:
    location:
      x: 35.0
      'y': 141.6
      z: 2.6
  sensor_motion:
    jitter_magnitude:
      x: 0.01
      'y': 0.001
      z: 0.01

[2024-01-14 14:52:09,080][__main__][INFO] - CARLA server version: 0.9.15-dirty
[2024-01-14 14:52:09,080][__main__][INFO] - CARLA client version: 0.9.15-dirty
[2024-01-14 14:52:15,468][__main__][INFO] - Time between ticks: 0.03333333507180214 and Delta seconds: 0.03333333333333333
[2024-01-14 14:52:15,469][__main__][INFO] - Setting weather.
[2024-01-14 14:52:15,471][__main__][INFO] - Selected ActorBlueprint(id=sensor.camera.rgb,tags=[sensor, camera, rgb]) blueprint from: [ActorBlueprint(id=sensor.camera.rgb,tags=[sensor, camera, rgb])]
[2024-01-14 14:52:15,473][__main__][INFO] - Config: {'blueprint': {'name': 'sensor.camera.rgb', 'attr': {'image_size_x': '1280', 'image_size_y': '640'}, 'speed': 1}, 'transform': {'location': {'x': 25.0, 'y': 141.6, 'z': 2.6}, 'rotation': {'yaw': 0.0}}, 'destination_transform': {'location': {'x': 35.0, 'y': 141.6, 'z': 2.6}}, 'sensor_motion': {'jitter_magnitude': {'x': 0.01, 'y': 0.001, 'z': 0.01}}}
[2024-01-14 14:52:15,484][__main__][INFO] - Spawned actor: sensor.camera.rgb with id: 50
[2024-01-14 14:52:15,485][__main__][INFO] - Retrieved sensor motion dict after spawning all actors{50: {'jitter_bound_min': <carla.libcarla.Location object at 0x000001E82E0EE3B0>, 'jitter_bound_max': <carla.libcarla.Location object at 0x000001E82E0EE9F0>, 'jitter_magnitude': {'x': 0.01, 'y': 0.001, 'z': 0.01}, 'linear_motion_step': <carla.libcarla.Location object at 0x000001E82E0EE630>, 'linear_motion_time': 10.0, 'destination': <carla.libcarla.Location object at 0x000001E82E0EEA40>}}
[2024-01-14 14:52:15,512][__main__][INFO] - Init sensors: (<carla.libcarla.ServerSideSensor object at 0x000001E82E0DB660>,), kwargs: 30
[2024-01-14 14:52:16,629][__main__][INFO] - Making queue for sensor: Actor(id=50, type=sensor.camera.rgb)
[2024-01-14 14:52:16,629][root][INFO] - Begin sync_mode.tick
[2024-01-14 14:52:16,644][__main__][INFO] - Snapshot: WorldSnapshot(frame=3065) and length of sensor_data: 1
[2024-01-14 14:52:16,800][__main__][INFO] - Stepping sensor with Sensor ID: 50
[2024-01-14 14:52:16,815][root][INFO] - Begin sync_mode.tick
[2024-01-14 14:52:16,827][__main__][INFO] - Snapshot: WorldSnapshot(frame=3066) and length of sensor_data: 1
[2024-01-14 14:52:16,980][__main__][INFO] - Stepping sensor with Sensor ID: 50
[2024-01-14 14:52:16,993][root][INFO] - Begin sync_mode.tick
[2024-01-14 14:52:17,003][__main__][INFO] - Snapshot: WorldSnapshot(frame=3067) and length of sensor_data: 1
[2024-01-14 14:52:17,157][__main__][INFO] - Stepping sensor with Sensor ID: 50
[2024-01-14 14:52:17,171][root][INFO] - Begin sync_mode.tick
[2024-01-14 14:52:17,181][__main__][INFO] - Snapshot: WorldSnapshot(frame=3068) and length of sensor_data: 1
[2024-01-14 14:52:17,333][__main__][INFO] - Stepping sensor with Sensor ID: 50
[2024-01-14 14:52:17,347][root][INFO] - Begin sync_mode.tick
[2024-01-14 14:52:17,358][__main__][INFO] - Snapshot: WorldSnapshot(frame=3069) and length of sensor_data: 1
[2024-01-14 14:52:17,510][__main__][INFO] - Stepping sensor with Sensor ID: 50
[2024-01-14 14:52:17,525][root][INFO] - Begin sync_mode.tick
[2024-01-14 14:52:17,534][__main__][INFO] - Snapshot: WorldSnapshot(frame=3070) and length of sensor_data: 1
[2024-01-14 14:52:17,689][__main__][INFO] - Stepping sensor with Sensor ID: 50
[2024-01-14 14:52:17,704][root][INFO] - Begin sync_mode.tick
[2024-01-14 14:52:17,715][__main__][INFO] - Snapshot: WorldSnapshot(frame=3071) and length of sensor_data: 1
[2024-01-14 14:52:17,869][__main__][INFO] - Stepping sensor with Sensor ID: 50
[2024-01-14 14:52:17,883][root][INFO] - Begin sync_mode.tick
[2024-01-14 14:52:17,894][__main__][INFO] - Snapshot: WorldSnapshot(frame=3072) and length of sensor_data: 1
[2024-01-14 14:52:18,048][__main__][INFO] - Stepping sensor with Sensor ID: 50
[2024-01-14 14:52:18,063][root][INFO] - Begin sync_mode.tick
[2024-01-14 14:52:18,074][__main__][INFO] - Snapshot: WorldSnapshot(frame=3073) and length of sensor_data: 1
[2024-01-14 14:52:18,228][__main__][INFO] - Stepping sensor with Sensor ID: 50
[2024-01-14 14:52:18,242][root][INFO] - Begin sync_mode.tick
[2024-01-14 14:52:18,253][__main__][INFO] - Snapshot: WorldSnapshot(frame=3074) and length of sensor_data: 1
[2024-01-14 14:52:18,408][__main__][INFO] - Stepping sensor with Sensor ID: 50
[2024-01-14 14:52:18,423][root][INFO] - Begin sync_mode.tick
[2024-01-14 14:52:18,423][__main__][INFO] - Max frames, 10, reached. Exiting...
[2024-01-14 14:52:26,079][__main__][INFO] - Destroying actors
