[2024-02-11 02:14:22,366][__main__][INFO] - listening to server localhost:2000
[2024-02-11 02:14:22,371][__main__][INFO] - carla:
  host: localhost
  port: 2000
  timeout: 30
  sync:
    fps: 10
    timeout: 30
  seed: 30
  townmap: Town10HD_Opt
  traffic_manager_port: 8000
  retry: 10
  texture: D:\NewPatchGen\outputs\2024-01-14\13-53-32\Patch\texture.png
  sign_name: BP_ADVSTOP2
output_dir: _out2
max_frames: 10
weather:
  cloudiness: 0.0
  precipitation: 0.0
  precipitation_deposits: 0.0
  wind_intensity: 0.0
  sun_azimuth_angle: 0.0
  sun_altitude_angle: 30.0
  fog_density: 0.0
  fog_distance: 0.0
  wetness: 0.0
spawn_actors:
- blueprint:
    name: sensor.camera.rgb
    attr:
      image_size_x: '1280'
      image_size_y: '640'
    speed: 1
  transform:
    location:
      x: 110.4
      'y': 7.6
      z: 2.6
    rotation:
      yaw: 270.0
  destination_transform:
    location:
      x: 110.4
      'y': -3.6
      z: 2.6
  sensor_motion:
    jitter_magnitude:
      x: 0.01
      'y': 0.001
      z: 0.01

[2024-02-11 02:14:22,376][__main__][INFO] - CARLA server version: 0.9.15-dirty
[2024-02-11 02:14:22,377][__main__][INFO] - CARLA client version: 0.9.15-dirty
[2024-02-11 02:14:24,502][__main__][INFO] - Time between ticks: 0.03333333507180214 and Delta seconds: 0.03333333333333333
[2024-02-11 02:14:24,503][__main__][INFO] - Setting weather.
[2024-02-11 02:14:24,506][__main__][INFO] - Selected ActorBlueprint(id=sensor.camera.rgb,tags=[sensor, camera, rgb]) blueprint from: [ActorBlueprint(id=sensor.camera.rgb,tags=[sensor, camera, rgb])]
[2024-02-11 02:14:24,507][__main__][INFO] - Config: {'blueprint': {'name': 'sensor.camera.rgb', 'attr': {'image_size_x': '1280', 'image_size_y': '640'}, 'speed': 1}, 'transform': {'location': {'x': 110.4, 'y': 7.6, 'z': 2.6}, 'rotation': {'yaw': 270.0}}, 'destination_transform': {'location': {'x': 110.4, 'y': -3.6, 'z': 2.6}}, 'sensor_motion': {'jitter_magnitude': {'x': 0.01, 'y': 0.001, 'z': 0.01}}}
[2024-02-11 02:14:24,535][__main__][INFO] - Spawned actor: sensor.camera.rgb with id: 75
[2024-02-11 02:14:24,537][__main__][INFO] - Retrieved sensor motion dict after spawning all actors{75: {'jitter_bound_min': <carla.libcarla.Location object at 0x00000194E92EB720>, 'jitter_bound_max': <carla.libcarla.Location object at 0x00000194E92EBD60>, 'jitter_magnitude': {'x': 0.01, 'y': 0.001, 'z': 0.01}, 'linear_motion_step': <carla.libcarla.Location object at 0x00000194E92EB9A0>, 'linear_motion_time': 12.0, 'destination': <carla.libcarla.Location object at 0x00000194E92EBDB0>}}
[2024-02-11 02:14:24,630][__main__][INFO] - Init sensors: (<carla.libcarla.ServerSideSensor object at 0x00000194E92DB820>,), kwargs: 30
[2024-02-11 02:14:25,652][__main__][INFO] - Making queue for sensor: Actor(id=75, type=sensor.camera.rgb)
[2024-02-11 02:14:25,652][root][INFO] - Begin sync_mode.tick
[2024-02-11 02:14:25,664][__main__][INFO] - Snapshot: WorldSnapshot(frame=50495) and length of sensor_data: 1
[2024-02-11 02:14:25,816][__main__][INFO] - Stepping sensor with Sensor ID: 75
[2024-02-11 02:14:25,831][root][INFO] - Begin sync_mode.tick
[2024-02-11 02:14:25,839][__main__][INFO] - Snapshot: WorldSnapshot(frame=50496) and length of sensor_data: 1
[2024-02-11 02:14:25,993][__main__][INFO] - Stepping sensor with Sensor ID: 75
[2024-02-11 02:14:26,007][root][INFO] - Begin sync_mode.tick
[2024-02-11 02:14:26,018][__main__][INFO] - Snapshot: WorldSnapshot(frame=50497) and length of sensor_data: 1
[2024-02-11 02:14:26,172][__main__][INFO] - Stepping sensor with Sensor ID: 75
[2024-02-11 02:14:26,186][root][INFO] - Begin sync_mode.tick
[2024-02-11 02:14:26,196][__main__][INFO] - Snapshot: WorldSnapshot(frame=50498) and length of sensor_data: 1
[2024-02-11 02:14:26,349][__main__][INFO] - Stepping sensor with Sensor ID: 75
[2024-02-11 02:14:26,363][root][INFO] - Begin sync_mode.tick
[2024-02-11 02:14:26,374][__main__][INFO] - Snapshot: WorldSnapshot(frame=50499) and length of sensor_data: 1
[2024-02-11 02:14:26,529][__main__][INFO] - Stepping sensor with Sensor ID: 75
[2024-02-11 02:14:26,544][root][INFO] - Begin sync_mode.tick
[2024-02-11 02:14:26,554][__main__][INFO] - Snapshot: WorldSnapshot(frame=50500) and length of sensor_data: 1
[2024-02-11 02:14:26,708][__main__][INFO] - Stepping sensor with Sensor ID: 75
[2024-02-11 02:14:26,723][root][INFO] - Begin sync_mode.tick
[2024-02-11 02:14:26,735][__main__][INFO] - Snapshot: WorldSnapshot(frame=50501) and length of sensor_data: 1
[2024-02-11 02:14:26,894][__main__][INFO] - Stepping sensor with Sensor ID: 75
[2024-02-11 02:14:26,908][root][INFO] - Begin sync_mode.tick
[2024-02-11 02:14:26,919][__main__][INFO] - Snapshot: WorldSnapshot(frame=50502) and length of sensor_data: 1
[2024-02-11 02:14:27,074][__main__][INFO] - Stepping sensor with Sensor ID: 75
[2024-02-11 02:14:27,088][root][INFO] - Begin sync_mode.tick
[2024-02-11 02:14:27,100][__main__][INFO] - Snapshot: WorldSnapshot(frame=50503) and length of sensor_data: 1
[2024-02-11 02:14:27,255][__main__][INFO] - Stepping sensor with Sensor ID: 75
[2024-02-11 02:14:27,269][root][INFO] - Begin sync_mode.tick
[2024-02-11 02:14:27,281][__main__][INFO] - Snapshot: WorldSnapshot(frame=50504) and length of sensor_data: 1
[2024-02-11 02:14:27,436][__main__][INFO] - Stepping sensor with Sensor ID: 75
[2024-02-11 02:14:27,450][root][INFO] - Begin sync_mode.tick
[2024-02-11 02:14:27,450][__main__][INFO] - Max frames, 10, reached. Exiting...
[2024-02-11 02:14:35,412][__main__][INFO] - Destroying actors
