[2024-01-14 14:54:09,778][__main__][INFO] - listening to server localhost:2000
[2024-01-14 14:54:09,784][__main__][INFO] - carla:
  host: localhost
  port: 2000
  timeout: 30
  sync:
    fps: 10
    timeout: 30
  seed: 30
  townmap: Town10HD_Opt
  traffic_manager_port: 8000
  retry: 10
  texture: D:\NewPatchGen\outputs\2024-01-14\13-45-12\Patch\texture.png
output_dir: _out2
max_frames: 10
weather:
  cloudiness: 0.0
  precipitation: 0.0
  precipitation_deposits: 0.0
  wind_intensity: 0.0
  sun_azimuth_angle: 0.0
  sun_altitude_angle: 30.0
  fog_density: 0.0
  fog_distance: 0.0
  wetness: 0.0
spawn_actors:
- blueprint:
    name: sensor.camera.rgb
    attr:
      image_size_x: '1280'
      image_size_y: '640'
    speed: 1
  transform:
    location:
      x: 25.0
      'y': 141.6
      z: 2.6
    rotation:
      yaw: 0.0
  destination_transform:
    location:
      x: 35.0
      'y': 141.6
      z: 2.6
  sensor_motion:
    jitter_magnitude:
      x: 0.01
      'y': 0.001
      z: 0.01

[2024-01-14 14:54:11,805][__main__][INFO] - CARLA server version: 0.9.15-dirty
[2024-01-14 14:54:11,805][__main__][INFO] - CARLA client version: 0.9.15-dirty
[2024-01-14 14:54:18,514][__main__][INFO] - Time between ticks: 0.03333333507180214 and Delta seconds: 0.03333333333333333
[2024-01-14 14:54:18,515][__main__][INFO] - Setting weather.
[2024-01-14 14:54:18,517][__main__][INFO] - Selected ActorBlueprint(id=sensor.camera.rgb,tags=[sensor, camera, rgb]) blueprint from: [ActorBlueprint(id=sensor.camera.rgb,tags=[sensor, camera, rgb])]
[2024-01-14 14:54:18,519][__main__][INFO] - Config: {'blueprint': {'name': 'sensor.camera.rgb', 'attr': {'image_size_x': '1280', 'image_size_y': '640'}, 'speed': 1}, 'transform': {'location': {'x': 25.0, 'y': 141.6, 'z': 2.6}, 'rotation': {'yaw': 0.0}}, 'destination_transform': {'location': {'x': 35.0, 'y': 141.6, 'z': 2.6}}, 'sensor_motion': {'jitter_magnitude': {'x': 0.01, 'y': 0.001, 'z': 0.01}}}
[2024-01-14 14:54:18,529][__main__][INFO] - Spawned actor: sensor.camera.rgb with id: 54
[2024-01-14 14:54:18,530][__main__][INFO] - Retrieved sensor motion dict after spawning all actors{54: {'jitter_bound_min': <carla.libcarla.Location object at 0x0000015F33CBE400>, 'jitter_bound_max': <carla.libcarla.Location object at 0x0000015F33CBEA40>, 'jitter_magnitude': {'x': 0.01, 'y': 0.001, 'z': 0.01}, 'linear_motion_step': <carla.libcarla.Location object at 0x0000015F33CBE680>, 'linear_motion_time': 10.0, 'destination': <carla.libcarla.Location object at 0x0000015F33CBEA90>}}
[2024-01-14 14:54:18,550][__main__][INFO] - Init sensors: (<carla.libcarla.ServerSideSensor object at 0x0000015F33CAA660>,), kwargs: 30
[2024-01-14 14:54:19,565][__main__][INFO] - Making queue for sensor: Actor(id=54, type=sensor.camera.rgb)
[2024-01-14 14:54:19,565][root][INFO] - Begin sync_mode.tick
[2024-01-14 14:54:19,577][__main__][INFO] - Snapshot: WorldSnapshot(frame=3330) and length of sensor_data: 1
[2024-01-14 14:54:19,730][__main__][INFO] - Stepping sensor with Sensor ID: 54
[2024-01-14 14:54:19,744][root][INFO] - Begin sync_mode.tick
[2024-01-14 14:54:19,757][__main__][INFO] - Snapshot: WorldSnapshot(frame=3331) and length of sensor_data: 1
[2024-01-14 14:54:19,908][__main__][INFO] - Stepping sensor with Sensor ID: 54
[2024-01-14 14:54:19,923][root][INFO] - Begin sync_mode.tick
[2024-01-14 14:54:19,933][__main__][INFO] - Snapshot: WorldSnapshot(frame=3332) and length of sensor_data: 1
[2024-01-14 14:54:20,086][__main__][INFO] - Stepping sensor with Sensor ID: 54
[2024-01-14 14:54:20,102][root][INFO] - Begin sync_mode.tick
[2024-01-14 14:54:20,118][__main__][INFO] - Snapshot: WorldSnapshot(frame=3333) and length of sensor_data: 1
[2024-01-14 14:54:20,273][__main__][INFO] - Stepping sensor with Sensor ID: 54
[2024-01-14 14:54:20,287][root][INFO] - Begin sync_mode.tick
[2024-01-14 14:54:20,297][__main__][INFO] - Snapshot: WorldSnapshot(frame=3334) and length of sensor_data: 1
[2024-01-14 14:54:20,451][__main__][INFO] - Stepping sensor with Sensor ID: 54
[2024-01-14 14:54:20,465][root][INFO] - Begin sync_mode.tick
[2024-01-14 14:54:20,476][__main__][INFO] - Snapshot: WorldSnapshot(frame=3335) and length of sensor_data: 1
[2024-01-14 14:54:20,629][__main__][INFO] - Stepping sensor with Sensor ID: 54
[2024-01-14 14:54:20,644][root][INFO] - Begin sync_mode.tick
[2024-01-14 14:54:20,661][__main__][INFO] - Snapshot: WorldSnapshot(frame=3336) and length of sensor_data: 1
[2024-01-14 14:54:20,815][__main__][INFO] - Stepping sensor with Sensor ID: 54
[2024-01-14 14:54:20,830][root][INFO] - Begin sync_mode.tick
[2024-01-14 14:54:20,846][__main__][INFO] - Snapshot: WorldSnapshot(frame=3337) and length of sensor_data: 1
[2024-01-14 14:54:21,000][__main__][INFO] - Stepping sensor with Sensor ID: 54
[2024-01-14 14:54:21,014][root][INFO] - Begin sync_mode.tick
[2024-01-14 14:54:21,034][__main__][INFO] - Snapshot: WorldSnapshot(frame=3338) and length of sensor_data: 1
[2024-01-14 14:54:21,188][__main__][INFO] - Stepping sensor with Sensor ID: 54
[2024-01-14 14:54:21,202][root][INFO] - Begin sync_mode.tick
[2024-01-14 14:54:21,220][__main__][INFO] - Snapshot: WorldSnapshot(frame=3339) and length of sensor_data: 1
[2024-01-14 14:54:21,374][__main__][INFO] - Stepping sensor with Sensor ID: 54
[2024-01-14 14:54:21,388][root][INFO] - Begin sync_mode.tick
[2024-01-14 14:54:21,388][__main__][INFO] - Max frames, 10, reached. Exiting...
[2024-01-14 14:54:28,946][__main__][INFO] - Destroying actors
