[2024-01-14 14:51:40,223][__main__][INFO] - listening to server localhost:2000
[2024-01-14 14:51:40,228][__main__][INFO] - carla:
  host: localhost
  port: 2000
  timeout: 30
  sync:
    fps: 10
    timeout: 30
  seed: 30
  townmap: Town10HD_Opt
  traffic_manager_port: 8000
  retry: 10
  texture: D:\NewPatchGen\outputs\2024-01-14\13-33-45\Patch\texture.png
output_dir: _out2
max_frames: 10
weather:
  cloudiness: 0.0
  precipitation: 0.0
  precipitation_deposits: 0.0
  wind_intensity: 0.0
  sun_azimuth_angle: 0.0
  sun_altitude_angle: 30.0
  fog_density: 0.0
  fog_distance: 0.0
  wetness: 0.0
spawn_actors:
- blueprint:
    name: sensor.camera.rgb
    attr:
      image_size_x: '1280'
      image_size_y: '640'
    speed: 1
  transform:
    location:
      x: 25.0
      'y': 141.6
      z: 2.6
    rotation:
      yaw: 0.0
  destination_transform:
    location:
      x: 35.0
      'y': 141.6
      z: 2.6
  sensor_motion:
    jitter_magnitude:
      x: 0.01
      'y': 0.001
      z: 0.01

[2024-01-14 14:51:42,251][__main__][INFO] - CARLA server version: 0.9.15-dirty
[2024-01-14 14:51:42,251][__main__][INFO] - CARLA client version: 0.9.15-dirty
[2024-01-14 14:51:48,895][__main__][INFO] - Time between ticks: 0.03333333507180214 and Delta seconds: 0.03333333333333333
[2024-01-14 14:51:48,896][__main__][INFO] - Setting weather.
[2024-01-14 14:51:48,898][__main__][INFO] - Selected ActorBlueprint(id=sensor.camera.rgb,tags=[sensor, camera, rgb]) blueprint from: [ActorBlueprint(id=sensor.camera.rgb,tags=[sensor, camera, rgb])]
[2024-01-14 14:51:48,900][__main__][INFO] - Config: {'blueprint': {'name': 'sensor.camera.rgb', 'attr': {'image_size_x': '1280', 'image_size_y': '640'}, 'speed': 1}, 'transform': {'location': {'x': 25.0, 'y': 141.6, 'z': 2.6}, 'rotation': {'yaw': 0.0}}, 'destination_transform': {'location': {'x': 35.0, 'y': 141.6, 'z': 2.6}}, 'sensor_motion': {'jitter_magnitude': {'x': 0.01, 'y': 0.001, 'z': 0.01}}}
[2024-01-14 14:51:48,912][__main__][INFO] - Spawned actor: sensor.camera.rgb with id: 49
[2024-01-14 14:51:48,913][__main__][INFO] - Retrieved sensor motion dict after spawning all actors{49: {'jitter_bound_min': <carla.libcarla.Location object at 0x000002C533F5D310>, 'jitter_bound_max': <carla.libcarla.Location object at 0x000002C533F5D950>, 'jitter_magnitude': {'x': 0.01, 'y': 0.001, 'z': 0.01}, 'linear_motion_step': <carla.libcarla.Location object at 0x000002C533F5D590>, 'linear_motion_time': 10.0, 'destination': <carla.libcarla.Location object at 0x000002C533F5D9A0>}}
[2024-01-14 14:51:48,931][__main__][INFO] - Init sensors: (<carla.libcarla.ServerSideSensor object at 0x000002C533F4A660>,), kwargs: 30
[2024-01-14 14:51:49,987][__main__][INFO] - Making queue for sensor: Actor(id=49, type=sensor.camera.rgb)
[2024-01-14 14:51:49,987][root][INFO] - Begin sync_mode.tick
[2024-01-14 14:51:50,021][__main__][INFO] - Snapshot: WorldSnapshot(frame=3012) and length of sensor_data: 1
[2024-01-14 14:51:50,174][__main__][INFO] - Stepping sensor with Sensor ID: 49
[2024-01-14 14:51:50,190][root][INFO] - Begin sync_mode.tick
[2024-01-14 14:51:50,242][__main__][INFO] - Snapshot: WorldSnapshot(frame=3013) and length of sensor_data: 1
[2024-01-14 14:51:50,395][__main__][INFO] - Stepping sensor with Sensor ID: 49
[2024-01-14 14:51:50,410][root][INFO] - Begin sync_mode.tick
[2024-01-14 14:51:50,435][__main__][INFO] - Snapshot: WorldSnapshot(frame=3014) and length of sensor_data: 1
[2024-01-14 14:51:50,587][__main__][INFO] - Stepping sensor with Sensor ID: 49
[2024-01-14 14:51:50,602][root][INFO] - Begin sync_mode.tick
[2024-01-14 14:51:50,625][__main__][INFO] - Snapshot: WorldSnapshot(frame=3015) and length of sensor_data: 1
[2024-01-14 14:51:50,778][__main__][INFO] - Stepping sensor with Sensor ID: 49
[2024-01-14 14:51:50,792][root][INFO] - Begin sync_mode.tick
[2024-01-14 14:51:50,815][__main__][INFO] - Snapshot: WorldSnapshot(frame=3016) and length of sensor_data: 1
[2024-01-14 14:51:50,969][__main__][INFO] - Stepping sensor with Sensor ID: 49
[2024-01-14 14:51:50,984][root][INFO] - Begin sync_mode.tick
[2024-01-14 14:51:51,010][__main__][INFO] - Snapshot: WorldSnapshot(frame=3017) and length of sensor_data: 1
[2024-01-14 14:51:51,165][__main__][INFO] - Stepping sensor with Sensor ID: 49
[2024-01-14 14:51:51,179][root][INFO] - Begin sync_mode.tick
[2024-01-14 14:51:51,202][__main__][INFO] - Snapshot: WorldSnapshot(frame=3018) and length of sensor_data: 1
[2024-01-14 14:51:51,358][__main__][INFO] - Stepping sensor with Sensor ID: 49
[2024-01-14 14:51:51,371][root][INFO] - Begin sync_mode.tick
[2024-01-14 14:51:51,395][__main__][INFO] - Snapshot: WorldSnapshot(frame=3019) and length of sensor_data: 1
[2024-01-14 14:51:51,551][__main__][INFO] - Stepping sensor with Sensor ID: 49
[2024-01-14 14:51:51,566][root][INFO] - Begin sync_mode.tick
[2024-01-14 14:51:51,598][__main__][INFO] - Snapshot: WorldSnapshot(frame=3020) and length of sensor_data: 1
[2024-01-14 14:51:51,753][__main__][INFO] - Stepping sensor with Sensor ID: 49
[2024-01-14 14:51:51,768][root][INFO] - Begin sync_mode.tick
[2024-01-14 14:51:51,794][__main__][INFO] - Snapshot: WorldSnapshot(frame=3021) and length of sensor_data: 1
[2024-01-14 14:51:51,948][__main__][INFO] - Stepping sensor with Sensor ID: 49
[2024-01-14 14:51:51,962][root][INFO] - Begin sync_mode.tick
[2024-01-14 14:51:51,962][__main__][INFO] - Max frames, 10, reached. Exiting...
[2024-01-14 14:51:59,621][__main__][INFO] - Destroying actors
