[2024-02-11 02:15:31,448][__main__][INFO] - listening to server localhost:2000
[2024-02-11 02:15:31,454][__main__][INFO] - carla:
  host: localhost
  port: 2000
  timeout: 30
  sync:
    fps: 10
    timeout: 30
  seed: 30
  townmap: Town10HD_Opt
  traffic_manager_port: 8000
  retry: 10
  texture: D:\NewPatchGen\outputs\2024-01-14\13-53-32\Patch\texture.png
  sign_name: BP_ADVSTOP2
output_dir: _out2
max_frames: 10
weather:
  cloudiness: 0.0
  precipitation: 0.0
  precipitation_deposits: 0.0
  wind_intensity: 0.0
  sun_azimuth_angle: 0.0
  sun_altitude_angle: 30.0
  fog_density: 0.0
  fog_distance: 0.0
  wetness: 0.0
spawn_actors:
- blueprint:
    name: sensor.camera.rgb
    attr:
      image_size_x: '1280'
      image_size_y: '640'
    speed: 1
  transform:
    location:
      x: 110.4
      'y': 7.6
      z: 2.6
    rotation:
      yaw: 270.0
  destination_transform:
    location:
      x: 110.4
      'y': -3.6
      z: 2.6
  sensor_motion:
    jitter_magnitude:
      x: 0.01
      'y': 0.001
      z: 0.01

[2024-02-11 02:15:31,459][__main__][INFO] - CARLA server version: 0.9.15-dirty
[2024-02-11 02:15:31,460][__main__][INFO] - CARLA client version: 0.9.15-dirty
[2024-02-11 02:15:37,466][__main__][INFO] - Time between ticks: 0.03333333507180214 and Delta seconds: 0.03333333333333333
[2024-02-11 02:15:37,467][__main__][INFO] - Setting weather.
[2024-02-11 02:15:37,469][__main__][INFO] - Selected ActorBlueprint(id=sensor.camera.rgb,tags=[sensor, camera, rgb]) blueprint from: [ActorBlueprint(id=sensor.camera.rgb,tags=[sensor, camera, rgb])]
[2024-02-11 02:15:37,471][__main__][INFO] - Config: {'blueprint': {'name': 'sensor.camera.rgb', 'attr': {'image_size_x': '1280', 'image_size_y': '640'}, 'speed': 1}, 'transform': {'location': {'x': 110.4, 'y': 7.6, 'z': 2.6}, 'rotation': {'yaw': 270.0}}, 'destination_transform': {'location': {'x': 110.4, 'y': -3.6, 'z': 2.6}}, 'sensor_motion': {'jitter_magnitude': {'x': 0.01, 'y': 0.001, 'z': 0.01}}}
[2024-02-11 02:15:37,481][__main__][INFO] - Spawned actor: sensor.camera.rgb with id: 76
[2024-02-11 02:15:37,482][__main__][INFO] - Retrieved sensor motion dict after spawning all actors{76: {'jitter_bound_min': <carla.libcarla.Location object at 0x000001AC8C9FC8B0>, 'jitter_bound_max': <carla.libcarla.Location object at 0x000001AC8C9FCEF0>, 'jitter_magnitude': {'x': 0.01, 'y': 0.001, 'z': 0.01}, 'linear_motion_step': <carla.libcarla.Location object at 0x000001AC8C9FCB30>, 'linear_motion_time': 12.0, 'destination': <carla.libcarla.Location object at 0x000001AC8C9FCF40>}}
[2024-02-11 02:15:37,506][__main__][INFO] - Init sensors: (<carla.libcarla.ServerSideSensor object at 0x000001AC8C9EA820>,), kwargs: 30
[2024-02-11 02:15:38,535][__main__][INFO] - Making queue for sensor: Actor(id=76, type=sensor.camera.rgb)
[2024-02-11 02:15:38,535][root][INFO] - Begin sync_mode.tick
[2024-02-11 02:15:38,549][__main__][INFO] - Snapshot: WorldSnapshot(frame=50686) and length of sensor_data: 1
[2024-02-11 02:15:38,702][__main__][INFO] - Stepping sensor with Sensor ID: 76
[2024-02-11 02:15:38,717][root][INFO] - Begin sync_mode.tick
[2024-02-11 02:15:38,727][__main__][INFO] - Snapshot: WorldSnapshot(frame=50687) and length of sensor_data: 1
[2024-02-11 02:15:38,879][__main__][INFO] - Stepping sensor with Sensor ID: 76
[2024-02-11 02:15:38,894][root][INFO] - Begin sync_mode.tick
[2024-02-11 02:15:38,904][__main__][INFO] - Snapshot: WorldSnapshot(frame=50688) and length of sensor_data: 1
[2024-02-11 02:15:39,062][__main__][INFO] - Stepping sensor with Sensor ID: 76
[2024-02-11 02:15:39,076][root][INFO] - Begin sync_mode.tick
[2024-02-11 02:15:39,086][__main__][INFO] - Snapshot: WorldSnapshot(frame=50689) and length of sensor_data: 1
[2024-02-11 02:15:39,239][__main__][INFO] - Stepping sensor with Sensor ID: 76
[2024-02-11 02:15:39,254][root][INFO] - Begin sync_mode.tick
[2024-02-11 02:15:39,264][__main__][INFO] - Snapshot: WorldSnapshot(frame=50690) and length of sensor_data: 1
[2024-02-11 02:15:39,417][__main__][INFO] - Stepping sensor with Sensor ID: 76
[2024-02-11 02:15:39,431][root][INFO] - Begin sync_mode.tick
[2024-02-11 02:15:39,442][__main__][INFO] - Snapshot: WorldSnapshot(frame=50691) and length of sensor_data: 1
[2024-02-11 02:15:39,596][__main__][INFO] - Stepping sensor with Sensor ID: 76
[2024-02-11 02:15:39,609][root][INFO] - Begin sync_mode.tick
[2024-02-11 02:15:39,618][__main__][INFO] - Snapshot: WorldSnapshot(frame=50692) and length of sensor_data: 1
[2024-02-11 02:15:39,772][__main__][INFO] - Stepping sensor with Sensor ID: 76
[2024-02-11 02:15:39,785][root][INFO] - Begin sync_mode.tick
[2024-02-11 02:15:39,796][__main__][INFO] - Snapshot: WorldSnapshot(frame=50693) and length of sensor_data: 1
[2024-02-11 02:15:39,949][__main__][INFO] - Stepping sensor with Sensor ID: 76
[2024-02-11 02:15:39,963][root][INFO] - Begin sync_mode.tick
[2024-02-11 02:15:39,973][__main__][INFO] - Snapshot: WorldSnapshot(frame=50694) and length of sensor_data: 1
[2024-02-11 02:15:40,127][__main__][INFO] - Stepping sensor with Sensor ID: 76
[2024-02-11 02:15:40,142][root][INFO] - Begin sync_mode.tick
[2024-02-11 02:15:40,151][__main__][INFO] - Snapshot: WorldSnapshot(frame=50695) and length of sensor_data: 1
[2024-02-11 02:15:40,304][__main__][INFO] - Stepping sensor with Sensor ID: 76
[2024-02-11 02:15:40,317][root][INFO] - Begin sync_mode.tick
[2024-02-11 02:15:40,318][__main__][INFO] - Max frames, 10, reached. Exiting...
[2024-02-11 02:15:47,905][__main__][INFO] - Destroying actors
