[2024-01-14 14:43:31,880][__main__][INFO] - listening to server localhost:2000
[2024-01-14 14:43:31,885][__main__][INFO] - carla:
  host: localhost
  port: 2000
  timeout: 30
  sync:
    fps: 10
    timeout: 30
  seed: 30
  townmap: Town10HD_Opt
  traffic_manager_port: 8000
  retry: 10
  texture: D:\NewPatchGen\outputs\2024-01-14\13-44-12\Patch\texture.png
output_dir: _out2
max_frames: 10
weather:
  cloudiness: 30.0
  precipitation: 60.0
  precipitation_deposits: 20.0
  wind_intensity: 0.0
  sun_azimuth_angle: 0.0
  sun_altitude_angle: 30.0
  fog_density: 30.0
  fog_distance: 0.0
  wetness: 60.0
spawn_actors:
- blueprint:
    name: sensor.camera.rgb
    attr:
      image_size_x: '1280'
      image_size_y: '640'
    speed: 1
  transform:
    location:
      x: 25.0
      'y': 141.6
      z: 2.6
    rotation:
      yaw: 0.0
  destination_transform:
    location:
      x: 35.0
      'y': 141.6
      z: 2.6
  sensor_motion:
    jitter_magnitude:
      x: 0.01
      'y': 0.001
      z: 0.01

[2024-01-14 14:43:33,911][__main__][INFO] - CARLA server version: 0.9.15-dirty
[2024-01-14 14:43:33,911][__main__][INFO] - CARLA client version: 0.9.15-dirty
[2024-01-14 14:43:40,479][__main__][INFO] - Time between ticks: 0.03333333507180214 and Delta seconds: 0.03333333333333333
[2024-01-14 14:43:40,480][__main__][INFO] - Setting weather.
[2024-01-14 14:43:40,482][__main__][INFO] - Selected ActorBlueprint(id=sensor.camera.rgb,tags=[sensor, camera, rgb]) blueprint from: [ActorBlueprint(id=sensor.camera.rgb,tags=[sensor, camera, rgb])]
[2024-01-14 14:43:40,484][__main__][INFO] - Config: {'blueprint': {'name': 'sensor.camera.rgb', 'attr': {'image_size_x': '1280', 'image_size_y': '640'}, 'speed': 1}, 'transform': {'location': {'x': 25.0, 'y': 141.6, 'z': 2.6}, 'rotation': {'yaw': 0.0}}, 'destination_transform': {'location': {'x': 35.0, 'y': 141.6, 'z': 2.6}}, 'sensor_motion': {'jitter_magnitude': {'x': 0.01, 'y': 0.001, 'z': 0.01}}}
[2024-01-14 14:43:40,494][__main__][INFO] - Spawned actor: sensor.camera.rgb with id: 41
[2024-01-14 14:43:40,495][__main__][INFO] - Retrieved sensor motion dict after spawning all actors{41: {'jitter_bound_min': <carla.libcarla.Location object at 0x000001F23A8BE4A0>, 'jitter_bound_max': <carla.libcarla.Location object at 0x000001F23A8BEAE0>, 'jitter_magnitude': {'x': 0.01, 'y': 0.001, 'z': 0.01}, 'linear_motion_step': <carla.libcarla.Location object at 0x000001F23A8BE720>, 'linear_motion_time': 10.0, 'destination': <carla.libcarla.Location object at 0x000001F23A8BEB30>}}
[2024-01-14 14:43:40,516][__main__][INFO] - Init sensors: (<carla.libcarla.ServerSideSensor object at 0x000001F23A8AB660>,), kwargs: 30
[2024-01-14 14:43:41,560][__main__][INFO] - Making queue for sensor: Actor(id=41, type=sensor.camera.rgb)
[2024-01-14 14:43:41,560][root][INFO] - Begin sync_mode.tick
[2024-01-14 14:43:41,598][__main__][INFO] - Snapshot: WorldSnapshot(frame=1754) and length of sensor_data: 1
[2024-01-14 14:43:41,754][__main__][INFO] - Stepping sensor with Sensor ID: 41
[2024-01-14 14:43:41,768][root][INFO] - Begin sync_mode.tick
[2024-01-14 14:43:41,798][__main__][INFO] - Snapshot: WorldSnapshot(frame=1755) and length of sensor_data: 1
[2024-01-14 14:43:41,954][__main__][INFO] - Stepping sensor with Sensor ID: 41
[2024-01-14 14:43:41,968][root][INFO] - Begin sync_mode.tick
[2024-01-14 14:43:41,998][__main__][INFO] - Snapshot: WorldSnapshot(frame=1756) and length of sensor_data: 1
[2024-01-14 14:43:42,154][__main__][INFO] - Stepping sensor with Sensor ID: 41
[2024-01-14 14:43:42,169][root][INFO] - Begin sync_mode.tick
[2024-01-14 14:43:42,216][__main__][INFO] - Snapshot: WorldSnapshot(frame=1757) and length of sensor_data: 1
[2024-01-14 14:43:42,373][__main__][INFO] - Stepping sensor with Sensor ID: 41
[2024-01-14 14:43:42,387][root][INFO] - Begin sync_mode.tick
[2024-01-14 14:43:42,410][__main__][INFO] - Snapshot: WorldSnapshot(frame=1758) and length of sensor_data: 1
[2024-01-14 14:43:42,568][__main__][INFO] - Stepping sensor with Sensor ID: 41
[2024-01-14 14:43:42,582][root][INFO] - Begin sync_mode.tick
[2024-01-14 14:43:42,607][__main__][INFO] - Snapshot: WorldSnapshot(frame=1759) and length of sensor_data: 1
[2024-01-14 14:43:42,770][__main__][INFO] - Stepping sensor with Sensor ID: 41
[2024-01-14 14:43:42,784][root][INFO] - Begin sync_mode.tick
[2024-01-14 14:43:42,827][__main__][INFO] - Snapshot: WorldSnapshot(frame=1760) and length of sensor_data: 1
[2024-01-14 14:43:42,983][__main__][INFO] - Stepping sensor with Sensor ID: 41
[2024-01-14 14:43:42,997][root][INFO] - Begin sync_mode.tick
[2024-01-14 14:43:43,020][__main__][INFO] - Snapshot: WorldSnapshot(frame=1761) and length of sensor_data: 1
[2024-01-14 14:43:43,177][__main__][INFO] - Stepping sensor with Sensor ID: 41
[2024-01-14 14:43:43,192][root][INFO] - Begin sync_mode.tick
[2024-01-14 14:43:43,215][__main__][INFO] - Snapshot: WorldSnapshot(frame=1762) and length of sensor_data: 1
[2024-01-14 14:43:43,370][__main__][INFO] - Stepping sensor with Sensor ID: 41
[2024-01-14 14:43:43,384][root][INFO] - Begin sync_mode.tick
[2024-01-14 14:43:43,404][__main__][INFO] - Snapshot: WorldSnapshot(frame=1763) and length of sensor_data: 1
[2024-01-14 14:43:43,559][__main__][INFO] - Stepping sensor with Sensor ID: 41
[2024-01-14 14:43:43,573][root][INFO] - Begin sync_mode.tick
[2024-01-14 14:43:43,573][__main__][INFO] - Max frames, 10, reached. Exiting...
[2024-01-14 14:43:50,742][__main__][INFO] - Destroying actors
