[2024-02-11 02:03:59,821][__main__][INFO] - listening to server localhost:2000
[2024-02-11 02:03:59,826][__main__][INFO] - carla:
  host: localhost
  port: 2000
  timeout: 30
  sync:
    fps: 10
    timeout: 30
  seed: 30
  townmap: Town10HD_Opt
  traffic_manager_port: 8000
  retry: 10
  texture: D:\NewPatchGen\Assets\New.png
  sign_name: BP_ADVSTOP2
output_dir: _out2
max_frames: 10
weather:
  cloudiness: 0.0
  precipitation: 0.0
  precipitation_deposits: 0.0
  wind_intensity: 0.0
  sun_azimuth_angle: 0.0
  sun_altitude_angle: 30.0
  fog_density: 0.0
  fog_distance: 0.0
  wetness: 0.0
spawn_actors:
- blueprint:
    name: sensor.camera.rgb
    attr:
      image_size_x: '1280'
      image_size_y: '640'
    speed: 1
  transform:
    location:
      x: 114.4
      'y': 7.6
      z: 2.6
    rotation:
      yaw: 270.0
  destination_transform:
    location:
      x: 114.4
      'y': -3.6
      z: 2.6
  sensor_motion:
    jitter_magnitude:
      x: 0.01
      'y': 0.001
      z: 0.01

[2024-02-11 02:03:59,832][__main__][INFO] - CARLA server version: 0.9.15-dirty
[2024-02-11 02:03:59,832][__main__][INFO] - CARLA client version: 0.9.15-dirty
[2024-02-11 02:04:05,760][__main__][INFO] - Time between ticks: 0.03333333507180214 and Delta seconds: 0.03333333333333333
[2024-02-11 02:04:05,760][__main__][INFO] - Setting weather.
[2024-02-11 02:04:05,763][__main__][INFO] - Selected ActorBlueprint(id=sensor.camera.rgb,tags=[sensor, camera, rgb]) blueprint from: [ActorBlueprint(id=sensor.camera.rgb,tags=[sensor, camera, rgb])]
[2024-02-11 02:04:05,764][__main__][INFO] - Config: {'blueprint': {'name': 'sensor.camera.rgb', 'attr': {'image_size_x': '1280', 'image_size_y': '640'}, 'speed': 1}, 'transform': {'location': {'x': 114.4, 'y': 7.6, 'z': 2.6}, 'rotation': {'yaw': 270.0}}, 'destination_transform': {'location': {'x': 114.4, 'y': -3.6, 'z': 2.6}}, 'sensor_motion': {'jitter_magnitude': {'x': 0.01, 'y': 0.001, 'z': 0.01}}}
[2024-02-11 02:04:05,773][__main__][INFO] - Spawned actor: sensor.camera.rgb with id: 25
[2024-02-11 02:04:05,775][__main__][INFO] - Retrieved sensor motion dict after spawning all actors{25: {'jitter_bound_min': <carla.libcarla.Location object at 0x0000024DA5E5C8B0>, 'jitter_bound_max': <carla.libcarla.Location object at 0x0000024DA5E5CEF0>, 'jitter_magnitude': {'x': 0.01, 'y': 0.001, 'z': 0.01}, 'linear_motion_step': <carla.libcarla.Location object at 0x0000024DA5E5CB30>, 'linear_motion_time': 12.0, 'destination': <carla.libcarla.Location object at 0x0000024DA5E5CF40>}}
[2024-02-11 02:04:05,796][__main__][INFO] - Init sensors: (<carla.libcarla.ServerSideSensor object at 0x0000024DA5E4C740>,), kwargs: 30
[2024-02-11 02:04:06,866][__main__][INFO] - Making queue for sensor: Actor(id=25, type=sensor.camera.rgb)
[2024-02-11 02:04:06,867][root][INFO] - Begin sync_mode.tick
[2024-02-11 02:04:06,877][__main__][INFO] - Snapshot: WorldSnapshot(frame=40423) and length of sensor_data: 1
[2024-02-11 02:04:07,031][__main__][INFO] - Stepping sensor with Sensor ID: 25
[2024-02-11 02:04:07,045][root][INFO] - Begin sync_mode.tick
[2024-02-11 02:04:07,056][__main__][INFO] - Snapshot: WorldSnapshot(frame=40424) and length of sensor_data: 1
[2024-02-11 02:04:07,210][__main__][INFO] - Stepping sensor with Sensor ID: 25
[2024-02-11 02:04:07,224][root][INFO] - Begin sync_mode.tick
[2024-02-11 02:04:07,234][__main__][INFO] - Snapshot: WorldSnapshot(frame=40425) and length of sensor_data: 1
[2024-02-11 02:04:07,389][__main__][INFO] - Stepping sensor with Sensor ID: 25
[2024-02-11 02:04:07,403][root][INFO] - Begin sync_mode.tick
[2024-02-11 02:04:07,411][__main__][INFO] - Snapshot: WorldSnapshot(frame=40426) and length of sensor_data: 1
[2024-02-11 02:04:07,565][__main__][INFO] - Stepping sensor with Sensor ID: 25
[2024-02-11 02:04:07,578][root][INFO] - Begin sync_mode.tick
[2024-02-11 02:04:07,590][__main__][INFO] - Snapshot: WorldSnapshot(frame=40427) and length of sensor_data: 1
[2024-02-11 02:04:07,743][__main__][INFO] - Stepping sensor with Sensor ID: 25
[2024-02-11 02:04:07,757][root][INFO] - Begin sync_mode.tick
[2024-02-11 02:04:07,766][__main__][INFO] - Snapshot: WorldSnapshot(frame=40428) and length of sensor_data: 1
[2024-02-11 02:04:07,920][__main__][INFO] - Stepping sensor with Sensor ID: 25
[2024-02-11 02:04:07,933][root][INFO] - Begin sync_mode.tick
[2024-02-11 02:04:07,943][__main__][INFO] - Snapshot: WorldSnapshot(frame=40429) and length of sensor_data: 1
[2024-02-11 02:04:08,097][__main__][INFO] - Stepping sensor with Sensor ID: 25
[2024-02-11 02:04:08,111][root][INFO] - Begin sync_mode.tick
[2024-02-11 02:04:08,120][__main__][INFO] - Snapshot: WorldSnapshot(frame=40430) and length of sensor_data: 1
[2024-02-11 02:04:08,274][__main__][INFO] - Stepping sensor with Sensor ID: 25
[2024-02-11 02:04:08,288][root][INFO] - Begin sync_mode.tick
[2024-02-11 02:04:08,298][__main__][INFO] - Snapshot: WorldSnapshot(frame=40431) and length of sensor_data: 1
[2024-02-11 02:04:08,451][__main__][INFO] - Stepping sensor with Sensor ID: 25
[2024-02-11 02:04:08,466][root][INFO] - Begin sync_mode.tick
[2024-02-11 02:04:08,475][__main__][INFO] - Snapshot: WorldSnapshot(frame=40432) and length of sensor_data: 1
[2024-02-11 02:04:08,630][__main__][INFO] - Stepping sensor with Sensor ID: 25
[2024-02-11 02:04:08,644][root][INFO] - Begin sync_mode.tick
[2024-02-11 02:04:08,644][__main__][INFO] - Max frames, 10, reached. Exiting...
[2024-02-11 02:04:16,734][__main__][INFO] - Destroying actors
