[2024-01-14 14:52:31,037][__main__][INFO] - listening to server localhost:2000
[2024-01-14 14:52:31,043][__main__][INFO] - carla:
  host: localhost
  port: 2000
  timeout: 30
  sync:
    fps: 10
    timeout: 30
  seed: 30
  townmap: Town10HD_Opt
  traffic_manager_port: 8000
  retry: 10
  texture: D:\NewPatchGen\outputs\2024-01-14\13-40-03\Patch\texture.png
output_dir: _out2
max_frames: 10
weather:
  cloudiness: 0.0
  precipitation: 0.0
  precipitation_deposits: 0.0
  wind_intensity: 0.0
  sun_azimuth_angle: 0.0
  sun_altitude_angle: 30.0
  fog_density: 0.0
  fog_distance: 0.0
  wetness: 0.0
spawn_actors:
- blueprint:
    name: sensor.camera.rgb
    attr:
      image_size_x: '1280'
      image_size_y: '640'
    speed: 1
  transform:
    location:
      x: 25.0
      'y': 141.6
      z: 2.6
    rotation:
      yaw: 0.0
  destination_transform:
    location:
      x: 35.0
      'y': 141.6
      z: 2.6
  sensor_motion:
    jitter_magnitude:
      x: 0.01
      'y': 0.001
      z: 0.01

[2024-01-14 14:52:33,099][__main__][INFO] - CARLA server version: 0.9.15-dirty
[2024-01-14 14:52:33,099][__main__][INFO] - CARLA client version: 0.9.15-dirty
[2024-01-14 14:52:39,887][__main__][INFO] - Time between ticks: 0.03333333507180214 and Delta seconds: 0.03333333333333333
[2024-01-14 14:52:39,888][__main__][INFO] - Setting weather.
[2024-01-14 14:52:39,890][__main__][INFO] - Selected ActorBlueprint(id=sensor.camera.rgb,tags=[sensor, camera, rgb]) blueprint from: [ActorBlueprint(id=sensor.camera.rgb,tags=[sensor, camera, rgb])]
[2024-01-14 14:52:39,892][__main__][INFO] - Config: {'blueprint': {'name': 'sensor.camera.rgb', 'attr': {'image_size_x': '1280', 'image_size_y': '640'}, 'speed': 1}, 'transform': {'location': {'x': 25.0, 'y': 141.6, 'z': 2.6}, 'rotation': {'yaw': 0.0}}, 'destination_transform': {'location': {'x': 35.0, 'y': 141.6, 'z': 2.6}}, 'sensor_motion': {'jitter_magnitude': {'x': 0.01, 'y': 0.001, 'z': 0.01}}}
[2024-01-14 14:52:39,903][__main__][INFO] - Spawned actor: sensor.camera.rgb with id: 51
[2024-01-14 14:52:39,904][__main__][INFO] - Retrieved sensor motion dict after spawning all actors{51: {'jitter_bound_min': <carla.libcarla.Location object at 0x0000015F82DCE4F0>, 'jitter_bound_max': <carla.libcarla.Location object at 0x0000015F82DCEB30>, 'jitter_magnitude': {'x': 0.01, 'y': 0.001, 'z': 0.01}, 'linear_motion_step': <carla.libcarla.Location object at 0x0000015F82DCE770>, 'linear_motion_time': 10.0, 'destination': <carla.libcarla.Location object at 0x0000015F82DCEB80>}}
[2024-01-14 14:52:39,924][__main__][INFO] - Init sensors: (<carla.libcarla.ServerSideSensor object at 0x0000015F82DB9660>,), kwargs: 30
[2024-01-14 14:52:41,039][__main__][INFO] - Making queue for sensor: Actor(id=51, type=sensor.camera.rgb)
[2024-01-14 14:52:41,039][root][INFO] - Begin sync_mode.tick
[2024-01-14 14:52:41,053][__main__][INFO] - Snapshot: WorldSnapshot(frame=3112) and length of sensor_data: 1
[2024-01-14 14:52:41,205][__main__][INFO] - Stepping sensor with Sensor ID: 51
[2024-01-14 14:52:41,221][root][INFO] - Begin sync_mode.tick
[2024-01-14 14:52:41,230][__main__][INFO] - Snapshot: WorldSnapshot(frame=3113) and length of sensor_data: 1
[2024-01-14 14:52:41,382][__main__][INFO] - Stepping sensor with Sensor ID: 51
[2024-01-14 14:52:41,396][root][INFO] - Begin sync_mode.tick
[2024-01-14 14:52:41,406][__main__][INFO] - Snapshot: WorldSnapshot(frame=3114) and length of sensor_data: 1
[2024-01-14 14:52:41,558][__main__][INFO] - Stepping sensor with Sensor ID: 51
[2024-01-14 14:52:41,573][root][INFO] - Begin sync_mode.tick
[2024-01-14 14:52:41,583][__main__][INFO] - Snapshot: WorldSnapshot(frame=3115) and length of sensor_data: 1
[2024-01-14 14:52:41,735][__main__][INFO] - Stepping sensor with Sensor ID: 51
[2024-01-14 14:52:41,750][root][INFO] - Begin sync_mode.tick
[2024-01-14 14:52:41,759][__main__][INFO] - Snapshot: WorldSnapshot(frame=3116) and length of sensor_data: 1
[2024-01-14 14:52:41,913][__main__][INFO] - Stepping sensor with Sensor ID: 51
[2024-01-14 14:52:41,927][root][INFO] - Begin sync_mode.tick
[2024-01-14 14:52:41,939][__main__][INFO] - Snapshot: WorldSnapshot(frame=3117) and length of sensor_data: 1
[2024-01-14 14:52:42,094][__main__][INFO] - Stepping sensor with Sensor ID: 51
[2024-01-14 14:52:42,108][root][INFO] - Begin sync_mode.tick
[2024-01-14 14:52:42,120][__main__][INFO] - Snapshot: WorldSnapshot(frame=3118) and length of sensor_data: 1
[2024-01-14 14:52:42,273][__main__][INFO] - Stepping sensor with Sensor ID: 51
[2024-01-14 14:52:42,288][root][INFO] - Begin sync_mode.tick
[2024-01-14 14:52:42,300][__main__][INFO] - Snapshot: WorldSnapshot(frame=3119) and length of sensor_data: 1
[2024-01-14 14:52:42,454][__main__][INFO] - Stepping sensor with Sensor ID: 51
[2024-01-14 14:52:42,468][root][INFO] - Begin sync_mode.tick
[2024-01-14 14:52:42,481][__main__][INFO] - Snapshot: WorldSnapshot(frame=3120) and length of sensor_data: 1
[2024-01-14 14:52:42,636][__main__][INFO] - Stepping sensor with Sensor ID: 51
[2024-01-14 14:52:42,650][root][INFO] - Begin sync_mode.tick
[2024-01-14 14:52:42,662][__main__][INFO] - Snapshot: WorldSnapshot(frame=3121) and length of sensor_data: 1
[2024-01-14 14:52:42,816][__main__][INFO] - Stepping sensor with Sensor ID: 51
[2024-01-14 14:52:42,831][root][INFO] - Begin sync_mode.tick
[2024-01-14 14:52:42,831][__main__][INFO] - Max frames, 10, reached. Exiting...
[2024-01-14 14:52:50,401][__main__][INFO] - Destroying actors
