[2024-01-14 14:54:33,165][__main__][INFO] - listening to server localhost:2000
[2024-01-14 14:54:33,171][__main__][INFO] - carla:
  host: localhost
  port: 2000
  timeout: 30
  sync:
    fps: 10
    timeout: 30
  seed: 30
  townmap: Town10HD_Opt
  traffic_manager_port: 8000
  retry: 10
  texture: D:\NewPatchGen\outputs\2024-01-14\13-46-08\Patch\texture.png
output_dir: _out2
max_frames: 10
weather:
  cloudiness: 0.0
  precipitation: 0.0
  precipitation_deposits: 0.0
  wind_intensity: 0.0
  sun_azimuth_angle: 0.0
  sun_altitude_angle: 30.0
  fog_density: 0.0
  fog_distance: 0.0
  wetness: 0.0
spawn_actors:
- blueprint:
    name: sensor.camera.rgb
    attr:
      image_size_x: '1280'
      image_size_y: '640'
    speed: 1
  transform:
    location:
      x: 25.0
      'y': 141.6
      z: 2.6
    rotation:
      yaw: 0.0
  destination_transform:
    location:
      x: 35.0
      'y': 141.6
      z: 2.6
  sensor_motion:
    jitter_magnitude:
      x: 0.01
      'y': 0.001
      z: 0.01

[2024-01-14 14:54:35,219][__main__][INFO] - CARLA server version: 0.9.15-dirty
[2024-01-14 14:54:35,219][__main__][INFO] - CARLA client version: 0.9.15-dirty
[2024-01-14 14:54:41,765][__main__][INFO] - Time between ticks: 0.03333333507180214 and Delta seconds: 0.03333333333333333
[2024-01-14 14:54:41,766][__main__][INFO] - Setting weather.
[2024-01-14 14:54:41,768][__main__][INFO] - Selected ActorBlueprint(id=sensor.camera.rgb,tags=[sensor, camera, rgb]) blueprint from: [ActorBlueprint(id=sensor.camera.rgb,tags=[sensor, camera, rgb])]
[2024-01-14 14:54:41,770][__main__][INFO] - Config: {'blueprint': {'name': 'sensor.camera.rgb', 'attr': {'image_size_x': '1280', 'image_size_y': '640'}, 'speed': 1}, 'transform': {'location': {'x': 25.0, 'y': 141.6, 'z': 2.6}, 'rotation': {'yaw': 0.0}}, 'destination_transform': {'location': {'x': 35.0, 'y': 141.6, 'z': 2.6}}, 'sensor_motion': {'jitter_magnitude': {'x': 0.01, 'y': 0.001, 'z': 0.01}}}
[2024-01-14 14:54:41,781][__main__][INFO] - Spawned actor: sensor.camera.rgb with id: 55
[2024-01-14 14:54:41,782][__main__][INFO] - Retrieved sensor motion dict after spawning all actors{55: {'jitter_bound_min': <carla.libcarla.Location object at 0x0000028C0AD9E450>, 'jitter_bound_max': <carla.libcarla.Location object at 0x0000028C0AD9EA90>, 'jitter_magnitude': {'x': 0.01, 'y': 0.001, 'z': 0.01}, 'linear_motion_step': <carla.libcarla.Location object at 0x0000028C0AD9E6D0>, 'linear_motion_time': 10.0, 'destination': <carla.libcarla.Location object at 0x0000028C0AD9EAE0>}}
[2024-01-14 14:54:41,797][__main__][INFO] - Init sensors: (<carla.libcarla.ServerSideSensor object at 0x0000028C0AD8A660>,), kwargs: 30
[2024-01-14 14:54:42,845][__main__][INFO] - Making queue for sensor: Actor(id=55, type=sensor.camera.rgb)
[2024-01-14 14:54:42,845][root][INFO] - Begin sync_mode.tick
[2024-01-14 14:54:42,864][__main__][INFO] - Snapshot: WorldSnapshot(frame=3374) and length of sensor_data: 1
[2024-01-14 14:54:43,017][__main__][INFO] - Stepping sensor with Sensor ID: 55
[2024-01-14 14:54:43,031][root][INFO] - Begin sync_mode.tick
[2024-01-14 14:54:43,051][__main__][INFO] - Snapshot: WorldSnapshot(frame=3375) and length of sensor_data: 1
[2024-01-14 14:54:43,202][__main__][INFO] - Stepping sensor with Sensor ID: 55
[2024-01-14 14:54:43,216][root][INFO] - Begin sync_mode.tick
[2024-01-14 14:54:43,239][__main__][INFO] - Snapshot: WorldSnapshot(frame=3376) and length of sensor_data: 1
[2024-01-14 14:54:43,390][__main__][INFO] - Stepping sensor with Sensor ID: 55
[2024-01-14 14:54:43,403][root][INFO] - Begin sync_mode.tick
[2024-01-14 14:54:43,450][__main__][INFO] - Snapshot: WorldSnapshot(frame=3377) and length of sensor_data: 1
[2024-01-14 14:54:43,603][__main__][INFO] - Stepping sensor with Sensor ID: 55
[2024-01-14 14:54:43,617][root][INFO] - Begin sync_mode.tick
[2024-01-14 14:54:43,661][__main__][INFO] - Snapshot: WorldSnapshot(frame=3378) and length of sensor_data: 1
[2024-01-14 14:54:43,813][__main__][INFO] - Stepping sensor with Sensor ID: 55
[2024-01-14 14:54:43,827][root][INFO] - Begin sync_mode.tick
[2024-01-14 14:54:43,868][__main__][INFO] - Snapshot: WorldSnapshot(frame=3379) and length of sensor_data: 1
[2024-01-14 14:54:44,022][__main__][INFO] - Stepping sensor with Sensor ID: 55
[2024-01-14 14:54:44,036][root][INFO] - Begin sync_mode.tick
[2024-01-14 14:54:44,083][__main__][INFO] - Snapshot: WorldSnapshot(frame=3380) and length of sensor_data: 1
[2024-01-14 14:54:44,236][__main__][INFO] - Stepping sensor with Sensor ID: 55
[2024-01-14 14:54:44,250][root][INFO] - Begin sync_mode.tick
[2024-01-14 14:54:44,291][__main__][INFO] - Snapshot: WorldSnapshot(frame=3381) and length of sensor_data: 1
[2024-01-14 14:54:44,444][__main__][INFO] - Stepping sensor with Sensor ID: 55
[2024-01-14 14:54:44,460][root][INFO] - Begin sync_mode.tick
[2024-01-14 14:54:44,480][__main__][INFO] - Snapshot: WorldSnapshot(frame=3382) and length of sensor_data: 1
[2024-01-14 14:54:44,634][__main__][INFO] - Stepping sensor with Sensor ID: 55
[2024-01-14 14:54:44,648][root][INFO] - Begin sync_mode.tick
[2024-01-14 14:54:44,667][__main__][INFO] - Snapshot: WorldSnapshot(frame=3383) and length of sensor_data: 1
[2024-01-14 14:54:44,821][__main__][INFO] - Stepping sensor with Sensor ID: 55
[2024-01-14 14:54:44,835][root][INFO] - Begin sync_mode.tick
[2024-01-14 14:54:44,835][__main__][INFO] - Max frames, 10, reached. Exiting...
[2024-01-14 14:54:52,358][__main__][INFO] - Destroying actors
