[2024-02-11 02:34:14,529][__main__][INFO] - listening to server localhost:2000
[2024-02-11 02:34:14,534][__main__][INFO] - carla:
  host: localhost
  port: 2000
  timeout: 30
  sync:
    fps: 10
    timeout: 30
  seed: 30
  townmap: Town10HD_Opt
  traffic_manager_port: 8000
  retry: 10
  texture: D:\NewPatchGen\outputs\2024-01-14\13-33-45\Patch\texture.png
  sign_name: BP_ADVSTOP2
output_dir: _out2
max_frames: 10
weather:
  cloudiness: 0.0
  precipitation: 0.0
  precipitation_deposits: 0.0
  wind_intensity: 0.0
  sun_azimuth_angle: 0.0
  sun_altitude_angle: 30.0
  fog_density: 0.0
  fog_distance: 0.0
  wetness: 0.0
spawn_actors:
- blueprint:
    name: sensor.camera.rgb
    attr:
      image_size_x: '1280'
      image_size_y: '640'
    speed: 1
  transform:
    location:
      x: 110.4
      'y': 7.6
      z: 2.6
    rotation:
      yaw: 270.0
  destination_transform:
    location:
      x: 110.4
      'y': -3.6
      z: 2.6
  sensor_motion:
    jitter_magnitude:
      x: 0.01
      'y': 0.001
      z: 0.01

[2024-02-11 02:34:14,539][__main__][INFO] - CARLA server version: 0.9.15-dirty
[2024-02-11 02:34:14,539][__main__][INFO] - CARLA client version: 0.9.15-dirty
[2024-02-11 02:34:20,679][__main__][INFO] - Time between ticks: 0.03333333507180214 and Delta seconds: 0.03333333333333333
[2024-02-11 02:34:20,680][__main__][INFO] - Setting weather.
[2024-02-11 02:34:20,683][__main__][INFO] - Selected ActorBlueprint(id=sensor.camera.rgb,tags=[sensor, camera, rgb]) blueprint from: [ActorBlueprint(id=sensor.camera.rgb,tags=[sensor, camera, rgb])]
[2024-02-11 02:34:20,684][__main__][INFO] - Config: {'blueprint': {'name': 'sensor.camera.rgb', 'attr': {'image_size_x': '1280', 'image_size_y': '640'}, 'speed': 1}, 'transform': {'location': {'x': 110.4, 'y': 7.6, 'z': 2.6}, 'rotation': {'yaw': 270.0}}, 'destination_transform': {'location': {'x': 110.4, 'y': -3.6, 'z': 2.6}}, 'sensor_motion': {'jitter_magnitude': {'x': 0.01, 'y': 0.001, 'z': 0.01}}}
[2024-02-11 02:34:20,695][__main__][INFO] - Spawned actor: sensor.camera.rgb with id: 93
[2024-02-11 02:34:20,696][__main__][INFO] - Retrieved sensor motion dict after spawning all actors{93: {'jitter_bound_min': <carla.libcarla.Location object at 0x0000015D36F2B860>, 'jitter_bound_max': <carla.libcarla.Location object at 0x0000015D36F2BEA0>, 'jitter_magnitude': {'x': 0.01, 'y': 0.001, 'z': 0.01}, 'linear_motion_step': <carla.libcarla.Location object at 0x0000015D36F2BAE0>, 'linear_motion_time': 12.0, 'destination': <carla.libcarla.Location object at 0x0000015D36F2BEF0>}}
[2024-02-11 02:34:20,720][__main__][INFO] - Init sensors: (<carla.libcarla.ServerSideSensor object at 0x0000015D36F17890>,), kwargs: 30
[2024-02-11 02:34:21,837][__main__][INFO] - Making queue for sensor: Actor(id=93, type=sensor.camera.rgb)
[2024-02-11 02:34:21,837][root][INFO] - Begin sync_mode.tick
[2024-02-11 02:34:21,854][__main__][INFO] - Snapshot: WorldSnapshot(frame=53607) and length of sensor_data: 1
[2024-02-11 02:34:22,008][__main__][INFO] - Stepping sensor with Sensor ID: 93
[2024-02-11 02:34:22,023][root][INFO] - Begin sync_mode.tick
[2024-02-11 02:34:22,035][__main__][INFO] - Snapshot: WorldSnapshot(frame=53608) and length of sensor_data: 1
[2024-02-11 02:34:22,188][__main__][INFO] - Stepping sensor with Sensor ID: 93
[2024-02-11 02:34:22,203][root][INFO] - Begin sync_mode.tick
[2024-02-11 02:34:22,211][__main__][INFO] - Snapshot: WorldSnapshot(frame=53609) and length of sensor_data: 1
[2024-02-11 02:34:22,363][__main__][INFO] - Stepping sensor with Sensor ID: 93
[2024-02-11 02:34:22,377][root][INFO] - Begin sync_mode.tick
[2024-02-11 02:34:22,389][__main__][INFO] - Snapshot: WorldSnapshot(frame=53610) and length of sensor_data: 1
[2024-02-11 02:34:22,541][__main__][INFO] - Stepping sensor with Sensor ID: 93
[2024-02-11 02:34:22,555][root][INFO] - Begin sync_mode.tick
[2024-02-11 02:34:22,565][__main__][INFO] - Snapshot: WorldSnapshot(frame=53611) and length of sensor_data: 1
[2024-02-11 02:34:22,718][__main__][INFO] - Stepping sensor with Sensor ID: 93
[2024-02-11 02:34:22,732][root][INFO] - Begin sync_mode.tick
[2024-02-11 02:34:22,743][__main__][INFO] - Snapshot: WorldSnapshot(frame=53612) and length of sensor_data: 1
[2024-02-11 02:34:22,896][__main__][INFO] - Stepping sensor with Sensor ID: 93
[2024-02-11 02:34:22,910][root][INFO] - Begin sync_mode.tick
[2024-02-11 02:34:22,920][__main__][INFO] - Snapshot: WorldSnapshot(frame=53613) and length of sensor_data: 1
[2024-02-11 02:34:23,073][__main__][INFO] - Stepping sensor with Sensor ID: 93
[2024-02-11 02:34:23,086][root][INFO] - Begin sync_mode.tick
[2024-02-11 02:34:23,098][__main__][INFO] - Snapshot: WorldSnapshot(frame=53614) and length of sensor_data: 1
[2024-02-11 02:34:23,251][__main__][INFO] - Stepping sensor with Sensor ID: 93
[2024-02-11 02:34:23,265][root][INFO] - Begin sync_mode.tick
[2024-02-11 02:34:23,277][__main__][INFO] - Snapshot: WorldSnapshot(frame=53615) and length of sensor_data: 1
[2024-02-11 02:34:23,429][__main__][INFO] - Stepping sensor with Sensor ID: 93
[2024-02-11 02:34:23,444][root][INFO] - Begin sync_mode.tick
[2024-02-11 02:34:23,456][__main__][INFO] - Snapshot: WorldSnapshot(frame=53616) and length of sensor_data: 1
[2024-02-11 02:34:23,609][__main__][INFO] - Stepping sensor with Sensor ID: 93
[2024-02-11 02:34:23,624][root][INFO] - Begin sync_mode.tick
[2024-02-11 02:34:23,624][__main__][INFO] - Max frames, 10, reached. Exiting...
[2024-02-11 02:34:31,468][__main__][INFO] - Destroying actors
