[2024-01-14 14:42:14,173][__main__][INFO] - listening to server localhost:2000
[2024-01-14 14:42:14,178][__main__][INFO] - carla:
  host: localhost
  port: 2000
  timeout: 30
  sync:
    fps: 10
    timeout: 30
  seed: 30
  townmap: Town10HD_Opt
  traffic_manager_port: 8000
  retry: 10
  texture: D:\NewPatchGen\outputs\2024-01-14\13-37-21\Patch\texture.png
output_dir: _out2
max_frames: 10
weather:
  cloudiness: 30.0
  precipitation: 60.0
  precipitation_deposits: 20.0
  wind_intensity: 0.0
  sun_azimuth_angle: 0.0
  sun_altitude_angle: 30.0
  fog_density: 30.0
  fog_distance: 0.0
  wetness: 60.0
spawn_actors:
- blueprint:
    name: sensor.camera.rgb
    attr:
      image_size_x: '1280'
      image_size_y: '640'
    speed: 1
  transform:
    location:
      x: 25.0
      'y': 141.6
      z: 2.6
    rotation:
      yaw: 0.0
  destination_transform:
    location:
      x: 35.0
      'y': 141.6
      z: 2.6
  sensor_motion:
    jitter_magnitude:
      x: 0.01
      'y': 0.001
      z: 0.01

[2024-01-14 14:42:16,229][__main__][INFO] - CARLA server version: 0.9.15-dirty
[2024-01-14 14:42:16,229][__main__][INFO] - CARLA client version: 0.9.15-dirty
[2024-01-14 14:42:22,887][__main__][INFO] - Time between ticks: 0.03333333507180214 and Delta seconds: 0.03333333333333333
[2024-01-14 14:42:22,888][__main__][INFO] - Setting weather.
[2024-01-14 14:42:22,890][__main__][INFO] - Selected ActorBlueprint(id=sensor.camera.rgb,tags=[sensor, camera, rgb]) blueprint from: [ActorBlueprint(id=sensor.camera.rgb,tags=[sensor, camera, rgb])]
[2024-01-14 14:42:22,892][__main__][INFO] - Config: {'blueprint': {'name': 'sensor.camera.rgb', 'attr': {'image_size_x': '1280', 'image_size_y': '640'}, 'speed': 1}, 'transform': {'location': {'x': 25.0, 'y': 141.6, 'z': 2.6}, 'rotation': {'yaw': 0.0}}, 'destination_transform': {'location': {'x': 35.0, 'y': 141.6, 'z': 2.6}}, 'sensor_motion': {'jitter_magnitude': {'x': 0.01, 'y': 0.001, 'z': 0.01}}}
[2024-01-14 14:42:22,904][__main__][INFO] - Spawned actor: sensor.camera.rgb with id: 38
[2024-01-14 14:42:22,904][__main__][INFO] - Retrieved sensor motion dict after spawning all actors{38: {'jitter_bound_min': <carla.libcarla.Location object at 0x000001B90DA3E950>, 'jitter_bound_max': <carla.libcarla.Location object at 0x000001B90DA3E9F0>, 'jitter_magnitude': {'x': 0.01, 'y': 0.001, 'z': 0.01}, 'linear_motion_step': <carla.libcarla.Location object at 0x000001B90DA3EA90>, 'linear_motion_time': 10.0, 'destination': <carla.libcarla.Location object at 0x000001B90DA3EA40>}}
[2024-01-14 14:42:22,924][__main__][INFO] - Init sensors: (<carla.libcarla.ServerSideSensor object at 0x000001B90DA2A660>,), kwargs: 30
[2024-01-14 14:42:24,005][__main__][INFO] - Making queue for sensor: Actor(id=38, type=sensor.camera.rgb)
[2024-01-14 14:42:24,005][root][INFO] - Begin sync_mode.tick
[2024-01-14 14:42:24,113][__main__][INFO] - Snapshot: WorldSnapshot(frame=1596) and length of sensor_data: 1
[2024-01-14 14:42:24,272][__main__][INFO] - Stepping sensor with Sensor ID: 38
[2024-01-14 14:42:24,287][root][INFO] - Begin sync_mode.tick
[2024-01-14 14:42:24,366][__main__][INFO] - Snapshot: WorldSnapshot(frame=1597) and length of sensor_data: 1
[2024-01-14 14:42:24,521][__main__][INFO] - Stepping sensor with Sensor ID: 38
[2024-01-14 14:42:24,535][root][INFO] - Begin sync_mode.tick
[2024-01-14 14:42:24,554][__main__][INFO] - Snapshot: WorldSnapshot(frame=1598) and length of sensor_data: 1
[2024-01-14 14:42:24,711][__main__][INFO] - Stepping sensor with Sensor ID: 38
[2024-01-14 14:42:24,724][root][INFO] - Begin sync_mode.tick
[2024-01-14 14:42:24,748][__main__][INFO] - Snapshot: WorldSnapshot(frame=1599) and length of sensor_data: 1
[2024-01-14 14:42:24,903][__main__][INFO] - Stepping sensor with Sensor ID: 38
[2024-01-14 14:42:24,918][root][INFO] - Begin sync_mode.tick
[2024-01-14 14:42:24,937][__main__][INFO] - Snapshot: WorldSnapshot(frame=1600) and length of sensor_data: 1
[2024-01-14 14:42:25,094][__main__][INFO] - Stepping sensor with Sensor ID: 38
[2024-01-14 14:42:25,109][root][INFO] - Begin sync_mode.tick
[2024-01-14 14:42:25,142][__main__][INFO] - Snapshot: WorldSnapshot(frame=1601) and length of sensor_data: 1
[2024-01-14 14:42:25,297][__main__][INFO] - Stepping sensor with Sensor ID: 38
[2024-01-14 14:42:25,311][root][INFO] - Begin sync_mode.tick
[2024-01-14 14:42:25,329][__main__][INFO] - Snapshot: WorldSnapshot(frame=1602) and length of sensor_data: 1
[2024-01-14 14:42:25,486][__main__][INFO] - Stepping sensor with Sensor ID: 38
[2024-01-14 14:42:25,500][root][INFO] - Begin sync_mode.tick
[2024-01-14 14:42:25,525][__main__][INFO] - Snapshot: WorldSnapshot(frame=1603) and length of sensor_data: 1
[2024-01-14 14:42:25,681][__main__][INFO] - Stepping sensor with Sensor ID: 38
[2024-01-14 14:42:25,695][root][INFO] - Begin sync_mode.tick
[2024-01-14 14:42:25,715][__main__][INFO] - Snapshot: WorldSnapshot(frame=1604) and length of sensor_data: 1
[2024-01-14 14:42:25,869][__main__][INFO] - Stepping sensor with Sensor ID: 38
[2024-01-14 14:42:25,884][root][INFO] - Begin sync_mode.tick
[2024-01-14 14:42:25,907][__main__][INFO] - Snapshot: WorldSnapshot(frame=1605) and length of sensor_data: 1
[2024-01-14 14:42:26,062][__main__][INFO] - Stepping sensor with Sensor ID: 38
[2024-01-14 14:42:26,075][root][INFO] - Begin sync_mode.tick
[2024-01-14 14:42:26,075][__main__][INFO] - Max frames, 10, reached. Exiting...
[2024-01-14 14:42:33,167][__main__][INFO] - Destroying actors
