[2024-02-11 02:35:42,350][__main__][INFO] - listening to server localhost:2000
[2024-02-11 02:35:42,356][__main__][INFO] - carla:
  host: localhost
  port: 2000
  timeout: 30
  sync:
    fps: 10
    timeout: 30
  seed: 30
  townmap: Town10HD_Opt
  traffic_manager_port: 8000
  retry: 10
  texture: D:\NewPatchGen\outputs\2024-01-14\13-33-45\Patch\texture.png
  sign_name: BP_ADVSTOP3
output_dir: _out2
max_frames: 10
weather:
  cloudiness: 30.0
  precipitation: 60.0
  precipitation_deposits: 20.0
  wind_intensity: 0.0
  sun_azimuth_angle: 0.0
  sun_altitude_angle: 30.0
  fog_density: 30.0
  fog_distance: 0.0
  wetness: 60.0
spawn_actors:
- blueprint:
    name: sensor.camera.rgb
    attr:
      image_size_x: '1280'
      image_size_y: '640'
    speed: 1
  transform:
    location:
      x: -18.2
      'y': 11.0
      z: 2.6
    rotation:
      yaw: 180.0
  destination_transform:
    location:
      x: -28.2
      'y': 11.0
      z: 2.6
  sensor_motion:
    jitter_magnitude:
      x: 0.01
      'y': 0.001
      z: 0.01

[2024-02-11 02:35:42,362][__main__][INFO] - CARLA server version: 0.9.15-dirty
[2024-02-11 02:35:42,363][__main__][INFO] - CARLA client version: 0.9.15-dirty
[2024-02-11 02:35:48,883][__main__][INFO] - Time between ticks: 0.03333333507180214 and Delta seconds: 0.03333333333333333
[2024-02-11 02:35:48,884][__main__][INFO] - Setting weather.
[2024-02-11 02:35:48,887][__main__][INFO] - Selected ActorBlueprint(id=sensor.camera.rgb,tags=[sensor, camera, rgb]) blueprint from: [ActorBlueprint(id=sensor.camera.rgb,tags=[sensor, camera, rgb])]
[2024-02-11 02:35:48,888][__main__][INFO] - Config: {'blueprint': {'name': 'sensor.camera.rgb', 'attr': {'image_size_x': '1280', 'image_size_y': '640'}, 'speed': 1}, 'transform': {'location': {'x': -18.2, 'y': 11.0, 'z': 2.6}, 'rotation': {'yaw': 180.0}}, 'destination_transform': {'location': {'x': -28.2, 'y': 11.0, 'z': 2.6}}, 'sensor_motion': {'jitter_magnitude': {'x': 0.01, 'y': 0.001, 'z': 0.01}}}
[2024-02-11 02:35:48,899][__main__][INFO] - Spawned actor: sensor.camera.rgb with id: 96
[2024-02-11 02:35:48,900][__main__][INFO] - Retrieved sensor motion dict after spawning all actors{96: {'jitter_bound_min': <carla.libcarla.Location object at 0x000002162D6DD900>, 'jitter_bound_max': <carla.libcarla.Location object at 0x000002162D6DDF40>, 'jitter_magnitude': {'x': 0.01, 'y': 0.001, 'z': 0.01}, 'linear_motion_step': <carla.libcarla.Location object at 0x000002162D6DDB80>, 'linear_motion_time': 10.0, 'destination': <carla.libcarla.Location object at 0x000002162D6DDF90>}}
[2024-02-11 02:35:48,937][__main__][INFO] - Init sensors: (<carla.libcarla.ServerSideSensor object at 0x000002162D6CA890>,), kwargs: 30
[2024-02-11 02:35:50,062][__main__][INFO] - Making queue for sensor: Actor(id=96, type=sensor.camera.rgb)
[2024-02-11 02:35:50,062][root][INFO] - Begin sync_mode.tick
[2024-02-11 02:35:50,078][__main__][INFO] - Snapshot: WorldSnapshot(frame=53792) and length of sensor_data: 1
[2024-02-11 02:35:50,234][__main__][INFO] - Stepping sensor with Sensor ID: 96
[2024-02-11 02:35:50,248][root][INFO] - Begin sync_mode.tick
[2024-02-11 02:35:50,260][__main__][INFO] - Snapshot: WorldSnapshot(frame=53793) and length of sensor_data: 1
[2024-02-11 02:35:50,413][__main__][INFO] - Stepping sensor with Sensor ID: 96
[2024-02-11 02:35:50,428][root][INFO] - Begin sync_mode.tick
[2024-02-11 02:35:50,439][__main__][INFO] - Snapshot: WorldSnapshot(frame=53794) and length of sensor_data: 1
[2024-02-11 02:35:50,593][__main__][INFO] - Stepping sensor with Sensor ID: 96
[2024-02-11 02:35:50,607][root][INFO] - Begin sync_mode.tick
[2024-02-11 02:35:50,619][__main__][INFO] - Snapshot: WorldSnapshot(frame=53795) and length of sensor_data: 1
[2024-02-11 02:35:50,772][__main__][INFO] - Stepping sensor with Sensor ID: 96
[2024-02-11 02:35:50,787][root][INFO] - Begin sync_mode.tick
[2024-02-11 02:35:50,797][__main__][INFO] - Snapshot: WorldSnapshot(frame=53796) and length of sensor_data: 1
[2024-02-11 02:35:50,951][__main__][INFO] - Stepping sensor with Sensor ID: 96
[2024-02-11 02:35:50,966][root][INFO] - Begin sync_mode.tick
[2024-02-11 02:35:50,975][__main__][INFO] - Snapshot: WorldSnapshot(frame=53797) and length of sensor_data: 1
[2024-02-11 02:35:51,129][__main__][INFO] - Stepping sensor with Sensor ID: 96
[2024-02-11 02:35:51,145][root][INFO] - Begin sync_mode.tick
[2024-02-11 02:35:51,156][__main__][INFO] - Snapshot: WorldSnapshot(frame=53798) and length of sensor_data: 1
[2024-02-11 02:35:51,311][__main__][INFO] - Stepping sensor with Sensor ID: 96
[2024-02-11 02:35:51,325][root][INFO] - Begin sync_mode.tick
[2024-02-11 02:35:51,337][__main__][INFO] - Snapshot: WorldSnapshot(frame=53799) and length of sensor_data: 1
[2024-02-11 02:35:51,491][__main__][INFO] - Stepping sensor with Sensor ID: 96
[2024-02-11 02:35:51,506][root][INFO] - Begin sync_mode.tick
[2024-02-11 02:35:51,535][__main__][INFO] - Snapshot: WorldSnapshot(frame=53800) and length of sensor_data: 1
[2024-02-11 02:35:51,689][__main__][INFO] - Stepping sensor with Sensor ID: 96
[2024-02-11 02:35:51,703][root][INFO] - Begin sync_mode.tick
[2024-02-11 02:35:51,716][__main__][INFO] - Snapshot: WorldSnapshot(frame=53801) and length of sensor_data: 1
[2024-02-11 02:35:51,872][__main__][INFO] - Stepping sensor with Sensor ID: 96
[2024-02-11 02:35:51,886][root][INFO] - Begin sync_mode.tick
[2024-02-11 02:35:51,887][__main__][INFO] - Max frames, 10, reached. Exiting...
[2024-02-11 02:35:59,240][__main__][INFO] - Destroying actors
