[2024-01-14 14:44:48,842][__main__][INFO] - listening to server localhost:2000
[2024-01-14 14:44:48,848][__main__][INFO] - carla:
  host: localhost
  port: 2000
  timeout: 30
  sync:
    fps: 10
    timeout: 30
  seed: 30
  townmap: Town10HD_Opt
  traffic_manager_port: 8000
  retry: 10
  texture: D:\NewPatchGen\outputs\2024-01-14\13-47-28\Patch\texture.png
output_dir: _out2
max_frames: 10
weather:
  cloudiness: 30.0
  precipitation: 60.0
  precipitation_deposits: 20.0
  wind_intensity: 0.0
  sun_azimuth_angle: 0.0
  sun_altitude_angle: 30.0
  fog_density: 30.0
  fog_distance: 0.0
  wetness: 60.0
spawn_actors:
- blueprint:
    name: sensor.camera.rgb
    attr:
      image_size_x: '1280'
      image_size_y: '640'
    speed: 1
  transform:
    location:
      x: 25.0
      'y': 141.6
      z: 2.6
    rotation:
      yaw: 0.0
  destination_transform:
    location:
      x: 35.0
      'y': 141.6
      z: 2.6
  sensor_motion:
    jitter_magnitude:
      x: 0.01
      'y': 0.001
      z: 0.01

[2024-01-14 14:44:50,898][__main__][INFO] - CARLA server version: 0.9.15-dirty
[2024-01-14 14:44:50,898][__main__][INFO] - CARLA client version: 0.9.15-dirty
[2024-01-14 14:44:57,514][__main__][INFO] - Time between ticks: 0.03333333507180214 and Delta seconds: 0.03333333333333333
[2024-01-14 14:44:57,515][__main__][INFO] - Setting weather.
[2024-01-14 14:44:57,518][__main__][INFO] - Selected ActorBlueprint(id=sensor.camera.rgb,tags=[sensor, camera, rgb]) blueprint from: [ActorBlueprint(id=sensor.camera.rgb,tags=[sensor, camera, rgb])]
[2024-01-14 14:44:57,519][__main__][INFO] - Config: {'blueprint': {'name': 'sensor.camera.rgb', 'attr': {'image_size_x': '1280', 'image_size_y': '640'}, 'speed': 1}, 'transform': {'location': {'x': 25.0, 'y': 141.6, 'z': 2.6}, 'rotation': {'yaw': 0.0}}, 'destination_transform': {'location': {'x': 35.0, 'y': 141.6, 'z': 2.6}}, 'sensor_motion': {'jitter_magnitude': {'x': 0.01, 'y': 0.001, 'z': 0.01}}}
[2024-01-14 14:44:57,530][__main__][INFO] - Spawned actor: sensor.camera.rgb with id: 44
[2024-01-14 14:44:57,531][__main__][INFO] - Retrieved sensor motion dict after spawning all actors{44: {'jitter_bound_min': <carla.libcarla.Location object at 0x000002625EC2E360>, 'jitter_bound_max': <carla.libcarla.Location object at 0x000002625EC2E9A0>, 'jitter_magnitude': {'x': 0.01, 'y': 0.001, 'z': 0.01}, 'linear_motion_step': <carla.libcarla.Location object at 0x000002625EC2E5E0>, 'linear_motion_time': 10.0, 'destination': <carla.libcarla.Location object at 0x000002625EC2E9F0>}}
[2024-01-14 14:44:57,550][__main__][INFO] - Init sensors: (<carla.libcarla.ServerSideSensor object at 0x000002625EC19660>,), kwargs: 30
[2024-01-14 14:44:58,565][__main__][INFO] - Making queue for sensor: Actor(id=44, type=sensor.camera.rgb)
[2024-01-14 14:44:58,565][root][INFO] - Begin sync_mode.tick
[2024-01-14 14:44:58,586][__main__][INFO] - Snapshot: WorldSnapshot(frame=1910) and length of sensor_data: 1
[2024-01-14 14:44:58,741][__main__][INFO] - Stepping sensor with Sensor ID: 44
[2024-01-14 14:44:58,756][root][INFO] - Begin sync_mode.tick
[2024-01-14 14:44:58,768][__main__][INFO] - Snapshot: WorldSnapshot(frame=1911) and length of sensor_data: 1
[2024-01-14 14:44:58,922][__main__][INFO] - Stepping sensor with Sensor ID: 44
[2024-01-14 14:44:58,937][root][INFO] - Begin sync_mode.tick
[2024-01-14 14:44:58,949][__main__][INFO] - Snapshot: WorldSnapshot(frame=1912) and length of sensor_data: 1
[2024-01-14 14:44:59,103][__main__][INFO] - Stepping sensor with Sensor ID: 44
[2024-01-14 14:44:59,118][root][INFO] - Begin sync_mode.tick
[2024-01-14 14:44:59,135][__main__][INFO] - Snapshot: WorldSnapshot(frame=1913) and length of sensor_data: 1
[2024-01-14 14:44:59,289][__main__][INFO] - Stepping sensor with Sensor ID: 44
[2024-01-14 14:44:59,304][root][INFO] - Begin sync_mode.tick
[2024-01-14 14:44:59,322][__main__][INFO] - Snapshot: WorldSnapshot(frame=1914) and length of sensor_data: 1
[2024-01-14 14:44:59,477][__main__][INFO] - Stepping sensor with Sensor ID: 44
[2024-01-14 14:44:59,491][root][INFO] - Begin sync_mode.tick
[2024-01-14 14:44:59,512][__main__][INFO] - Snapshot: WorldSnapshot(frame=1915) and length of sensor_data: 1
[2024-01-14 14:44:59,666][__main__][INFO] - Stepping sensor with Sensor ID: 44
[2024-01-14 14:44:59,680][root][INFO] - Begin sync_mode.tick
[2024-01-14 14:44:59,698][__main__][INFO] - Snapshot: WorldSnapshot(frame=1916) and length of sensor_data: 1
[2024-01-14 14:44:59,853][__main__][INFO] - Stepping sensor with Sensor ID: 44
[2024-01-14 14:44:59,868][root][INFO] - Begin sync_mode.tick
[2024-01-14 14:44:59,887][__main__][INFO] - Snapshot: WorldSnapshot(frame=1917) and length of sensor_data: 1
[2024-01-14 14:45:00,040][__main__][INFO] - Stepping sensor with Sensor ID: 44
[2024-01-14 14:45:00,054][root][INFO] - Begin sync_mode.tick
[2024-01-14 14:45:00,073][__main__][INFO] - Snapshot: WorldSnapshot(frame=1918) and length of sensor_data: 1
[2024-01-14 14:45:00,227][__main__][INFO] - Stepping sensor with Sensor ID: 44
[2024-01-14 14:45:00,242][root][INFO] - Begin sync_mode.tick
[2024-01-14 14:45:00,261][__main__][INFO] - Snapshot: WorldSnapshot(frame=1919) and length of sensor_data: 1
[2024-01-14 14:45:00,416][__main__][INFO] - Stepping sensor with Sensor ID: 44
[2024-01-14 14:45:00,430][root][INFO] - Begin sync_mode.tick
[2024-01-14 14:45:00,430][__main__][INFO] - Max frames, 10, reached. Exiting...
[2024-01-14 14:45:07,556][__main__][INFO] - Destroying actors
