[2024-01-18 14:57:29,827][__main__][INFO] - listening to server localhost:2000
[2024-01-18 14:57:29,831][__main__][INFO] - carla:
  host: localhost
  port: 2000
  timeout: 30
  sync:
    fps: 10
    timeout: 30
  seed: 30
  townmap: Town10HD_Opt
  traffic_manager_port: 8000
  retry: 10
  texture: D:\NewPatchGen\Assets\New.png
output_dir: _out2
max_frames: 10
weather:
  cloudiness: 30.0
  precipitation: 60.0
  precipitation_deposits: 20.0
  wind_intensity: 0.0
  sun_azimuth_angle: 0.0
  sun_altitude_angle: 30.0
  fog_density: 30.0
  fog_distance: 0.0
  wetness: 60.0
spawn_actors:
- blueprint:
    name: sensor.camera.rgb
    attr:
      image_size_x: '1280'
      image_size_y: '640'
    speed: 1
  transform:
    location:
      x: 25.0
      'y': 141.6
      z: 2.6
    rotation:
      yaw: 0.0
  destination_transform:
    location:
      x: 35.0
      'y': 141.6
      z: 2.6
  sensor_motion:
    jitter_magnitude:
      x: 0.01
      'y': 0.001
      z: 0.01

[2024-01-18 14:57:31,870][__main__][INFO] - CARLA server version: 0.9.15-dirty
[2024-01-18 14:57:31,871][__main__][INFO] - CARLA client version: 0.9.15-dirty
[2024-01-18 14:57:38,387][__main__][INFO] - Time between ticks: 0.03333333507180214 and Delta seconds: 0.03333333333333333
[2024-01-18 14:57:38,388][__main__][INFO] - Setting weather.
[2024-01-18 14:57:38,390][__main__][INFO] - Selected ActorBlueprint(id=sensor.camera.rgb,tags=[sensor, camera, rgb]) blueprint from: [ActorBlueprint(id=sensor.camera.rgb,tags=[sensor, camera, rgb])]
[2024-01-18 14:57:38,391][__main__][INFO] - Config: {'blueprint': {'name': 'sensor.camera.rgb', 'attr': {'image_size_x': '1280', 'image_size_y': '640'}, 'speed': 1}, 'transform': {'location': {'x': 25.0, 'y': 141.6, 'z': 2.6}, 'rotation': {'yaw': 0.0}}, 'destination_transform': {'location': {'x': 35.0, 'y': 141.6, 'z': 2.6}}, 'sensor_motion': {'jitter_magnitude': {'x': 0.01, 'y': 0.001, 'z': 0.01}}}
[2024-01-18 14:57:38,404][__main__][INFO] - Spawned actor: sensor.camera.rgb with id: 25
[2024-01-18 14:57:38,405][__main__][INFO] - Retrieved sensor motion dict after spawning all actors{25: {'jitter_bound_min': <carla.libcarla.Location object at 0x0000023B9111B860>, 'jitter_bound_max': <carla.libcarla.Location object at 0x0000023B9111BEA0>, 'jitter_magnitude': {'x': 0.01, 'y': 0.001, 'z': 0.01}, 'linear_motion_step': <carla.libcarla.Location object at 0x0000023B9111BAE0>, 'linear_motion_time': 10.0, 'destination': <carla.libcarla.Location object at 0x0000023B9111BEF0>}}
[2024-01-18 14:57:38,440][__main__][INFO] - Init sensors: (<carla.libcarla.ServerSideSensor object at 0x0000023B91109580>,), kwargs: 30
[2024-01-18 14:57:39,532][__main__][INFO] - Making queue for sensor: Actor(id=25, type=sensor.camera.rgb)
[2024-01-18 14:57:39,532][root][INFO] - Begin sync_mode.tick
[2024-01-18 14:57:39,549][__main__][INFO] - Snapshot: WorldSnapshot(frame=1704) and length of sensor_data: 1
[2024-01-18 14:57:39,705][__main__][INFO] - Stepping sensor with Sensor ID: 25
[2024-01-18 14:57:39,719][root][INFO] - Begin sync_mode.tick
[2024-01-18 14:57:39,729][__main__][INFO] - Snapshot: WorldSnapshot(frame=1705) and length of sensor_data: 1
[2024-01-18 14:57:39,885][__main__][INFO] - Stepping sensor with Sensor ID: 25
[2024-01-18 14:57:39,899][root][INFO] - Begin sync_mode.tick
[2024-01-18 14:57:39,910][__main__][INFO] - Snapshot: WorldSnapshot(frame=1706) and length of sensor_data: 1
[2024-01-18 14:57:40,063][__main__][INFO] - Stepping sensor with Sensor ID: 25
[2024-01-18 14:57:40,078][root][INFO] - Begin sync_mode.tick
[2024-01-18 14:57:40,089][__main__][INFO] - Snapshot: WorldSnapshot(frame=1707) and length of sensor_data: 1
[2024-01-18 14:57:40,245][__main__][INFO] - Stepping sensor with Sensor ID: 25
[2024-01-18 14:57:40,259][root][INFO] - Begin sync_mode.tick
[2024-01-18 14:57:40,272][__main__][INFO] - Snapshot: WorldSnapshot(frame=1708) and length of sensor_data: 1
[2024-01-18 14:57:40,428][__main__][INFO] - Stepping sensor with Sensor ID: 25
[2024-01-18 14:57:40,442][root][INFO] - Begin sync_mode.tick
[2024-01-18 14:57:40,454][__main__][INFO] - Snapshot: WorldSnapshot(frame=1709) and length of sensor_data: 1
[2024-01-18 14:57:40,608][__main__][INFO] - Stepping sensor with Sensor ID: 25
[2024-01-18 14:57:40,622][root][INFO] - Begin sync_mode.tick
[2024-01-18 14:57:40,634][__main__][INFO] - Snapshot: WorldSnapshot(frame=1710) and length of sensor_data: 1
[2024-01-18 14:57:40,789][__main__][INFO] - Stepping sensor with Sensor ID: 25
[2024-01-18 14:57:40,803][root][INFO] - Begin sync_mode.tick
[2024-01-18 14:57:40,815][__main__][INFO] - Snapshot: WorldSnapshot(frame=1711) and length of sensor_data: 1
[2024-01-18 14:57:40,969][__main__][INFO] - Stepping sensor with Sensor ID: 25
[2024-01-18 14:57:40,984][root][INFO] - Begin sync_mode.tick
[2024-01-18 14:57:40,998][__main__][INFO] - Snapshot: WorldSnapshot(frame=1712) and length of sensor_data: 1
[2024-01-18 14:57:41,153][__main__][INFO] - Stepping sensor with Sensor ID: 25
[2024-01-18 14:57:41,168][root][INFO] - Begin sync_mode.tick
[2024-01-18 14:57:41,181][__main__][INFO] - Snapshot: WorldSnapshot(frame=1713) and length of sensor_data: 1
[2024-01-18 14:57:41,337][__main__][INFO] - Stepping sensor with Sensor ID: 25
[2024-01-18 14:57:41,351][root][INFO] - Begin sync_mode.tick
[2024-01-18 14:57:41,351][__main__][INFO] - Max frames, 10, reached. Exiting...
[2024-01-18 14:57:49,153][__main__][INFO] - Destroying actors
