[2024-02-11 02:39:20,534][__main__][INFO] - listening to server localhost:2000
[2024-02-11 02:39:20,540][__main__][INFO] - carla:
  host: localhost
  port: 2000
  timeout: 30
  sync:
    fps: 10
    timeout: 30
  seed: 30
  townmap: Town10HD_Opt
  traffic_manager_port: 8000
  retry: 10
  texture: D:\NewPatchGen\Assets\Random_noise_100.jpeg
  sign_name: BP_ADVSTOP2
output_dir: _out2
max_frames: 10
weather:
  cloudiness: 30.0
  precipitation: 60.0
  precipitation_deposits: 20.0
  wind_intensity: 0.0
  sun_azimuth_angle: 0.0
  sun_altitude_angle: 30.0
  fog_density: 30.0
  fog_distance: 0.0
  wetness: 60.0
spawn_actors:
- blueprint:
    name: sensor.camera.rgb
    attr:
      image_size_x: '1280'
      image_size_y: '640'
    speed: 1
  transform:
    location:
      x: 110.4
      'y': 7.6
      z: 2.6
    rotation:
      yaw: 270.0
  destination_transform:
    location:
      x: 110.4
      'y': -3.6
      z: 2.6
  sensor_motion:
    jitter_magnitude:
      x: 0.01
      'y': 0.001
      z: 0.01

[2024-02-11 02:39:20,545][__main__][INFO] - CARLA server version: 0.9.15-dirty
[2024-02-11 02:39:20,546][__main__][INFO] - CARLA client version: 0.9.15-dirty
[2024-02-11 02:39:26,886][__main__][INFO] - Time between ticks: 0.03333333507180214 and Delta seconds: 0.03333333333333333
[2024-02-11 02:39:26,887][__main__][INFO] - Setting weather.
[2024-02-11 02:39:26,889][__main__][INFO] - Selected ActorBlueprint(id=sensor.camera.rgb,tags=[sensor, camera, rgb]) blueprint from: [ActorBlueprint(id=sensor.camera.rgb,tags=[sensor, camera, rgb])]
[2024-02-11 02:39:26,890][__main__][INFO] - Config: {'blueprint': {'name': 'sensor.camera.rgb', 'attr': {'image_size_x': '1280', 'image_size_y': '640'}, 'speed': 1}, 'transform': {'location': {'x': 110.4, 'y': 7.6, 'z': 2.6}, 'rotation': {'yaw': 270.0}}, 'destination_transform': {'location': {'x': 110.4, 'y': -3.6, 'z': 2.6}}, 'sensor_motion': {'jitter_magnitude': {'x': 0.01, 'y': 0.001, 'z': 0.01}}}
[2024-02-11 02:39:26,902][__main__][INFO] - Spawned actor: sensor.camera.rgb with id: 97
[2024-02-11 02:39:26,903][__main__][INFO] - Retrieved sensor motion dict after spawning all actors{97: {'jitter_bound_min': <carla.libcarla.Location object at 0x00000145357BC7C0>, 'jitter_bound_max': <carla.libcarla.Location object at 0x00000145357BCD60>, 'jitter_magnitude': {'x': 0.01, 'y': 0.001, 'z': 0.01}, 'linear_motion_step': <carla.libcarla.Location object at 0x00000145357BC9A0>, 'linear_motion_time': 12.0, 'destination': <carla.libcarla.Location object at 0x00000145357BCDB0>}}
[2024-02-11 02:39:26,930][__main__][INFO] - Init sensors: (<carla.libcarla.ServerSideSensor object at 0x00000145357AC7B0>,), kwargs: 30
[2024-02-11 02:39:28,070][__main__][INFO] - Making queue for sensor: Actor(id=97, type=sensor.camera.rgb)
[2024-02-11 02:39:28,070][root][INFO] - Begin sync_mode.tick
[2024-02-11 02:39:28,084][__main__][INFO] - Snapshot: WorldSnapshot(frame=54417) and length of sensor_data: 1
[2024-02-11 02:39:28,239][__main__][INFO] - Stepping sensor with Sensor ID: 97
[2024-02-11 02:39:28,253][root][INFO] - Begin sync_mode.tick
[2024-02-11 02:39:28,262][__main__][INFO] - Snapshot: WorldSnapshot(frame=54418) and length of sensor_data: 1
[2024-02-11 02:39:28,415][__main__][INFO] - Stepping sensor with Sensor ID: 97
[2024-02-11 02:39:28,429][root][INFO] - Begin sync_mode.tick
[2024-02-11 02:39:28,439][__main__][INFO] - Snapshot: WorldSnapshot(frame=54419) and length of sensor_data: 1
[2024-02-11 02:39:28,593][__main__][INFO] - Stepping sensor with Sensor ID: 97
[2024-02-11 02:39:28,607][root][INFO] - Begin sync_mode.tick
[2024-02-11 02:39:28,618][__main__][INFO] - Snapshot: WorldSnapshot(frame=54420) and length of sensor_data: 1
[2024-02-11 02:39:28,774][__main__][INFO] - Stepping sensor with Sensor ID: 97
[2024-02-11 02:39:28,787][root][INFO] - Begin sync_mode.tick
[2024-02-11 02:39:28,797][__main__][INFO] - Snapshot: WorldSnapshot(frame=54421) and length of sensor_data: 1
[2024-02-11 02:39:28,952][__main__][INFO] - Stepping sensor with Sensor ID: 97
[2024-02-11 02:39:28,966][root][INFO] - Begin sync_mode.tick
[2024-02-11 02:39:28,978][__main__][INFO] - Snapshot: WorldSnapshot(frame=54422) and length of sensor_data: 1
[2024-02-11 02:39:29,133][__main__][INFO] - Stepping sensor with Sensor ID: 97
[2024-02-11 02:39:29,147][root][INFO] - Begin sync_mode.tick
[2024-02-11 02:39:29,161][__main__][INFO] - Snapshot: WorldSnapshot(frame=54423) and length of sensor_data: 1
[2024-02-11 02:39:29,314][__main__][INFO] - Stepping sensor with Sensor ID: 97
[2024-02-11 02:39:29,328][root][INFO] - Begin sync_mode.tick
[2024-02-11 02:39:29,341][__main__][INFO] - Snapshot: WorldSnapshot(frame=54424) and length of sensor_data: 1
[2024-02-11 02:39:29,495][__main__][INFO] - Stepping sensor with Sensor ID: 97
[2024-02-11 02:39:29,510][root][INFO] - Begin sync_mode.tick
[2024-02-11 02:39:29,522][__main__][INFO] - Snapshot: WorldSnapshot(frame=54425) and length of sensor_data: 1
[2024-02-11 02:39:29,677][__main__][INFO] - Stepping sensor with Sensor ID: 97
[2024-02-11 02:39:29,692][root][INFO] - Begin sync_mode.tick
[2024-02-11 02:39:29,711][__main__][INFO] - Snapshot: WorldSnapshot(frame=54426) and length of sensor_data: 1
[2024-02-11 02:39:29,865][__main__][INFO] - Stepping sensor with Sensor ID: 97
[2024-02-11 02:39:29,880][root][INFO] - Begin sync_mode.tick
[2024-02-11 02:39:29,880][__main__][INFO] - Max frames, 10, reached. Exiting...
[2024-02-11 02:39:36,947][__main__][INFO] - Destroying actors
