[2024-02-11 02:20:23,382][__main__][INFO] - listening to server localhost:2000
[2024-02-11 02:20:23,387][__main__][INFO] - carla:
  host: localhost
  port: 2000
  timeout: 30
  sync:
    fps: 10
    timeout: 30
  seed: 30
  townmap: Town10HD_Opt
  traffic_manager_port: 8000
  retry: 10
  texture: D:\NewPatchGen\Assets\Random_noise_100.jpeg
  sign_name: BP_ADVSTOP3
output_dir: _out2
max_frames: 10
weather:
  cloudiness: 30.0
  precipitation: 60.0
  precipitation_deposits: 20.0
  wind_intensity: 0.0
  sun_azimuth_angle: 0.0
  sun_altitude_angle: 30.0
  fog_density: 30.0
  fog_distance: 0.0
  wetness: 60.0
spawn_actors:
- blueprint:
    name: sensor.camera.rgb
    attr:
      image_size_x: '1280'
      image_size_y: '640'
    speed: 1
  transform:
    location:
      x: -18.2
      'y': 11.0
      z: 2.6
    rotation:
      yaw: 180.0
  destination_transform:
    location:
      x: -28.2
      'y': 11.0
      z: 2.6
  sensor_motion:
    jitter_magnitude:
      x: 0.01
      'y': 0.001
      z: 0.01

[2024-02-11 02:20:23,393][__main__][INFO] - CARLA server version: 0.9.15-dirty
[2024-02-11 02:20:23,393][__main__][INFO] - CARLA client version: 0.9.15-dirty
[2024-02-11 02:20:30,096][__main__][INFO] - Time between ticks: 0.03333333507180214 and Delta seconds: 0.03333333333333333
[2024-02-11 02:20:30,097][__main__][INFO] - Setting weather.
[2024-02-11 02:20:30,100][__main__][INFO] - Selected ActorBlueprint(id=sensor.camera.rgb,tags=[sensor, camera, rgb]) blueprint from: [ActorBlueprint(id=sensor.camera.rgb,tags=[sensor, camera, rgb])]
[2024-02-11 02:20:30,101][__main__][INFO] - Config: {'blueprint': {'name': 'sensor.camera.rgb', 'attr': {'image_size_x': '1280', 'image_size_y': '640'}, 'speed': 1}, 'transform': {'location': {'x': -18.2, 'y': 11.0, 'z': 2.6}, 'rotation': {'yaw': 180.0}}, 'destination_transform': {'location': {'x': -28.2, 'y': 11.0, 'z': 2.6}}, 'sensor_motion': {'jitter_magnitude': {'x': 0.01, 'y': 0.001, 'z': 0.01}}}
[2024-02-11 02:20:30,110][__main__][INFO] - Spawned actor: sensor.camera.rgb with id: 86
[2024-02-11 02:20:30,111][__main__][INFO] - Retrieved sensor motion dict after spawning all actors{86: {'jitter_bound_min': <carla.libcarla.Location object at 0x000001ECE7AEC630>, 'jitter_bound_max': <carla.libcarla.Location object at 0x000001ECE7AECC70>, 'jitter_magnitude': {'x': 0.01, 'y': 0.001, 'z': 0.01}, 'linear_motion_step': <carla.libcarla.Location object at 0x000001ECE7AEC8B0>, 'linear_motion_time': 10.0, 'destination': <carla.libcarla.Location object at 0x000001ECE7AECCC0>}}
[2024-02-11 02:20:30,139][__main__][INFO] - Init sensors: (<carla.libcarla.ServerSideSensor object at 0x000001ECE7ADB740>,), kwargs: 30
[2024-02-11 02:20:31,249][__main__][INFO] - Making queue for sensor: Actor(id=86, type=sensor.camera.rgb)
[2024-02-11 02:20:31,250][root][INFO] - Begin sync_mode.tick
[2024-02-11 02:20:31,265][__main__][INFO] - Snapshot: WorldSnapshot(frame=51308) and length of sensor_data: 1
[2024-02-11 02:20:31,421][__main__][INFO] - Stepping sensor with Sensor ID: 86
[2024-02-11 02:20:31,435][root][INFO] - Begin sync_mode.tick
[2024-02-11 02:20:31,445][__main__][INFO] - Snapshot: WorldSnapshot(frame=51309) and length of sensor_data: 1
[2024-02-11 02:20:31,599][__main__][INFO] - Stepping sensor with Sensor ID: 86
[2024-02-11 02:20:31,614][root][INFO] - Begin sync_mode.tick
[2024-02-11 02:20:31,623][__main__][INFO] - Snapshot: WorldSnapshot(frame=51310) and length of sensor_data: 1
[2024-02-11 02:20:31,777][__main__][INFO] - Stepping sensor with Sensor ID: 86
[2024-02-11 02:20:31,791][root][INFO] - Begin sync_mode.tick
[2024-02-11 02:20:31,801][__main__][INFO] - Snapshot: WorldSnapshot(frame=51311) and length of sensor_data: 1
[2024-02-11 02:20:31,954][__main__][INFO] - Stepping sensor with Sensor ID: 86
[2024-02-11 02:20:31,969][root][INFO] - Begin sync_mode.tick
[2024-02-11 02:20:31,978][__main__][INFO] - Snapshot: WorldSnapshot(frame=51312) and length of sensor_data: 1
[2024-02-11 02:20:32,133][__main__][INFO] - Stepping sensor with Sensor ID: 86
[2024-02-11 02:20:32,148][root][INFO] - Begin sync_mode.tick
[2024-02-11 02:20:32,160][__main__][INFO] - Snapshot: WorldSnapshot(frame=51313) and length of sensor_data: 1
[2024-02-11 02:20:32,314][__main__][INFO] - Stepping sensor with Sensor ID: 86
[2024-02-11 02:20:32,329][root][INFO] - Begin sync_mode.tick
[2024-02-11 02:20:32,340][__main__][INFO] - Snapshot: WorldSnapshot(frame=51314) and length of sensor_data: 1
[2024-02-11 02:20:32,494][__main__][INFO] - Stepping sensor with Sensor ID: 86
[2024-02-11 02:20:32,508][root][INFO] - Begin sync_mode.tick
[2024-02-11 02:20:32,520][__main__][INFO] - Snapshot: WorldSnapshot(frame=51315) and length of sensor_data: 1
[2024-02-11 02:20:32,675][__main__][INFO] - Stepping sensor with Sensor ID: 86
[2024-02-11 02:20:32,689][root][INFO] - Begin sync_mode.tick
[2024-02-11 02:20:32,702][__main__][INFO] - Snapshot: WorldSnapshot(frame=51316) and length of sensor_data: 1
[2024-02-11 02:20:32,857][__main__][INFO] - Stepping sensor with Sensor ID: 86
[2024-02-11 02:20:32,871][root][INFO] - Begin sync_mode.tick
[2024-02-11 02:20:32,885][__main__][INFO] - Snapshot: WorldSnapshot(frame=51317) and length of sensor_data: 1
[2024-02-11 02:20:33,043][__main__][INFO] - Stepping sensor with Sensor ID: 86
[2024-02-11 02:20:33,057][root][INFO] - Begin sync_mode.tick
[2024-02-11 02:20:33,057][__main__][INFO] - Max frames, 10, reached. Exiting...
[2024-02-11 02:20:41,964][__main__][INFO] - Destroying actors
