[2024-01-14 14:51:07,204][__main__][INFO] - listening to server localhost:2000
[2024-01-14 14:51:07,209][__main__][INFO] - carla:
  host: localhost
  port: 2000
  timeout: 30
  sync:
    fps: 10
    timeout: 30
  seed: 30
  townmap: Town10HD_Opt
  traffic_manager_port: 8000
  retry: 10
  texture: D:\NewPatchGen\Assets\Random_noise_100.jpeg
output_dir: _out2
max_frames: 10
weather:
  cloudiness: 0.0
  precipitation: 0.0
  precipitation_deposits: 0.0
  wind_intensity: 0.0
  sun_azimuth_angle: 0.0
  sun_altitude_angle: 30.0
  fog_density: 0.0
  fog_distance: 0.0
  wetness: 0.0
spawn_actors:
- blueprint:
    name: sensor.camera.rgb
    attr:
      image_size_x: '1280'
      image_size_y: '640'
    speed: 1
  transform:
    location:
      x: 25.0
      'y': 141.6
      z: 2.6
    rotation:
      yaw: 0.0
  destination_transform:
    location:
      x: 35.0
      'y': 141.6
      z: 2.6
  sensor_motion:
    jitter_magnitude:
      x: 0.01
      'y': 0.001
      z: 0.01

[2024-01-14 14:51:09,257][__main__][INFO] - CARLA server version: 0.9.15-dirty
[2024-01-14 14:51:09,257][__main__][INFO] - CARLA client version: 0.9.15-dirty
[2024-01-14 14:51:15,514][__main__][INFO] - Time between ticks: 0.03333333507180214 and Delta seconds: 0.03333333333333333
[2024-01-14 14:51:15,515][__main__][INFO] - Setting weather.
[2024-01-14 14:51:15,517][__main__][INFO] - Selected ActorBlueprint(id=sensor.camera.rgb,tags=[sensor, camera, rgb]) blueprint from: [ActorBlueprint(id=sensor.camera.rgb,tags=[sensor, camera, rgb])]
[2024-01-14 14:51:15,519][__main__][INFO] - Config: {'blueprint': {'name': 'sensor.camera.rgb', 'attr': {'image_size_x': '1280', 'image_size_y': '640'}, 'speed': 1}, 'transform': {'location': {'x': 25.0, 'y': 141.6, 'z': 2.6}, 'rotation': {'yaw': 0.0}}, 'destination_transform': {'location': {'x': 35.0, 'y': 141.6, 'z': 2.6}}, 'sensor_motion': {'jitter_magnitude': {'x': 0.01, 'y': 0.001, 'z': 0.01}}}
[2024-01-14 14:51:15,531][__main__][INFO] - Spawned actor: sensor.camera.rgb with id: 48
[2024-01-14 14:51:15,532][__main__][INFO] - Retrieved sensor motion dict after spawning all actors{48: {'jitter_bound_min': <carla.libcarla.Location object at 0x00000220715AE220>, 'jitter_bound_max': <carla.libcarla.Location object at 0x00000220715AE860>, 'jitter_magnitude': {'x': 0.01, 'y': 0.001, 'z': 0.01}, 'linear_motion_step': <carla.libcarla.Location object at 0x00000220715AE4A0>, 'linear_motion_time': 10.0, 'destination': <carla.libcarla.Location object at 0x00000220715AE8B0>}}
[2024-01-14 14:51:15,548][__main__][INFO] - Init sensors: (<carla.libcarla.ServerSideSensor object at 0x000002207159A510>,), kwargs: 30
[2024-01-14 14:51:16,570][__main__][INFO] - Making queue for sensor: Actor(id=48, type=sensor.camera.rgb)
[2024-01-14 14:51:16,570][root][INFO] - Begin sync_mode.tick
[2024-01-14 14:51:16,583][__main__][INFO] - Snapshot: WorldSnapshot(frame=2938) and length of sensor_data: 1
[2024-01-14 14:51:16,741][__main__][INFO] - Stepping sensor with Sensor ID: 48
[2024-01-14 14:51:16,756][root][INFO] - Begin sync_mode.tick
[2024-01-14 14:51:16,765][__main__][INFO] - Snapshot: WorldSnapshot(frame=2939) and length of sensor_data: 1
[2024-01-14 14:51:16,917][__main__][INFO] - Stepping sensor with Sensor ID: 48
[2024-01-14 14:51:16,931][root][INFO] - Begin sync_mode.tick
[2024-01-14 14:51:16,940][__main__][INFO] - Snapshot: WorldSnapshot(frame=2940) and length of sensor_data: 1
[2024-01-14 14:51:17,091][__main__][INFO] - Stepping sensor with Sensor ID: 48
[2024-01-14 14:51:17,105][root][INFO] - Begin sync_mode.tick
[2024-01-14 14:51:17,115][__main__][INFO] - Snapshot: WorldSnapshot(frame=2941) and length of sensor_data: 1
[2024-01-14 14:51:17,268][__main__][INFO] - Stepping sensor with Sensor ID: 48
[2024-01-14 14:51:17,282][root][INFO] - Begin sync_mode.tick
[2024-01-14 14:51:17,295][__main__][INFO] - Snapshot: WorldSnapshot(frame=2942) and length of sensor_data: 1
[2024-01-14 14:51:17,448][__main__][INFO] - Stepping sensor with Sensor ID: 48
[2024-01-14 14:51:17,463][root][INFO] - Begin sync_mode.tick
[2024-01-14 14:51:17,473][__main__][INFO] - Snapshot: WorldSnapshot(frame=2943) and length of sensor_data: 1
[2024-01-14 14:51:17,628][__main__][INFO] - Stepping sensor with Sensor ID: 48
[2024-01-14 14:51:17,643][root][INFO] - Begin sync_mode.tick
[2024-01-14 14:51:17,653][__main__][INFO] - Snapshot: WorldSnapshot(frame=2944) and length of sensor_data: 1
[2024-01-14 14:51:17,807][__main__][INFO] - Stepping sensor with Sensor ID: 48
[2024-01-14 14:51:17,822][root][INFO] - Begin sync_mode.tick
[2024-01-14 14:51:17,832][__main__][INFO] - Snapshot: WorldSnapshot(frame=2945) and length of sensor_data: 1
[2024-01-14 14:51:17,989][__main__][INFO] - Stepping sensor with Sensor ID: 48
[2024-01-14 14:51:18,002][root][INFO] - Begin sync_mode.tick
[2024-01-14 14:51:18,013][__main__][INFO] - Snapshot: WorldSnapshot(frame=2946) and length of sensor_data: 1
[2024-01-14 14:51:18,166][__main__][INFO] - Stepping sensor with Sensor ID: 48
[2024-01-14 14:51:18,180][root][INFO] - Begin sync_mode.tick
[2024-01-14 14:51:18,190][__main__][INFO] - Snapshot: WorldSnapshot(frame=2947) and length of sensor_data: 1
[2024-01-14 14:51:18,345][__main__][INFO] - Stepping sensor with Sensor ID: 48
[2024-01-14 14:51:18,359][root][INFO] - Begin sync_mode.tick
[2024-01-14 14:51:18,359][__main__][INFO] - Max frames, 10, reached. Exiting...
[2024-01-14 14:51:25,977][__main__][INFO] - Destroying actors
