[2024-02-11 02:16:23,117][__main__][INFO] - listening to server localhost:2000
[2024-02-11 02:16:23,123][__main__][INFO] - carla:
  host: localhost
  port: 2000
  timeout: 30
  sync:
    fps: 10
    timeout: 30
  seed: 30
  townmap: Town10HD_Opt
  traffic_manager_port: 8000
  retry: 10
  texture: D:\NewPatchGen\Assets\Random_noise_100.jpeg
  sign_name: BP_ADVSTOP2
output_dir: _out2
max_frames: 10
weather:
  cloudiness: 30.0
  precipitation: 60.0
  precipitation_deposits: 20.0
  wind_intensity: 0.0
  sun_azimuth_angle: 0.0
  sun_altitude_angle: 30.0
  fog_density: 30.0
  fog_distance: 0.0
  wetness: 60.0
spawn_actors:
- blueprint:
    name: sensor.camera.rgb
    attr:
      image_size_x: '1280'
      image_size_y: '640'
    speed: 1
  transform:
    location:
      x: 110.4
      'y': 7.6
      z: 2.6
    rotation:
      yaw: 270.0
  destination_transform:
    location:
      x: 110.4
      'y': -3.6
      z: 2.6
  sensor_motion:
    jitter_magnitude:
      x: 0.01
      'y': 0.001
      z: 0.01

[2024-02-11 02:16:23,128][__main__][INFO] - CARLA server version: 0.9.15-dirty
[2024-02-11 02:16:23,129][__main__][INFO] - CARLA client version: 0.9.15-dirty
[2024-02-11 02:16:29,502][__main__][INFO] - Time between ticks: 0.03333333507180214 and Delta seconds: 0.03333333333333333
[2024-02-11 02:16:29,503][__main__][INFO] - Setting weather.
[2024-02-11 02:16:29,506][__main__][INFO] - Selected ActorBlueprint(id=sensor.camera.rgb,tags=[sensor, camera, rgb]) blueprint from: [ActorBlueprint(id=sensor.camera.rgb,tags=[sensor, camera, rgb])]
[2024-02-11 02:16:29,507][__main__][INFO] - Config: {'blueprint': {'name': 'sensor.camera.rgb', 'attr': {'image_size_x': '1280', 'image_size_y': '640'}, 'speed': 1}, 'transform': {'location': {'x': 110.4, 'y': 7.6, 'z': 2.6}, 'rotation': {'yaw': 270.0}}, 'destination_transform': {'location': {'x': 110.4, 'y': -3.6, 'z': 2.6}}, 'sensor_motion': {'jitter_magnitude': {'x': 0.01, 'y': 0.001, 'z': 0.01}}}
[2024-02-11 02:16:29,517][__main__][INFO] - Spawned actor: sensor.camera.rgb with id: 78
[2024-02-11 02:16:29,519][__main__][INFO] - Retrieved sensor motion dict after spawning all actors{78: {'jitter_bound_min': <carla.libcarla.Location object at 0x000002AD473AC630>, 'jitter_bound_max': <carla.libcarla.Location object at 0x000002AD473ACC70>, 'jitter_magnitude': {'x': 0.01, 'y': 0.001, 'z': 0.01}, 'linear_motion_step': <carla.libcarla.Location object at 0x000002AD473AC8B0>, 'linear_motion_time': 12.0, 'destination': <carla.libcarla.Location object at 0x000002AD473ACCC0>}}
[2024-02-11 02:16:29,611][__main__][INFO] - Init sensors: (<carla.libcarla.ServerSideSensor object at 0x000002AD4739C740>,), kwargs: 30
[2024-02-11 02:16:30,687][__main__][INFO] - Making queue for sensor: Actor(id=78, type=sensor.camera.rgb)
[2024-02-11 02:16:30,687][root][INFO] - Begin sync_mode.tick
[2024-02-11 02:16:30,703][__main__][INFO] - Snapshot: WorldSnapshot(frame=50789) and length of sensor_data: 1
[2024-02-11 02:16:30,857][__main__][INFO] - Stepping sensor with Sensor ID: 78
[2024-02-11 02:16:30,871][root][INFO] - Begin sync_mode.tick
[2024-02-11 02:16:30,882][__main__][INFO] - Snapshot: WorldSnapshot(frame=50790) and length of sensor_data: 1
[2024-02-11 02:16:31,035][__main__][INFO] - Stepping sensor with Sensor ID: 78
[2024-02-11 02:16:31,049][root][INFO] - Begin sync_mode.tick
[2024-02-11 02:16:31,061][__main__][INFO] - Snapshot: WorldSnapshot(frame=50791) and length of sensor_data: 1
[2024-02-11 02:16:31,214][__main__][INFO] - Stepping sensor with Sensor ID: 78
[2024-02-11 02:16:31,228][root][INFO] - Begin sync_mode.tick
[2024-02-11 02:16:31,238][__main__][INFO] - Snapshot: WorldSnapshot(frame=50792) and length of sensor_data: 1
[2024-02-11 02:16:31,392][__main__][INFO] - Stepping sensor with Sensor ID: 78
[2024-02-11 02:16:31,406][root][INFO] - Begin sync_mode.tick
[2024-02-11 02:16:31,415][__main__][INFO] - Snapshot: WorldSnapshot(frame=50793) and length of sensor_data: 1
[2024-02-11 02:16:31,568][__main__][INFO] - Stepping sensor with Sensor ID: 78
[2024-02-11 02:16:31,583][root][INFO] - Begin sync_mode.tick
[2024-02-11 02:16:31,592][__main__][INFO] - Snapshot: WorldSnapshot(frame=50794) and length of sensor_data: 1
[2024-02-11 02:16:31,745][__main__][INFO] - Stepping sensor with Sensor ID: 78
[2024-02-11 02:16:31,759][root][INFO] - Begin sync_mode.tick
[2024-02-11 02:16:31,770][__main__][INFO] - Snapshot: WorldSnapshot(frame=50795) and length of sensor_data: 1
[2024-02-11 02:16:31,925][__main__][INFO] - Stepping sensor with Sensor ID: 78
[2024-02-11 02:16:31,939][root][INFO] - Begin sync_mode.tick
[2024-02-11 02:16:31,951][__main__][INFO] - Snapshot: WorldSnapshot(frame=50796) and length of sensor_data: 1
[2024-02-11 02:16:32,104][__main__][INFO] - Stepping sensor with Sensor ID: 78
[2024-02-11 02:16:32,118][root][INFO] - Begin sync_mode.tick
[2024-02-11 02:16:32,130][__main__][INFO] - Snapshot: WorldSnapshot(frame=50797) and length of sensor_data: 1
[2024-02-11 02:16:32,283][__main__][INFO] - Stepping sensor with Sensor ID: 78
[2024-02-11 02:16:32,300][root][INFO] - Begin sync_mode.tick
[2024-02-11 02:16:32,314][__main__][INFO] - Snapshot: WorldSnapshot(frame=50798) and length of sensor_data: 1
[2024-02-11 02:16:32,467][__main__][INFO] - Stepping sensor with Sensor ID: 78
[2024-02-11 02:16:32,481][root][INFO] - Begin sync_mode.tick
[2024-02-11 02:16:32,481][__main__][INFO] - Max frames, 10, reached. Exiting...
[2024-02-11 02:16:39,633][__main__][INFO] - Destroying actors
