[2024-01-14 14:56:08,123][__main__][INFO] - listening to server localhost:2000
[2024-01-14 14:56:08,129][__main__][INFO] - carla:
  host: localhost
  port: 2000
  timeout: 30
  sync:
    fps: 10
    timeout: 30
  seed: 30
  townmap: Town10HD_Opt
  traffic_manager_port: 8000
  retry: 10
  texture: D:\NewPatchGen\outputs\2024-01-14\13-53-32\Patch\texture.png
output_dir: _out2
max_frames: 10
weather:
  cloudiness: 0.0
  precipitation: 0.0
  precipitation_deposits: 0.0
  wind_intensity: 0.0
  sun_azimuth_angle: 0.0
  sun_altitude_angle: 30.0
  fog_density: 0.0
  fog_distance: 0.0
  wetness: 0.0
spawn_actors:
- blueprint:
    name: sensor.camera.rgb
    attr:
      image_size_x: '1280'
      image_size_y: '640'
    speed: 1
  transform:
    location:
      x: 25.0
      'y': 141.6
      z: 2.6
    rotation:
      yaw: 0.0
  destination_transform:
    location:
      x: 35.0
      'y': 141.6
      z: 2.6
  sensor_motion:
    jitter_magnitude:
      x: 0.01
      'y': 0.001
      z: 0.01

[2024-01-14 14:56:10,173][__main__][INFO] - CARLA server version: 0.9.15-dirty
[2024-01-14 14:56:10,173][__main__][INFO] - CARLA client version: 0.9.15-dirty
[2024-01-14 14:56:16,686][__main__][INFO] - Time between ticks: 0.03333333507180214 and Delta seconds: 0.03333333333333333
[2024-01-14 14:56:16,686][__main__][INFO] - Setting weather.
[2024-01-14 14:56:16,689][__main__][INFO] - Selected ActorBlueprint(id=sensor.camera.rgb,tags=[sensor, camera, rgb]) blueprint from: [ActorBlueprint(id=sensor.camera.rgb,tags=[sensor, camera, rgb])]
[2024-01-14 14:56:16,690][__main__][INFO] - Config: {'blueprint': {'name': 'sensor.camera.rgb', 'attr': {'image_size_x': '1280', 'image_size_y': '640'}, 'speed': 1}, 'transform': {'location': {'x': 25.0, 'y': 141.6, 'z': 2.6}, 'rotation': {'yaw': 0.0}}, 'destination_transform': {'location': {'x': 35.0, 'y': 141.6, 'z': 2.6}}, 'sensor_motion': {'jitter_magnitude': {'x': 0.01, 'y': 0.001, 'z': 0.01}}}
[2024-01-14 14:56:16,702][__main__][INFO] - Spawned actor: sensor.camera.rgb with id: 59
[2024-01-14 14:56:16,703][__main__][INFO] - Retrieved sensor motion dict after spawning all actors{59: {'jitter_bound_min': <carla.libcarla.Location object at 0x000002531EFAE450>, 'jitter_bound_max': <carla.libcarla.Location object at 0x000002531EFAEA90>, 'jitter_magnitude': {'x': 0.01, 'y': 0.001, 'z': 0.01}, 'linear_motion_step': <carla.libcarla.Location object at 0x000002531EFAE6D0>, 'linear_motion_time': 10.0, 'destination': <carla.libcarla.Location object at 0x000002531EFAEAE0>}}
[2024-01-14 14:56:16,725][__main__][INFO] - Init sensors: (<carla.libcarla.ServerSideSensor object at 0x000002531EF9A660>,), kwargs: 30
[2024-01-14 14:56:17,838][__main__][INFO] - Making queue for sensor: Actor(id=59, type=sensor.camera.rgb)
[2024-01-14 14:56:17,838][root][INFO] - Begin sync_mode.tick
[2024-01-14 14:56:17,852][__main__][INFO] - Snapshot: WorldSnapshot(frame=3556) and length of sensor_data: 1
[2024-01-14 14:56:18,004][__main__][INFO] - Stepping sensor with Sensor ID: 59
[2024-01-14 14:56:18,019][root][INFO] - Begin sync_mode.tick
[2024-01-14 14:56:18,030][__main__][INFO] - Snapshot: WorldSnapshot(frame=3557) and length of sensor_data: 1
[2024-01-14 14:56:18,182][__main__][INFO] - Stepping sensor with Sensor ID: 59
[2024-01-14 14:56:18,197][root][INFO] - Begin sync_mode.tick
[2024-01-14 14:56:18,207][__main__][INFO] - Snapshot: WorldSnapshot(frame=3558) and length of sensor_data: 1
[2024-01-14 14:56:18,359][__main__][INFO] - Stepping sensor with Sensor ID: 59
[2024-01-14 14:56:18,374][root][INFO] - Begin sync_mode.tick
[2024-01-14 14:56:18,383][__main__][INFO] - Snapshot: WorldSnapshot(frame=3559) and length of sensor_data: 1
[2024-01-14 14:56:18,536][__main__][INFO] - Stepping sensor with Sensor ID: 59
[2024-01-14 14:56:18,550][root][INFO] - Begin sync_mode.tick
[2024-01-14 14:56:18,562][__main__][INFO] - Snapshot: WorldSnapshot(frame=3560) and length of sensor_data: 1
[2024-01-14 14:56:18,715][__main__][INFO] - Stepping sensor with Sensor ID: 59
[2024-01-14 14:56:18,729][root][INFO] - Begin sync_mode.tick
[2024-01-14 14:56:18,741][__main__][INFO] - Snapshot: WorldSnapshot(frame=3561) and length of sensor_data: 1
[2024-01-14 14:56:18,894][__main__][INFO] - Stepping sensor with Sensor ID: 59
[2024-01-14 14:56:18,909][root][INFO] - Begin sync_mode.tick
[2024-01-14 14:56:18,919][__main__][INFO] - Snapshot: WorldSnapshot(frame=3562) and length of sensor_data: 1
[2024-01-14 14:56:19,074][__main__][INFO] - Stepping sensor with Sensor ID: 59
[2024-01-14 14:56:19,088][root][INFO] - Begin sync_mode.tick
[2024-01-14 14:56:19,100][__main__][INFO] - Snapshot: WorldSnapshot(frame=3563) and length of sensor_data: 1
[2024-01-14 14:56:19,253][__main__][INFO] - Stepping sensor with Sensor ID: 59
[2024-01-14 14:56:19,268][root][INFO] - Begin sync_mode.tick
[2024-01-14 14:56:19,281][__main__][INFO] - Snapshot: WorldSnapshot(frame=3564) and length of sensor_data: 1
[2024-01-14 14:56:19,434][__main__][INFO] - Stepping sensor with Sensor ID: 59
[2024-01-14 14:56:19,449][root][INFO] - Begin sync_mode.tick
[2024-01-14 14:56:19,461][__main__][INFO] - Snapshot: WorldSnapshot(frame=3565) and length of sensor_data: 1
[2024-01-14 14:56:19,617][__main__][INFO] - Stepping sensor with Sensor ID: 59
[2024-01-14 14:56:19,630][root][INFO] - Begin sync_mode.tick
[2024-01-14 14:56:19,630][__main__][INFO] - Max frames, 10, reached. Exiting...
[2024-01-14 14:56:27,101][__main__][INFO] - Destroying actors
