[2024-01-14 14:42:38,760][__main__][INFO] - listening to server localhost:2000
[2024-01-14 14:42:38,765][__main__][INFO] - carla:
  host: localhost
  port: 2000
  timeout: 30
  sync:
    fps: 10
    timeout: 30
  seed: 30
  townmap: Town10HD_Opt
  traffic_manager_port: 8000
  retry: 10
  texture: D:\NewPatchGen\outputs\2024-01-14\13-40-03\Patch\texture.png
output_dir: _out2
max_frames: 10
weather:
  cloudiness: 30.0
  precipitation: 60.0
  precipitation_deposits: 20.0
  wind_intensity: 0.0
  sun_azimuth_angle: 0.0
  sun_altitude_angle: 30.0
  fog_density: 30.0
  fog_distance: 0.0
  wetness: 60.0
spawn_actors:
- blueprint:
    name: sensor.camera.rgb
    attr:
      image_size_x: '1280'
      image_size_y: '640'
    speed: 1
  transform:
    location:
      x: 25.0
      'y': 141.6
      z: 2.6
    rotation:
      yaw: 0.0
  destination_transform:
    location:
      x: 35.0
      'y': 141.6
      z: 2.6
  sensor_motion:
    jitter_magnitude:
      x: 0.01
      'y': 0.001
      z: 0.01

[2024-01-14 14:42:40,814][__main__][INFO] - CARLA server version: 0.9.15-dirty
[2024-01-14 14:42:40,814][__main__][INFO] - CARLA client version: 0.9.15-dirty
[2024-01-14 14:42:47,306][__main__][INFO] - Time between ticks: 0.03333333507180214 and Delta seconds: 0.03333333333333333
[2024-01-14 14:42:47,306][__main__][INFO] - Setting weather.
[2024-01-14 14:42:47,309][__main__][INFO] - Selected ActorBlueprint(id=sensor.camera.rgb,tags=[sensor, camera, rgb]) blueprint from: [ActorBlueprint(id=sensor.camera.rgb,tags=[sensor, camera, rgb])]
[2024-01-14 14:42:47,310][__main__][INFO] - Config: {'blueprint': {'name': 'sensor.camera.rgb', 'attr': {'image_size_x': '1280', 'image_size_y': '640'}, 'speed': 1}, 'transform': {'location': {'x': 25.0, 'y': 141.6, 'z': 2.6}, 'rotation': {'yaw': 0.0}}, 'destination_transform': {'location': {'x': 35.0, 'y': 141.6, 'z': 2.6}}, 'sensor_motion': {'jitter_magnitude': {'x': 0.01, 'y': 0.001, 'z': 0.01}}}
[2024-01-14 14:42:47,323][__main__][INFO] - Spawned actor: sensor.camera.rgb with id: 39
[2024-01-14 14:42:47,324][__main__][INFO] - Retrieved sensor motion dict after spawning all actors{39: {'jitter_bound_min': <carla.libcarla.Location object at 0x00000298E314E360>, 'jitter_bound_max': <carla.libcarla.Location object at 0x00000298E314E9A0>, 'jitter_magnitude': {'x': 0.01, 'y': 0.001, 'z': 0.01}, 'linear_motion_step': <carla.libcarla.Location object at 0x00000298E314E5E0>, 'linear_motion_time': 10.0, 'destination': <carla.libcarla.Location object at 0x00000298E314E9F0>}}
[2024-01-14 14:42:47,363][__main__][INFO] - Init sensors: (<carla.libcarla.ServerSideSensor object at 0x00000298E3139660>,), kwargs: 30
[2024-01-14 14:42:48,477][__main__][INFO] - Making queue for sensor: Actor(id=39, type=sensor.camera.rgb)
[2024-01-14 14:42:48,477][root][INFO] - Begin sync_mode.tick
[2024-01-14 14:42:48,498][__main__][INFO] - Snapshot: WorldSnapshot(frame=1644) and length of sensor_data: 1
[2024-01-14 14:42:48,653][__main__][INFO] - Stepping sensor with Sensor ID: 39
[2024-01-14 14:42:48,667][root][INFO] - Begin sync_mode.tick
[2024-01-14 14:42:48,677][__main__][INFO] - Snapshot: WorldSnapshot(frame=1645) and length of sensor_data: 1
[2024-01-14 14:42:48,831][__main__][INFO] - Stepping sensor with Sensor ID: 39
[2024-01-14 14:42:48,845][root][INFO] - Begin sync_mode.tick
[2024-01-14 14:42:48,855][__main__][INFO] - Snapshot: WorldSnapshot(frame=1646) and length of sensor_data: 1
[2024-01-14 14:42:49,010][__main__][INFO] - Stepping sensor with Sensor ID: 39
[2024-01-14 14:42:49,024][root][INFO] - Begin sync_mode.tick
[2024-01-14 14:42:49,036][__main__][INFO] - Snapshot: WorldSnapshot(frame=1647) and length of sensor_data: 1
[2024-01-14 14:42:49,190][__main__][INFO] - Stepping sensor with Sensor ID: 39
[2024-01-14 14:42:49,204][root][INFO] - Begin sync_mode.tick
[2024-01-14 14:42:49,217][__main__][INFO] - Snapshot: WorldSnapshot(frame=1648) and length of sensor_data: 1
[2024-01-14 14:42:49,373][__main__][INFO] - Stepping sensor with Sensor ID: 39
[2024-01-14 14:42:49,386][root][INFO] - Begin sync_mode.tick
[2024-01-14 14:42:49,400][__main__][INFO] - Snapshot: WorldSnapshot(frame=1649) and length of sensor_data: 1
[2024-01-14 14:42:49,554][__main__][INFO] - Stepping sensor with Sensor ID: 39
[2024-01-14 14:42:49,568][root][INFO] - Begin sync_mode.tick
[2024-01-14 14:42:49,581][__main__][INFO] - Snapshot: WorldSnapshot(frame=1650) and length of sensor_data: 1
[2024-01-14 14:42:49,736][__main__][INFO] - Stepping sensor with Sensor ID: 39
[2024-01-14 14:42:49,750][root][INFO] - Begin sync_mode.tick
[2024-01-14 14:42:49,763][__main__][INFO] - Snapshot: WorldSnapshot(frame=1651) and length of sensor_data: 1
[2024-01-14 14:42:49,917][__main__][INFO] - Stepping sensor with Sensor ID: 39
[2024-01-14 14:42:49,932][root][INFO] - Begin sync_mode.tick
[2024-01-14 14:42:49,945][__main__][INFO] - Snapshot: WorldSnapshot(frame=1652) and length of sensor_data: 1
[2024-01-14 14:42:50,100][__main__][INFO] - Stepping sensor with Sensor ID: 39
[2024-01-14 14:42:50,115][root][INFO] - Begin sync_mode.tick
[2024-01-14 14:42:50,127][__main__][INFO] - Snapshot: WorldSnapshot(frame=1653) and length of sensor_data: 1
[2024-01-14 14:42:50,282][__main__][INFO] - Stepping sensor with Sensor ID: 39
[2024-01-14 14:42:50,296][root][INFO] - Begin sync_mode.tick
[2024-01-14 14:42:50,296][__main__][INFO] - Max frames, 10, reached. Exiting...
[2024-01-14 14:42:57,482][__main__][INFO] - Destroying actors
