[2024-02-11 02:16:02,163][__main__][INFO] - listening to server localhost:2000
[2024-02-11 02:16:02,168][__main__][INFO] - carla:
  host: localhost
  port: 2000
  timeout: 30
  sync:
    fps: 10
    timeout: 30
  seed: 30
  townmap: Town10HD_Opt
  traffic_manager_port: 8000
  retry: 10
  texture: D:\NewPatchGen\Assets\New.png
  sign_name: BP_ADVSTOP2
output_dir: _out2
max_frames: 10
weather:
  cloudiness: 0.0
  precipitation: 0.0
  precipitation_deposits: 0.0
  wind_intensity: 0.0
  sun_azimuth_angle: 0.0
  sun_altitude_angle: 30.0
  fog_density: 0.0
  fog_distance: 0.0
  wetness: 0.0
spawn_actors:
- blueprint:
    name: sensor.camera.rgb
    attr:
      image_size_x: '1280'
      image_size_y: '640'
    speed: 1
  transform:
    location:
      x: 110.4
      'y': 7.6
      z: 2.6
    rotation:
      yaw: 270.0
  destination_transform:
    location:
      x: 110.4
      'y': -3.6
      z: 2.6
  sensor_motion:
    jitter_magnitude:
      x: 0.01
      'y': 0.001
      z: 0.01

[2024-02-11 02:16:02,174][__main__][INFO] - CARLA server version: 0.9.15-dirty
[2024-02-11 02:16:02,174][__main__][INFO] - CARLA client version: 0.9.15-dirty
[2024-02-11 02:16:08,093][__main__][INFO] - Time between ticks: 0.03333333507180214 and Delta seconds: 0.03333333333333333
[2024-02-11 02:16:08,094][__main__][INFO] - Setting weather.
[2024-02-11 02:16:08,096][__main__][INFO] - Selected ActorBlueprint(id=sensor.camera.rgb,tags=[sensor, camera, rgb]) blueprint from: [ActorBlueprint(id=sensor.camera.rgb,tags=[sensor, camera, rgb])]
[2024-02-11 02:16:08,097][__main__][INFO] - Config: {'blueprint': {'name': 'sensor.camera.rgb', 'attr': {'image_size_x': '1280', 'image_size_y': '640'}, 'speed': 1}, 'transform': {'location': {'x': 110.4, 'y': 7.6, 'z': 2.6}, 'rotation': {'yaw': 270.0}}, 'destination_transform': {'location': {'x': 110.4, 'y': -3.6, 'z': 2.6}}, 'sensor_motion': {'jitter_magnitude': {'x': 0.01, 'y': 0.001, 'z': 0.01}}}
[2024-02-11 02:16:08,106][__main__][INFO] - Spawned actor: sensor.camera.rgb with id: 77
[2024-02-11 02:16:08,108][__main__][INFO] - Retrieved sensor motion dict after spawning all actors{77: {'jitter_bound_min': <carla.libcarla.Location object at 0x0000020493D4B9A0>, 'jitter_bound_max': <carla.libcarla.Location object at 0x0000020493D4BD10>, 'jitter_magnitude': {'x': 0.01, 'y': 0.001, 'z': 0.01}, 'linear_motion_step': <carla.libcarla.Location object at 0x0000020493D4BF40>, 'linear_motion_time': 12.0, 'destination': <carla.libcarla.Location object at 0x0000020493D56090>}}
[2024-02-11 02:16:08,131][__main__][INFO] - Init sensors: (<carla.libcarla.ServerSideSensor object at 0x0000020493D3B740>,), kwargs: 30
[2024-02-11 02:16:09,242][__main__][INFO] - Making queue for sensor: Actor(id=77, type=sensor.camera.rgb)
[2024-02-11 02:16:09,243][root][INFO] - Begin sync_mode.tick
[2024-02-11 02:16:09,291][__main__][INFO] - Snapshot: WorldSnapshot(frame=50752) and length of sensor_data: 1
[2024-02-11 02:16:09,444][__main__][INFO] - Stepping sensor with Sensor ID: 77
[2024-02-11 02:16:09,459][root][INFO] - Begin sync_mode.tick
[2024-02-11 02:16:09,480][__main__][INFO] - Snapshot: WorldSnapshot(frame=50753) and length of sensor_data: 1
[2024-02-11 02:16:09,633][__main__][INFO] - Stepping sensor with Sensor ID: 77
[2024-02-11 02:16:09,647][root][INFO] - Begin sync_mode.tick
[2024-02-11 02:16:09,669][__main__][INFO] - Snapshot: WorldSnapshot(frame=50754) and length of sensor_data: 1
[2024-02-11 02:16:09,822][__main__][INFO] - Stepping sensor with Sensor ID: 77
[2024-02-11 02:16:09,836][root][INFO] - Begin sync_mode.tick
[2024-02-11 02:16:09,858][__main__][INFO] - Snapshot: WorldSnapshot(frame=50755) and length of sensor_data: 1
[2024-02-11 02:16:10,009][__main__][INFO] - Stepping sensor with Sensor ID: 77
[2024-02-11 02:16:10,024][root][INFO] - Begin sync_mode.tick
[2024-02-11 02:16:10,044][__main__][INFO] - Snapshot: WorldSnapshot(frame=50756) and length of sensor_data: 1
[2024-02-11 02:16:10,195][__main__][INFO] - Stepping sensor with Sensor ID: 77
[2024-02-11 02:16:10,209][root][INFO] - Begin sync_mode.tick
[2024-02-11 02:16:10,231][__main__][INFO] - Snapshot: WorldSnapshot(frame=50757) and length of sensor_data: 1
[2024-02-11 02:16:10,384][__main__][INFO] - Stepping sensor with Sensor ID: 77
[2024-02-11 02:16:10,399][root][INFO] - Begin sync_mode.tick
[2024-02-11 02:16:10,416][__main__][INFO] - Snapshot: WorldSnapshot(frame=50758) and length of sensor_data: 1
[2024-02-11 02:16:10,569][__main__][INFO] - Stepping sensor with Sensor ID: 77
[2024-02-11 02:16:10,584][root][INFO] - Begin sync_mode.tick
[2024-02-11 02:16:10,604][__main__][INFO] - Snapshot: WorldSnapshot(frame=50759) and length of sensor_data: 1
[2024-02-11 02:16:10,758][__main__][INFO] - Stepping sensor with Sensor ID: 77
[2024-02-11 02:16:10,773][root][INFO] - Begin sync_mode.tick
[2024-02-11 02:16:10,792][__main__][INFO] - Snapshot: WorldSnapshot(frame=50760) and length of sensor_data: 1
[2024-02-11 02:16:10,945][__main__][INFO] - Stepping sensor with Sensor ID: 77
[2024-02-11 02:16:10,959][root][INFO] - Begin sync_mode.tick
[2024-02-11 02:16:10,976][__main__][INFO] - Snapshot: WorldSnapshot(frame=50761) and length of sensor_data: 1
[2024-02-11 02:16:11,130][__main__][INFO] - Stepping sensor with Sensor ID: 77
[2024-02-11 02:16:11,145][root][INFO] - Begin sync_mode.tick
[2024-02-11 02:16:11,145][__main__][INFO] - Max frames, 10, reached. Exiting...
[2024-02-11 02:16:19,051][__main__][INFO] - Destroying actors
