[2024-01-14 13:37:21,135][__main__][INFO] - learning_rate: 0.1
batch_size: 32
max_iter: 250
patch_shape: ${tuple:3, 100, 100}
patch_location: ${tuple:200, 310}
ksize_range: ${tuple:0, 0}
resize_range: ${tuple:640, 640}
rotation_range: ${tuple:0, 0}
shift_range: ${tuple:0, 0}
brightness_range: ${tuple:0, 0}
saturation_range: ${tuple:0, 0}
hue_range: ${tuple:0, 0}
contrast_range: ${tuple:0, 0}
noise_intensity: ${tuple:0, 0}
tv_weight: 0.1
skip_prob: 0.001
scheduler_step_size: 100
scheduler_gamma: 0.9
logging_frequency: 100

[2024-01-14 13:37:21,454][__main__][INFO] - Device: cuda:0
[2024-01-14 13:37:49,445][__main__][INFO] - tensor([], device='cuda:0', size=(0, 6))
