[2024-02-11 02:17:34,046][__main__][INFO] - listening to server localhost:2000
[2024-02-11 02:17:34,051][__main__][INFO] - carla:
  host: localhost
  port: 2000
  timeout: 30
  sync:
    fps: 10
    timeout: 30
  seed: 30
  townmap: Town10HD_Opt
  traffic_manager_port: 8000
  retry: 10
  texture: D:\NewPatchGen\Assets\New.png
  sign_name: BP_ADVSTOP2
output_dir: _out2
max_frames: 10
weather:
  cloudiness: 30.0
  precipitation: 60.0
  precipitation_deposits: 20.0
  wind_intensity: 0.0
  sun_azimuth_angle: 0.0
  sun_altitude_angle: 30.0
  fog_density: 30.0
  fog_distance: 0.0
  wetness: 60.0
spawn_actors:
- blueprint:
    name: sensor.camera.rgb
    attr:
      image_size_x: '1280'
      image_size_y: '640'
    speed: 1
  transform:
    location:
      x: 110.4
      'y': 7.6
      z: 2.6
    rotation:
      yaw: 270.0
  destination_transform:
    location:
      x: 110.4
      'y': -3.6
      z: 2.6
  sensor_motion:
    jitter_magnitude:
      x: 0.01
      'y': 0.001
      z: 0.01

[2024-02-11 02:17:34,057][__main__][INFO] - CARLA server version: 0.9.15-dirty
[2024-02-11 02:17:34,057][__main__][INFO] - CARLA client version: 0.9.15-dirty
[2024-02-11 02:17:40,587][__main__][INFO] - Time between ticks: 0.03333333507180214 and Delta seconds: 0.03333333333333333
[2024-02-11 02:17:40,588][__main__][INFO] - Setting weather.
[2024-02-11 02:17:40,591][__main__][INFO] - Selected ActorBlueprint(id=sensor.camera.rgb,tags=[sensor, camera, rgb]) blueprint from: [ActorBlueprint(id=sensor.camera.rgb,tags=[sensor, camera, rgb])]
[2024-02-11 02:17:40,592][__main__][INFO] - Config: {'blueprint': {'name': 'sensor.camera.rgb', 'attr': {'image_size_x': '1280', 'image_size_y': '640'}, 'speed': 1}, 'transform': {'location': {'x': 110.4, 'y': 7.6, 'z': 2.6}, 'rotation': {'yaw': 270.0}}, 'destination_transform': {'location': {'x': 110.4, 'y': -3.6, 'z': 2.6}}, 'sensor_motion': {'jitter_magnitude': {'x': 0.01, 'y': 0.001, 'z': 0.01}}}
[2024-02-11 02:17:40,601][__main__][INFO] - Spawned actor: sensor.camera.rgb with id: 80
[2024-02-11 02:17:40,602][__main__][INFO] - Retrieved sensor motion dict after spawning all actors{80: {'jitter_bound_min': <carla.libcarla.Location object at 0x0000016B4B6EB950>, 'jitter_bound_max': <carla.libcarla.Location object at 0x0000016B4B6EBF90>, 'jitter_magnitude': {'x': 0.01, 'y': 0.001, 'z': 0.01}, 'linear_motion_step': <carla.libcarla.Location object at 0x0000016B4B6EBBD0>, 'linear_motion_time': 12.0, 'destination': <carla.libcarla.Location object at 0x0000016B4B6EBEF0>}}
[2024-02-11 02:17:40,624][__main__][INFO] - Init sensors: (<carla.libcarla.ServerSideSensor object at 0x0000016B4B6DB740>,), kwargs: 30
[2024-02-11 02:17:41,753][__main__][INFO] - Making queue for sensor: Actor(id=80, type=sensor.camera.rgb)
[2024-02-11 02:17:41,753][root][INFO] - Begin sync_mode.tick
[2024-02-11 02:17:41,766][__main__][INFO] - Snapshot: WorldSnapshot(frame=50953) and length of sensor_data: 1
[2024-02-11 02:17:41,922][__main__][INFO] - Stepping sensor with Sensor ID: 80
[2024-02-11 02:17:41,937][root][INFO] - Begin sync_mode.tick
[2024-02-11 02:17:41,947][__main__][INFO] - Snapshot: WorldSnapshot(frame=50954) and length of sensor_data: 1
[2024-02-11 02:17:42,101][__main__][INFO] - Stepping sensor with Sensor ID: 80
[2024-02-11 02:17:42,116][root][INFO] - Begin sync_mode.tick
[2024-02-11 02:17:42,125][__main__][INFO] - Snapshot: WorldSnapshot(frame=50955) and length of sensor_data: 1
[2024-02-11 02:17:42,279][__main__][INFO] - Stepping sensor with Sensor ID: 80
[2024-02-11 02:17:42,293][root][INFO] - Begin sync_mode.tick
[2024-02-11 02:17:42,303][__main__][INFO] - Snapshot: WorldSnapshot(frame=50956) and length of sensor_data: 1
[2024-02-11 02:17:42,458][__main__][INFO] - Stepping sensor with Sensor ID: 80
[2024-02-11 02:17:42,472][root][INFO] - Begin sync_mode.tick
[2024-02-11 02:17:42,482][__main__][INFO] - Snapshot: WorldSnapshot(frame=50957) and length of sensor_data: 1
[2024-02-11 02:17:42,637][__main__][INFO] - Stepping sensor with Sensor ID: 80
[2024-02-11 02:17:42,651][root][INFO] - Begin sync_mode.tick
[2024-02-11 02:17:42,662][__main__][INFO] - Snapshot: WorldSnapshot(frame=50958) and length of sensor_data: 1
[2024-02-11 02:17:42,815][__main__][INFO] - Stepping sensor with Sensor ID: 80
[2024-02-11 02:17:42,829][root][INFO] - Begin sync_mode.tick
[2024-02-11 02:17:42,843][__main__][INFO] - Snapshot: WorldSnapshot(frame=50959) and length of sensor_data: 1
[2024-02-11 02:17:42,996][__main__][INFO] - Stepping sensor with Sensor ID: 80
[2024-02-11 02:17:43,011][root][INFO] - Begin sync_mode.tick
[2024-02-11 02:17:43,024][__main__][INFO] - Snapshot: WorldSnapshot(frame=50960) and length of sensor_data: 1
[2024-02-11 02:17:43,179][__main__][INFO] - Stepping sensor with Sensor ID: 80
[2024-02-11 02:17:43,193][root][INFO] - Begin sync_mode.tick
[2024-02-11 02:17:43,210][__main__][INFO] - Snapshot: WorldSnapshot(frame=50961) and length of sensor_data: 1
[2024-02-11 02:17:43,365][__main__][INFO] - Stepping sensor with Sensor ID: 80
[2024-02-11 02:17:43,378][root][INFO] - Begin sync_mode.tick
[2024-02-11 02:17:43,397][__main__][INFO] - Snapshot: WorldSnapshot(frame=50962) and length of sensor_data: 1
[2024-02-11 02:17:43,551][__main__][INFO] - Stepping sensor with Sensor ID: 80
[2024-02-11 02:17:43,565][root][INFO] - Begin sync_mode.tick
[2024-02-11 02:17:43,565][__main__][INFO] - Max frames, 10, reached. Exiting...
[2024-02-11 02:17:50,718][__main__][INFO] - Destroying actors
