[2024-01-14 14:43:06,334][__main__][INFO] - listening to server localhost:2000
[2024-01-14 14:43:06,340][__main__][INFO] - carla:
  host: localhost
  port: 2000
  timeout: 30
  sync:
    fps: 10
    timeout: 30
  seed: 30
  townmap: Town10HD_Opt
  traffic_manager_port: 8000
  retry: 10
  texture: D:\NewPatchGen\outputs\2024-01-14\13-42-51\Patch\texture.png
output_dir: _out2
max_frames: 10
weather:
  cloudiness: 30.0
  precipitation: 60.0
  precipitation_deposits: 20.0
  wind_intensity: 0.0
  sun_azimuth_angle: 0.0
  sun_altitude_angle: 30.0
  fog_density: 30.0
  fog_distance: 0.0
  wetness: 60.0
spawn_actors:
- blueprint:
    name: sensor.camera.rgb
    attr:
      image_size_x: '1280'
      image_size_y: '640'
    speed: 1
  transform:
    location:
      x: 25.0
      'y': 141.6
      z: 2.6
    rotation:
      yaw: 0.0
  destination_transform:
    location:
      x: 35.0
      'y': 141.6
      z: 2.6
  sensor_motion:
    jitter_magnitude:
      x: 0.01
      'y': 0.001
      z: 0.01

[2024-01-14 14:43:08,356][__main__][INFO] - CARLA server version: 0.9.15-dirty
[2024-01-14 14:43:08,357][__main__][INFO] - CARLA client version: 0.9.15-dirty
[2024-01-14 14:43:15,020][__main__][INFO] - Time between ticks: 0.03333333507180214 and Delta seconds: 0.03333333333333333
[2024-01-14 14:43:15,021][__main__][INFO] - Setting weather.
[2024-01-14 14:43:15,023][__main__][INFO] - Selected ActorBlueprint(id=sensor.camera.rgb,tags=[sensor, camera, rgb]) blueprint from: [ActorBlueprint(id=sensor.camera.rgb,tags=[sensor, camera, rgb])]
[2024-01-14 14:43:15,024][__main__][INFO] - Config: {'blueprint': {'name': 'sensor.camera.rgb', 'attr': {'image_size_x': '1280', 'image_size_y': '640'}, 'speed': 1}, 'transform': {'location': {'x': 25.0, 'y': 141.6, 'z': 2.6}, 'rotation': {'yaw': 0.0}}, 'destination_transform': {'location': {'x': 35.0, 'y': 141.6, 'z': 2.6}}, 'sensor_motion': {'jitter_magnitude': {'x': 0.01, 'y': 0.001, 'z': 0.01}}}
[2024-01-14 14:43:15,036][__main__][INFO] - Spawned actor: sensor.camera.rgb with id: 40
[2024-01-14 14:43:15,037][__main__][INFO] - Retrieved sensor motion dict after spawning all actors{40: {'jitter_bound_min': <carla.libcarla.Location object at 0x000001D8F403F310>, 'jitter_bound_max': <carla.libcarla.Location object at 0x000001D8F403F950>, 'jitter_magnitude': {'x': 0.01, 'y': 0.001, 'z': 0.01}, 'linear_motion_step': <carla.libcarla.Location object at 0x000001D8F403F590>, 'linear_motion_time': 10.0, 'destination': <carla.libcarla.Location object at 0x000001D8F403F9A0>}}
[2024-01-14 14:43:15,058][__main__][INFO] - Init sensors: (<carla.libcarla.ServerSideSensor object at 0x000001D8F402A660>,), kwargs: 30
[2024-01-14 14:43:16,073][__main__][INFO] - Making queue for sensor: Actor(id=40, type=sensor.camera.rgb)
[2024-01-14 14:43:16,073][root][INFO] - Begin sync_mode.tick
[2024-01-14 14:43:16,089][__main__][INFO] - Snapshot: WorldSnapshot(frame=1702) and length of sensor_data: 1
[2024-01-14 14:43:16,243][__main__][INFO] - Stepping sensor with Sensor ID: 40
[2024-01-14 14:43:16,258][root][INFO] - Begin sync_mode.tick
[2024-01-14 14:43:16,271][__main__][INFO] - Snapshot: WorldSnapshot(frame=1703) and length of sensor_data: 1
[2024-01-14 14:43:16,424][__main__][INFO] - Stepping sensor with Sensor ID: 40
[2024-01-14 14:43:16,439][root][INFO] - Begin sync_mode.tick
[2024-01-14 14:43:16,451][__main__][INFO] - Snapshot: WorldSnapshot(frame=1704) and length of sensor_data: 1
[2024-01-14 14:43:16,605][__main__][INFO] - Stepping sensor with Sensor ID: 40
[2024-01-14 14:43:16,619][root][INFO] - Begin sync_mode.tick
[2024-01-14 14:43:16,630][__main__][INFO] - Snapshot: WorldSnapshot(frame=1705) and length of sensor_data: 1
[2024-01-14 14:43:16,784][__main__][INFO] - Stepping sensor with Sensor ID: 40
[2024-01-14 14:43:16,798][root][INFO] - Begin sync_mode.tick
[2024-01-14 14:43:16,808][__main__][INFO] - Snapshot: WorldSnapshot(frame=1706) and length of sensor_data: 1
[2024-01-14 14:43:16,963][__main__][INFO] - Stepping sensor with Sensor ID: 40
[2024-01-14 14:43:16,977][root][INFO] - Begin sync_mode.tick
[2024-01-14 14:43:16,987][__main__][INFO] - Snapshot: WorldSnapshot(frame=1707) and length of sensor_data: 1
[2024-01-14 14:43:17,142][__main__][INFO] - Stepping sensor with Sensor ID: 40
[2024-01-14 14:43:17,156][root][INFO] - Begin sync_mode.tick
[2024-01-14 14:43:17,166][__main__][INFO] - Snapshot: WorldSnapshot(frame=1708) and length of sensor_data: 1
[2024-01-14 14:43:17,321][__main__][INFO] - Stepping sensor with Sensor ID: 40
[2024-01-14 14:43:17,335][root][INFO] - Begin sync_mode.tick
[2024-01-14 14:43:17,346][__main__][INFO] - Snapshot: WorldSnapshot(frame=1709) and length of sensor_data: 1
[2024-01-14 14:43:17,500][__main__][INFO] - Stepping sensor with Sensor ID: 40
[2024-01-14 14:43:17,513][root][INFO] - Begin sync_mode.tick
[2024-01-14 14:43:17,525][__main__][INFO] - Snapshot: WorldSnapshot(frame=1710) and length of sensor_data: 1
[2024-01-14 14:43:17,679][__main__][INFO] - Stepping sensor with Sensor ID: 40
[2024-01-14 14:43:17,694][root][INFO] - Begin sync_mode.tick
[2024-01-14 14:43:17,705][__main__][INFO] - Snapshot: WorldSnapshot(frame=1711) and length of sensor_data: 1
[2024-01-14 14:43:17,860][__main__][INFO] - Stepping sensor with Sensor ID: 40
[2024-01-14 14:43:17,874][root][INFO] - Begin sync_mode.tick
[2024-01-14 14:43:17,874][__main__][INFO] - Max frames, 10, reached. Exiting...
[2024-01-14 14:43:24,941][__main__][INFO] - Destroying actors
