[2024-01-14 14:44:26,459][__main__][INFO] - listening to server localhost:2000
[2024-01-14 14:44:26,464][__main__][INFO] - carla:
  host: localhost
  port: 2000
  timeout: 30
  sync:
    fps: 10
    timeout: 30
  seed: 30
  townmap: Town10HD_Opt
  traffic_manager_port: 8000
  retry: 10
  texture: D:\NewPatchGen\outputs\2024-01-14\13-46-08\Patch\texture.png
output_dir: _out2
max_frames: 10
weather:
  cloudiness: 30.0
  precipitation: 60.0
  precipitation_deposits: 20.0
  wind_intensity: 0.0
  sun_azimuth_angle: 0.0
  sun_altitude_angle: 30.0
  fog_density: 30.0
  fog_distance: 0.0
  wetness: 60.0
spawn_actors:
- blueprint:
    name: sensor.camera.rgb
    attr:
      image_size_x: '1280'
      image_size_y: '640'
    speed: 1
  transform:
    location:
      x: 25.0
      'y': 141.6
      z: 2.6
    rotation:
      yaw: 0.0
  destination_transform:
    location:
      x: 35.0
      'y': 141.6
      z: 2.6
  sensor_motion:
    jitter_magnitude:
      x: 0.01
      'y': 0.001
      z: 0.01

[2024-01-14 14:44:28,512][__main__][INFO] - CARLA server version: 0.9.15-dirty
[2024-01-14 14:44:28,512][__main__][INFO] - CARLA client version: 0.9.15-dirty
[2024-01-14 14:44:35,166][__main__][INFO] - Time between ticks: 0.03333333507180214 and Delta seconds: 0.03333333333333333
[2024-01-14 14:44:35,167][__main__][INFO] - Setting weather.
[2024-01-14 14:44:35,169][__main__][INFO] - Selected ActorBlueprint(id=sensor.camera.rgb,tags=[sensor, camera, rgb]) blueprint from: [ActorBlueprint(id=sensor.camera.rgb,tags=[sensor, camera, rgb])]
[2024-01-14 14:44:35,170][__main__][INFO] - Config: {'blueprint': {'name': 'sensor.camera.rgb', 'attr': {'image_size_x': '1280', 'image_size_y': '640'}, 'speed': 1}, 'transform': {'location': {'x': 25.0, 'y': 141.6, 'z': 2.6}, 'rotation': {'yaw': 0.0}}, 'destination_transform': {'location': {'x': 35.0, 'y': 141.6, 'z': 2.6}}, 'sensor_motion': {'jitter_magnitude': {'x': 0.01, 'y': 0.001, 'z': 0.01}}}
[2024-01-14 14:44:35,181][__main__][INFO] - Spawned actor: sensor.camera.rgb with id: 43
[2024-01-14 14:44:35,183][__main__][INFO] - Retrieved sensor motion dict after spawning all actors{43: {'jitter_bound_min': <carla.libcarla.Location object at 0x000002624FE0E360>, 'jitter_bound_max': <carla.libcarla.Location object at 0x000002624FE0E9A0>, 'jitter_magnitude': {'x': 0.01, 'y': 0.001, 'z': 0.01}, 'linear_motion_step': <carla.libcarla.Location object at 0x000002624FE0E5E0>, 'linear_motion_time': 10.0, 'destination': <carla.libcarla.Location object at 0x000002624FE0E9F0>}}
[2024-01-14 14:44:35,221][__main__][INFO] - Init sensors: (<carla.libcarla.ServerSideSensor object at 0x000002624FDF9660>,), kwargs: 30
[2024-01-14 14:44:36,327][__main__][INFO] - Making queue for sensor: Actor(id=43, type=sensor.camera.rgb)
[2024-01-14 14:44:36,327][root][INFO] - Begin sync_mode.tick
[2024-01-14 14:44:36,343][__main__][INFO] - Snapshot: WorldSnapshot(frame=1868) and length of sensor_data: 1
[2024-01-14 14:44:36,498][__main__][INFO] - Stepping sensor with Sensor ID: 43
[2024-01-14 14:44:36,512][root][INFO] - Begin sync_mode.tick
[2024-01-14 14:44:36,523][__main__][INFO] - Snapshot: WorldSnapshot(frame=1869) and length of sensor_data: 1
[2024-01-14 14:44:36,679][__main__][INFO] - Stepping sensor with Sensor ID: 43
[2024-01-14 14:44:36,693][root][INFO] - Begin sync_mode.tick
[2024-01-14 14:44:36,704][__main__][INFO] - Snapshot: WorldSnapshot(frame=1870) and length of sensor_data: 1
[2024-01-14 14:44:36,859][__main__][INFO] - Stepping sensor with Sensor ID: 43
[2024-01-14 14:44:36,872][root][INFO] - Begin sync_mode.tick
[2024-01-14 14:44:36,883][__main__][INFO] - Snapshot: WorldSnapshot(frame=1871) and length of sensor_data: 1
[2024-01-14 14:44:37,038][__main__][INFO] - Stepping sensor with Sensor ID: 43
[2024-01-14 14:44:37,052][root][INFO] - Begin sync_mode.tick
[2024-01-14 14:44:37,064][__main__][INFO] - Snapshot: WorldSnapshot(frame=1872) and length of sensor_data: 1
[2024-01-14 14:44:37,218][__main__][INFO] - Stepping sensor with Sensor ID: 43
[2024-01-14 14:44:37,232][root][INFO] - Begin sync_mode.tick
[2024-01-14 14:44:37,244][__main__][INFO] - Snapshot: WorldSnapshot(frame=1873) and length of sensor_data: 1
[2024-01-14 14:44:37,399][__main__][INFO] - Stepping sensor with Sensor ID: 43
[2024-01-14 14:44:37,413][root][INFO] - Begin sync_mode.tick
[2024-01-14 14:44:37,425][__main__][INFO] - Snapshot: WorldSnapshot(frame=1874) and length of sensor_data: 1
[2024-01-14 14:44:37,582][__main__][INFO] - Stepping sensor with Sensor ID: 43
[2024-01-14 14:44:37,596][root][INFO] - Begin sync_mode.tick
[2024-01-14 14:44:37,608][__main__][INFO] - Snapshot: WorldSnapshot(frame=1875) and length of sensor_data: 1
[2024-01-14 14:44:37,762][__main__][INFO] - Stepping sensor with Sensor ID: 43
[2024-01-14 14:44:37,775][root][INFO] - Begin sync_mode.tick
[2024-01-14 14:44:37,790][__main__][INFO] - Snapshot: WorldSnapshot(frame=1876) and length of sensor_data: 1
[2024-01-14 14:44:37,944][__main__][INFO] - Stepping sensor with Sensor ID: 43
[2024-01-14 14:44:37,958][root][INFO] - Begin sync_mode.tick
[2024-01-14 14:44:37,974][__main__][INFO] - Snapshot: WorldSnapshot(frame=1877) and length of sensor_data: 1
[2024-01-14 14:44:38,130][__main__][INFO] - Stepping sensor with Sensor ID: 43
[2024-01-14 14:44:38,144][root][INFO] - Begin sync_mode.tick
[2024-01-14 14:44:38,144][__main__][INFO] - Max frames, 10, reached. Exiting...
[2024-01-14 14:44:45,354][__main__][INFO] - Destroying actors
