[2024-01-14 14:45:11,355][__main__][INFO] - listening to server localhost:2000
[2024-01-14 14:45:11,361][__main__][INFO] - carla:
  host: localhost
  port: 2000
  timeout: 30
  sync:
    fps: 10
    timeout: 30
  seed: 30
  townmap: Town10HD_Opt
  traffic_manager_port: 8000
  retry: 10
  texture: D:\NewPatchGen\outputs\2024-01-14\13-49-44\Patch\texture.png
output_dir: _out2
max_frames: 10
weather:
  cloudiness: 30.0
  precipitation: 60.0
  precipitation_deposits: 20.0
  wind_intensity: 0.0
  sun_azimuth_angle: 0.0
  sun_altitude_angle: 30.0
  fog_density: 30.0
  fog_distance: 0.0
  wetness: 60.0
spawn_actors:
- blueprint:
    name: sensor.camera.rgb
    attr:
      image_size_x: '1280'
      image_size_y: '640'
    speed: 1
  transform:
    location:
      x: 25.0
      'y': 141.6
      z: 2.6
    rotation:
      yaw: 0.0
  destination_transform:
    location:
      x: 35.0
      'y': 141.6
      z: 2.6
  sensor_motion:
    jitter_magnitude:
      x: 0.01
      'y': 0.001
      z: 0.01

[2024-01-14 14:45:13,399][__main__][INFO] - CARLA server version: 0.9.15-dirty
[2024-01-14 14:45:13,399][__main__][INFO] - CARLA client version: 0.9.15-dirty
[2024-01-14 14:45:20,036][__main__][INFO] - Time between ticks: 0.03333333507180214 and Delta seconds: 0.03333333333333333
[2024-01-14 14:45:20,037][__main__][INFO] - Setting weather.
[2024-01-14 14:45:20,040][__main__][INFO] - Selected ActorBlueprint(id=sensor.camera.rgb,tags=[sensor, camera, rgb]) blueprint from: [ActorBlueprint(id=sensor.camera.rgb,tags=[sensor, camera, rgb])]
[2024-01-14 14:45:20,041][__main__][INFO] - Config: {'blueprint': {'name': 'sensor.camera.rgb', 'attr': {'image_size_x': '1280', 'image_size_y': '640'}, 'speed': 1}, 'transform': {'location': {'x': 25.0, 'y': 141.6, 'z': 2.6}, 'rotation': {'yaw': 0.0}}, 'destination_transform': {'location': {'x': 35.0, 'y': 141.6, 'z': 2.6}}, 'sensor_motion': {'jitter_magnitude': {'x': 0.01, 'y': 0.001, 'z': 0.01}}}
[2024-01-14 14:45:20,052][__main__][INFO] - Spawned actor: sensor.camera.rgb with id: 45
[2024-01-14 14:45:20,053][__main__][INFO] - Retrieved sensor motion dict after spawning all actors{45: {'jitter_bound_min': <carla.libcarla.Location object at 0x000001D6239EE310>, 'jitter_bound_max': <carla.libcarla.Location object at 0x000001D6239EE950>, 'jitter_magnitude': {'x': 0.01, 'y': 0.001, 'z': 0.01}, 'linear_motion_step': <carla.libcarla.Location object at 0x000001D6239EE590>, 'linear_motion_time': 10.0, 'destination': <carla.libcarla.Location object at 0x000001D6239EE9A0>}}
[2024-01-14 14:45:20,077][__main__][INFO] - Init sensors: (<carla.libcarla.ServerSideSensor object at 0x000001D6239DA660>,), kwargs: 30
[2024-01-14 14:45:21,233][__main__][INFO] - Making queue for sensor: Actor(id=45, type=sensor.camera.rgb)
[2024-01-14 14:45:21,233][root][INFO] - Begin sync_mode.tick
[2024-01-14 14:45:21,248][__main__][INFO] - Snapshot: WorldSnapshot(frame=1953) and length of sensor_data: 1
[2024-01-14 14:45:21,404][__main__][INFO] - Stepping sensor with Sensor ID: 45
[2024-01-14 14:45:21,419][root][INFO] - Begin sync_mode.tick
[2024-01-14 14:45:21,430][__main__][INFO] - Snapshot: WorldSnapshot(frame=1954) and length of sensor_data: 1
[2024-01-14 14:45:21,585][__main__][INFO] - Stepping sensor with Sensor ID: 45
[2024-01-14 14:45:21,600][root][INFO] - Begin sync_mode.tick
[2024-01-14 14:45:21,612][__main__][INFO] - Snapshot: WorldSnapshot(frame=1955) and length of sensor_data: 1
[2024-01-14 14:45:21,766][__main__][INFO] - Stepping sensor with Sensor ID: 45
[2024-01-14 14:45:21,781][root][INFO] - Begin sync_mode.tick
[2024-01-14 14:45:21,793][__main__][INFO] - Snapshot: WorldSnapshot(frame=1956) and length of sensor_data: 1
[2024-01-14 14:45:21,948][__main__][INFO] - Stepping sensor with Sensor ID: 45
[2024-01-14 14:45:21,963][root][INFO] - Begin sync_mode.tick
[2024-01-14 14:45:21,973][__main__][INFO] - Snapshot: WorldSnapshot(frame=1957) and length of sensor_data: 1
[2024-01-14 14:45:22,129][__main__][INFO] - Stepping sensor with Sensor ID: 45
[2024-01-14 14:45:22,144][root][INFO] - Begin sync_mode.tick
[2024-01-14 14:45:22,156][__main__][INFO] - Snapshot: WorldSnapshot(frame=1958) and length of sensor_data: 1
[2024-01-14 14:45:22,310][__main__][INFO] - Stepping sensor with Sensor ID: 45
[2024-01-14 14:45:22,325][root][INFO] - Begin sync_mode.tick
[2024-01-14 14:45:22,339][__main__][INFO] - Snapshot: WorldSnapshot(frame=1959) and length of sensor_data: 1
[2024-01-14 14:45:22,494][__main__][INFO] - Stepping sensor with Sensor ID: 45
[2024-01-14 14:45:22,510][root][INFO] - Begin sync_mode.tick
[2024-01-14 14:45:22,523][__main__][INFO] - Snapshot: WorldSnapshot(frame=1960) and length of sensor_data: 1
[2024-01-14 14:45:22,678][__main__][INFO] - Stepping sensor with Sensor ID: 45
[2024-01-14 14:45:22,692][root][INFO] - Begin sync_mode.tick
[2024-01-14 14:45:22,704][__main__][INFO] - Snapshot: WorldSnapshot(frame=1961) and length of sensor_data: 1
[2024-01-14 14:45:22,860][__main__][INFO] - Stepping sensor with Sensor ID: 45
[2024-01-14 14:45:22,874][root][INFO] - Begin sync_mode.tick
[2024-01-14 14:45:22,888][__main__][INFO] - Snapshot: WorldSnapshot(frame=1962) and length of sensor_data: 1
[2024-01-14 14:45:23,042][__main__][INFO] - Stepping sensor with Sensor ID: 45
[2024-01-14 14:45:23,057][root][INFO] - Begin sync_mode.tick
[2024-01-14 14:45:23,057][__main__][INFO] - Max frames, 10, reached. Exiting...
[2024-01-14 14:45:30,168][__main__][INFO] - Destroying actors
