[2024-01-14 14:41:17,440][__main__][INFO] - listening to server localhost:2000
[2024-01-14 14:41:17,445][__main__][INFO] - carla:
  host: localhost
  port: 2000
  timeout: 30
  sync:
    fps: 10
    timeout: 30
  seed: 30
  townmap: Town10HD_Opt
  traffic_manager_port: 8000
  retry: 10
  texture: D:\NewPatchGen\Assets\Random_noise_100.jpeg
output_dir: _out2
max_frames: 10
weather:
  cloudiness: 30.0
  precipitation: 60.0
  precipitation_deposits: 20.0
  wind_intensity: 0.0
  sun_azimuth_angle: 0.0
  sun_altitude_angle: 30.0
  fog_density: 30.0
  fog_distance: 0.0
  wetness: 60.0
spawn_actors:
- blueprint:
    name: sensor.camera.rgb
    attr:
      image_size_x: '1280'
      image_size_y: '640'
    speed: 1
  transform:
    location:
      x: 25.0
      'y': 141.6
      z: 2.6
    rotation:
      yaw: 0.0
  destination_transform:
    location:
      x: 35.0
      'y': 141.6
      z: 2.6
  sensor_motion:
    jitter_magnitude:
      x: 0.01
      'y': 0.001
      z: 0.01

[2024-01-14 14:41:19,498][__main__][INFO] - CARLA server version: 0.9.15-dirty
[2024-01-14 14:41:19,498][__main__][INFO] - CARLA client version: 0.9.15-dirty
[2024-01-14 14:41:26,128][__main__][INFO] - Time between ticks: 0.03333333507180214 and Delta seconds: 0.03333333333333333
[2024-01-14 14:41:26,129][__main__][INFO] - Setting weather.
[2024-01-14 14:41:26,131][__main__][INFO] - Selected ActorBlueprint(id=sensor.camera.rgb,tags=[sensor, camera, rgb]) blueprint from: [ActorBlueprint(id=sensor.camera.rgb,tags=[sensor, camera, rgb])]
[2024-01-14 14:41:26,134][__main__][INFO] - Config: {'blueprint': {'name': 'sensor.camera.rgb', 'attr': {'image_size_x': '1280', 'image_size_y': '640'}, 'speed': 1}, 'transform': {'location': {'x': 25.0, 'y': 141.6, 'z': 2.6}, 'rotation': {'yaw': 0.0}}, 'destination_transform': {'location': {'x': 35.0, 'y': 141.6, 'z': 2.6}}, 'sensor_motion': {'jitter_magnitude': {'x': 0.01, 'y': 0.001, 'z': 0.01}}}
[2024-01-14 14:41:26,146][__main__][INFO] - Spawned actor: sensor.camera.rgb with id: 36
[2024-01-14 14:41:26,148][__main__][INFO] - Retrieved sensor motion dict after spawning all actors{36: {'jitter_bound_min': <carla.libcarla.Location object at 0x0000026B2DB4E310>, 'jitter_bound_max': <carla.libcarla.Location object at 0x0000026B2DB4E950>, 'jitter_magnitude': {'x': 0.01, 'y': 0.001, 'z': 0.01}, 'linear_motion_step': <carla.libcarla.Location object at 0x0000026B2DB4E590>, 'linear_motion_time': 10.0, 'destination': <carla.libcarla.Location object at 0x0000026B2DB4E9A0>}}
[2024-01-14 14:41:26,177][__main__][INFO] - Init sensors: (<carla.libcarla.ServerSideSensor object at 0x0000026B2DB3A510>,), kwargs: 30
[2024-01-14 14:41:27,194][__main__][INFO] - Making queue for sensor: Actor(id=36, type=sensor.camera.rgb)
[2024-01-14 14:41:27,194][root][INFO] - Begin sync_mode.tick
[2024-01-14 14:41:27,212][__main__][INFO] - Snapshot: WorldSnapshot(frame=1476) and length of sensor_data: 1
[2024-01-14 14:41:27,367][__main__][INFO] - Stepping sensor with Sensor ID: 36
[2024-01-14 14:41:27,382][root][INFO] - Begin sync_mode.tick
[2024-01-14 14:41:27,406][__main__][INFO] - Snapshot: WorldSnapshot(frame=1477) and length of sensor_data: 1
[2024-01-14 14:41:27,560][__main__][INFO] - Stepping sensor with Sensor ID: 36
[2024-01-14 14:41:27,574][root][INFO] - Begin sync_mode.tick
[2024-01-14 14:41:27,595][__main__][INFO] - Snapshot: WorldSnapshot(frame=1478) and length of sensor_data: 1
[2024-01-14 14:41:27,749][__main__][INFO] - Stepping sensor with Sensor ID: 36
[2024-01-14 14:41:27,764][root][INFO] - Begin sync_mode.tick
[2024-01-14 14:41:27,782][__main__][INFO] - Snapshot: WorldSnapshot(frame=1479) and length of sensor_data: 1
[2024-01-14 14:41:27,934][__main__][INFO] - Stepping sensor with Sensor ID: 36
[2024-01-14 14:41:27,949][root][INFO] - Begin sync_mode.tick
[2024-01-14 14:41:27,968][__main__][INFO] - Snapshot: WorldSnapshot(frame=1480) and length of sensor_data: 1
[2024-01-14 14:41:28,122][__main__][INFO] - Stepping sensor with Sensor ID: 36
[2024-01-14 14:41:28,138][root][INFO] - Begin sync_mode.tick
[2024-01-14 14:41:28,155][__main__][INFO] - Snapshot: WorldSnapshot(frame=1481) and length of sensor_data: 1
[2024-01-14 14:41:28,310][__main__][INFO] - Stepping sensor with Sensor ID: 36
[2024-01-14 14:41:28,324][root][INFO] - Begin sync_mode.tick
[2024-01-14 14:41:28,344][__main__][INFO] - Snapshot: WorldSnapshot(frame=1482) and length of sensor_data: 1
[2024-01-14 14:41:28,498][__main__][INFO] - Stepping sensor with Sensor ID: 36
[2024-01-14 14:41:28,512][root][INFO] - Begin sync_mode.tick
[2024-01-14 14:41:28,532][__main__][INFO] - Snapshot: WorldSnapshot(frame=1483) and length of sensor_data: 1
[2024-01-14 14:41:28,687][__main__][INFO] - Stepping sensor with Sensor ID: 36
[2024-01-14 14:41:28,702][root][INFO] - Begin sync_mode.tick
[2024-01-14 14:41:28,721][__main__][INFO] - Snapshot: WorldSnapshot(frame=1484) and length of sensor_data: 1
[2024-01-14 14:41:28,874][__main__][INFO] - Stepping sensor with Sensor ID: 36
[2024-01-14 14:41:28,889][root][INFO] - Begin sync_mode.tick
[2024-01-14 14:41:28,913][__main__][INFO] - Snapshot: WorldSnapshot(frame=1485) and length of sensor_data: 1
[2024-01-14 14:41:29,067][__main__][INFO] - Stepping sensor with Sensor ID: 36
[2024-01-14 14:41:29,081][root][INFO] - Begin sync_mode.tick
[2024-01-14 14:41:29,081][__main__][INFO] - Max frames, 10, reached. Exiting...
[2024-01-14 14:41:36,331][__main__][INFO] - Destroying actors
