[2024-02-11 02:35:21,301][__main__][INFO] - listening to server localhost:2000
[2024-02-11 02:35:21,307][__main__][INFO] - carla:
  host: localhost
  port: 2000
  timeout: 30
  sync:
    fps: 10
    timeout: 30
  seed: 30
  townmap: Town10HD_Opt
  traffic_manager_port: 8000
  retry: 10
  texture: D:\NewPatchGen\outputs\2024-01-14\13-33-45\Patch\texture.png
  sign_name: BP_ADVSTOP3
output_dir: _out2
max_frames: 10
weather:
  cloudiness: 0.0
  precipitation: 0.0
  precipitation_deposits: 0.0
  wind_intensity: 0.0
  sun_azimuth_angle: 0.0
  sun_altitude_angle: 30.0
  fog_density: 0.0
  fog_distance: 0.0
  wetness: 0.0
spawn_actors:
- blueprint:
    name: sensor.camera.rgb
    attr:
      image_size_x: '1280'
      image_size_y: '640'
    speed: 1
  transform:
    location:
      x: -18.2
      'y': 11.0
      z: 2.6
    rotation:
      yaw: 180.0
  destination_transform:
    location:
      x: -28.2
      'y': 11.0
      z: 2.6
  sensor_motion:
    jitter_magnitude:
      x: 0.01
      'y': 0.001
      z: 0.01

[2024-02-11 02:35:21,312][__main__][INFO] - CARLA server version: 0.9.15-dirty
[2024-02-11 02:35:21,313][__main__][INFO] - CARLA client version: 0.9.15-dirty
[2024-02-11 02:35:27,954][__main__][INFO] - Time between ticks: 0.03333333507180214 and Delta seconds: 0.03333333333333333
[2024-02-11 02:35:27,955][__main__][INFO] - Setting weather.
[2024-02-11 02:35:27,957][__main__][INFO] - Selected ActorBlueprint(id=sensor.camera.rgb,tags=[sensor, camera, rgb]) blueprint from: [ActorBlueprint(id=sensor.camera.rgb,tags=[sensor, camera, rgb])]
[2024-02-11 02:35:27,960][__main__][INFO] - Config: {'blueprint': {'name': 'sensor.camera.rgb', 'attr': {'image_size_x': '1280', 'image_size_y': '640'}, 'speed': 1}, 'transform': {'location': {'x': -18.2, 'y': 11.0, 'z': 2.6}, 'rotation': {'yaw': 180.0}}, 'destination_transform': {'location': {'x': -28.2, 'y': 11.0, 'z': 2.6}}, 'sensor_motion': {'jitter_magnitude': {'x': 0.01, 'y': 0.001, 'z': 0.01}}}
[2024-02-11 02:35:27,970][__main__][INFO] - Spawned actor: sensor.camera.rgb with id: 95
[2024-02-11 02:35:27,971][__main__][INFO] - Retrieved sensor motion dict after spawning all actors{95: {'jitter_bound_min': <carla.libcarla.Location object at 0x0000023F68C5C900>, 'jitter_bound_max': <carla.libcarla.Location object at 0x0000023F68C5CF40>, 'jitter_magnitude': {'x': 0.01, 'y': 0.001, 'z': 0.01}, 'linear_motion_step': <carla.libcarla.Location object at 0x0000023F68C5CB80>, 'linear_motion_time': 10.0, 'destination': <carla.libcarla.Location object at 0x0000023F68C5CF90>}}
[2024-02-11 02:35:27,995][__main__][INFO] - Init sensors: (<carla.libcarla.ServerSideSensor object at 0x0000023F68C48890>,), kwargs: 30
[2024-02-11 02:35:29,096][__main__][INFO] - Making queue for sensor: Actor(id=95, type=sensor.camera.rgb)
[2024-02-11 02:35:29,096][root][INFO] - Begin sync_mode.tick
[2024-02-11 02:35:29,110][__main__][INFO] - Snapshot: WorldSnapshot(frame=53756) and length of sensor_data: 1
[2024-02-11 02:35:29,266][__main__][INFO] - Stepping sensor with Sensor ID: 95
[2024-02-11 02:35:29,281][root][INFO] - Begin sync_mode.tick
[2024-02-11 02:35:29,296][__main__][INFO] - Snapshot: WorldSnapshot(frame=53757) and length of sensor_data: 1
[2024-02-11 02:35:29,452][__main__][INFO] - Stepping sensor with Sensor ID: 95
[2024-02-11 02:35:29,467][root][INFO] - Begin sync_mode.tick
[2024-02-11 02:35:29,476][__main__][INFO] - Snapshot: WorldSnapshot(frame=53758) and length of sensor_data: 1
[2024-02-11 02:35:29,630][__main__][INFO] - Stepping sensor with Sensor ID: 95
[2024-02-11 02:35:29,644][root][INFO] - Begin sync_mode.tick
[2024-02-11 02:35:29,655][__main__][INFO] - Snapshot: WorldSnapshot(frame=53759) and length of sensor_data: 1
[2024-02-11 02:35:29,809][__main__][INFO] - Stepping sensor with Sensor ID: 95
[2024-02-11 02:35:29,823][root][INFO] - Begin sync_mode.tick
[2024-02-11 02:35:29,835][__main__][INFO] - Snapshot: WorldSnapshot(frame=53760) and length of sensor_data: 1
[2024-02-11 02:35:29,989][__main__][INFO] - Stepping sensor with Sensor ID: 95
[2024-02-11 02:35:30,004][root][INFO] - Begin sync_mode.tick
[2024-02-11 02:35:30,014][__main__][INFO] - Snapshot: WorldSnapshot(frame=53761) and length of sensor_data: 1
[2024-02-11 02:35:30,169][__main__][INFO] - Stepping sensor with Sensor ID: 95
[2024-02-11 02:35:30,183][root][INFO] - Begin sync_mode.tick
[2024-02-11 02:35:30,195][__main__][INFO] - Snapshot: WorldSnapshot(frame=53762) and length of sensor_data: 1
[2024-02-11 02:35:30,348][__main__][INFO] - Stepping sensor with Sensor ID: 95
[2024-02-11 02:35:30,363][root][INFO] - Begin sync_mode.tick
[2024-02-11 02:35:30,375][__main__][INFO] - Snapshot: WorldSnapshot(frame=53763) and length of sensor_data: 1
[2024-02-11 02:35:30,529][__main__][INFO] - Stepping sensor with Sensor ID: 95
[2024-02-11 02:35:30,543][root][INFO] - Begin sync_mode.tick
[2024-02-11 02:35:30,555][__main__][INFO] - Snapshot: WorldSnapshot(frame=53764) and length of sensor_data: 1
[2024-02-11 02:35:30,709][__main__][INFO] - Stepping sensor with Sensor ID: 95
[2024-02-11 02:35:30,723][root][INFO] - Begin sync_mode.tick
[2024-02-11 02:35:30,735][__main__][INFO] - Snapshot: WorldSnapshot(frame=53765) and length of sensor_data: 1
[2024-02-11 02:35:30,889][__main__][INFO] - Stepping sensor with Sensor ID: 95
[2024-02-11 02:35:30,903][root][INFO] - Begin sync_mode.tick
[2024-02-11 02:35:30,903][__main__][INFO] - Max frames, 10, reached. Exiting...
[2024-02-11 02:35:38,720][__main__][INFO] - Destroying actors
