[2024-01-18 14:56:14,173][__main__][INFO] - listening to server localhost:2000
[2024-01-18 14:56:14,178][__main__][INFO] - carla:
  host: localhost
  port: 2000
  timeout: 30
  sync:
    fps: 10
    timeout: 30
  seed: 30
  townmap: Town10HD_Opt
  traffic_manager_port: 8000
  retry: 10
  texture: D:\NewPatchGen\Assets\New.png
output_dir: _out2
max_frames: 10
weather:
  cloudiness: 0.0
  precipitation: 0.0
  precipitation_deposits: 0.0
  wind_intensity: 0.0
  sun_azimuth_angle: 0.0
  sun_altitude_angle: 30.0
  fog_density: 0.0
  fog_distance: 0.0
  wetness: 0.0
spawn_actors:
- blueprint:
    name: sensor.camera.rgb
    attr:
      image_size_x: '1280'
      image_size_y: '640'
    speed: 1
  transform:
    location:
      x: 25.0
      'y': 141.6
      z: 2.6
    rotation:
      yaw: 0.0
  destination_transform:
    location:
      x: 35.0
      'y': 141.6
      z: 2.6
  sensor_motion:
    jitter_magnitude:
      x: 0.01
      'y': 0.001
      z: 0.01

[2024-01-18 14:56:16,216][__main__][INFO] - CARLA server version: 0.9.15-dirty
[2024-01-18 14:56:16,216][__main__][INFO] - CARLA client version: 0.9.15-dirty
[2024-01-18 14:56:18,977][__main__][INFO] - Time between ticks: 0.03333333507180214 and Delta seconds: 0.03333333333333333
[2024-01-18 14:56:18,978][__main__][INFO] - Setting weather.
[2024-01-18 14:56:18,981][__main__][INFO] - Selected ActorBlueprint(id=sensor.camera.rgb,tags=[sensor, camera, rgb]) blueprint from: [ActorBlueprint(id=sensor.camera.rgb,tags=[sensor, camera, rgb])]
[2024-01-18 14:56:18,982][__main__][INFO] - Config: {'blueprint': {'name': 'sensor.camera.rgb', 'attr': {'image_size_x': '1280', 'image_size_y': '640'}, 'speed': 1}, 'transform': {'location': {'x': 25.0, 'y': 141.6, 'z': 2.6}, 'rotation': {'yaw': 0.0}}, 'destination_transform': {'location': {'x': 35.0, 'y': 141.6, 'z': 2.6}}, 'sensor_motion': {'jitter_magnitude': {'x': 0.01, 'y': 0.001, 'z': 0.01}}}
[2024-01-18 14:56:19,028][__main__][INFO] - Spawned actor: sensor.camera.rgb with id: 24
[2024-01-18 14:56:19,029][__main__][INFO] - Retrieved sensor motion dict after spawning all actors{24: {'jitter_bound_min': <carla.libcarla.Location object at 0x000002A4B85E9630>, 'jitter_bound_max': <carla.libcarla.Location object at 0x000002A4B85E9DB0>, 'jitter_magnitude': {'x': 0.01, 'y': 0.001, 'z': 0.01}, 'linear_motion_step': <carla.libcarla.Location object at 0x000002A4B85E99F0>, 'linear_motion_time': 10.0, 'destination': <carla.libcarla.Location object at 0x000002A4B85E9E00>}}
[2024-01-18 14:56:19,141][__main__][INFO] - Init sensors: (<carla.libcarla.ServerSideSensor object at 0x000002A4B85DA580>,), kwargs: 30
[2024-01-18 14:56:20,167][__main__][INFO] - Making queue for sensor: Actor(id=24, type=sensor.camera.rgb)
[2024-01-18 14:56:20,168][root][INFO] - Begin sync_mode.tick
[2024-01-18 14:56:20,186][__main__][INFO] - Snapshot: WorldSnapshot(frame=1321) and length of sensor_data: 1
[2024-01-18 14:56:20,339][__main__][INFO] - Stepping sensor with Sensor ID: 24
[2024-01-18 14:56:20,353][root][INFO] - Begin sync_mode.tick
[2024-01-18 14:56:20,379][__main__][INFO] - Snapshot: WorldSnapshot(frame=1322) and length of sensor_data: 1
[2024-01-18 14:56:20,532][__main__][INFO] - Stepping sensor with Sensor ID: 24
[2024-01-18 14:56:20,547][root][INFO] - Begin sync_mode.tick
[2024-01-18 14:56:20,558][__main__][INFO] - Snapshot: WorldSnapshot(frame=1323) and length of sensor_data: 1
[2024-01-18 14:56:20,723][__main__][INFO] - Stepping sensor with Sensor ID: 24
[2024-01-18 14:56:20,737][root][INFO] - Begin sync_mode.tick
[2024-01-18 14:56:20,756][__main__][INFO] - Snapshot: WorldSnapshot(frame=1324) and length of sensor_data: 1
[2024-01-18 14:56:20,911][__main__][INFO] - Stepping sensor with Sensor ID: 24
[2024-01-18 14:56:20,926][root][INFO] - Begin sync_mode.tick
[2024-01-18 14:56:20,947][__main__][INFO] - Snapshot: WorldSnapshot(frame=1325) and length of sensor_data: 1
[2024-01-18 14:56:21,105][__main__][INFO] - Stepping sensor with Sensor ID: 24
[2024-01-18 14:56:21,119][root][INFO] - Begin sync_mode.tick
[2024-01-18 14:56:21,138][__main__][INFO] - Snapshot: WorldSnapshot(frame=1326) and length of sensor_data: 1
[2024-01-18 14:56:21,295][__main__][INFO] - Stepping sensor with Sensor ID: 24
[2024-01-18 14:56:21,310][root][INFO] - Begin sync_mode.tick
[2024-01-18 14:56:21,328][__main__][INFO] - Snapshot: WorldSnapshot(frame=1327) and length of sensor_data: 1
[2024-01-18 14:56:21,485][__main__][INFO] - Stepping sensor with Sensor ID: 24
[2024-01-18 14:56:21,499][root][INFO] - Begin sync_mode.tick
[2024-01-18 14:56:21,517][__main__][INFO] - Snapshot: WorldSnapshot(frame=1328) and length of sensor_data: 1
[2024-01-18 14:56:21,679][__main__][INFO] - Stepping sensor with Sensor ID: 24
[2024-01-18 14:56:21,693][root][INFO] - Begin sync_mode.tick
[2024-01-18 14:56:21,712][__main__][INFO] - Snapshot: WorldSnapshot(frame=1329) and length of sensor_data: 1
[2024-01-18 14:56:21,878][__main__][INFO] - Stepping sensor with Sensor ID: 24
[2024-01-18 14:56:21,894][root][INFO] - Begin sync_mode.tick
[2024-01-18 14:56:21,911][__main__][INFO] - Snapshot: WorldSnapshot(frame=1330) and length of sensor_data: 1
[2024-01-18 14:56:22,088][__main__][INFO] - Stepping sensor with Sensor ID: 24
[2024-01-18 14:56:22,108][root][INFO] - Begin sync_mode.tick
[2024-01-18 14:56:22,108][__main__][INFO] - Max frames, 10, reached. Exiting...
[2024-01-18 14:56:32,424][__main__][INFO] - Destroying actors
