[2024-01-14 13:53:32,940][__main__][INFO] - learning_rate: 0.1
batch_size: 32
max_iter: 250
patch_shape: ${tuple:3, 64, 64}
patch_location: ${tuple:200, 310}
ksize_range: ${tuple:0, 20}
resize_range: ${tuple:128, 640}
rotation_range: ${tuple:-10, 10}
shift_range: ${tuple:-100, 100}
brightness_range: ${tuple:0.5, 2.0}
saturation_range: ${tuple:0.5, 2.0}
hue_range: ${tuple:-0.1, 0.1}
contrast_range: ${tuple:0.5, 2.0}
noise_intensity: ${tuple:0.01, 0.1}
tv_weight: 0.1
skip_prob: 0.001
scheduler_step_size: 100
scheduler_gamma: 0.9
logging_frequency: 100

[2024-01-14 13:53:33,271][__main__][INFO] - Device: cuda:0
[2024-01-14 13:55:10,801][__main__][INFO] - tensor([[3.10101e+02, 1.95935e+02, 3.75126e+02, 2.62801e+02, 8.73076e-01, 5.50000e+01],
        [1.80856e+02, 1.80743e+02, 4.76387e+02, 4.60949e+02, 4.05703e-01, 5.50000e+01]], device='cuda:0')
