[2024-01-14 14:55:19,264][__main__][INFO] - listening to server localhost:2000
[2024-01-14 14:55:19,269][__main__][INFO] - carla:
  host: localhost
  port: 2000
  timeout: 30
  sync:
    fps: 10
    timeout: 30
  seed: 30
  townmap: Town10HD_Opt
  traffic_manager_port: 8000
  retry: 10
  texture: D:\NewPatchGen\outputs\2024-01-14\13-49-44\Patch\texture.png
output_dir: _out2
max_frames: 10
weather:
  cloudiness: 0.0
  precipitation: 0.0
  precipitation_deposits: 0.0
  wind_intensity: 0.0
  sun_azimuth_angle: 0.0
  sun_altitude_angle: 30.0
  fog_density: 0.0
  fog_distance: 0.0
  wetness: 0.0
spawn_actors:
- blueprint:
    name: sensor.camera.rgb
    attr:
      image_size_x: '1280'
      image_size_y: '640'
    speed: 1
  transform:
    location:
      x: 25.0
      'y': 141.6
      z: 2.6
    rotation:
      yaw: 0.0
  destination_transform:
    location:
      x: 35.0
      'y': 141.6
      z: 2.6
  sensor_motion:
    jitter_magnitude:
      x: 0.01
      'y': 0.001
      z: 0.01

[2024-01-14 14:55:21,317][__main__][INFO] - CARLA server version: 0.9.15-dirty
[2024-01-14 14:55:21,317][__main__][INFO] - CARLA client version: 0.9.15-dirty
[2024-01-14 14:55:27,723][__main__][INFO] - Time between ticks: 0.03333333507180214 and Delta seconds: 0.03333333333333333
[2024-01-14 14:55:27,723][__main__][INFO] - Setting weather.
[2024-01-14 14:55:27,725][__main__][INFO] - Selected ActorBlueprint(id=sensor.camera.rgb,tags=[sensor, camera, rgb]) blueprint from: [ActorBlueprint(id=sensor.camera.rgb,tags=[sensor, camera, rgb])]
[2024-01-14 14:55:27,727][__main__][INFO] - Config: {'blueprint': {'name': 'sensor.camera.rgb', 'attr': {'image_size_x': '1280', 'image_size_y': '640'}, 'speed': 1}, 'transform': {'location': {'x': 25.0, 'y': 141.6, 'z': 2.6}, 'rotation': {'yaw': 0.0}}, 'destination_transform': {'location': {'x': 35.0, 'y': 141.6, 'z': 2.6}}, 'sensor_motion': {'jitter_magnitude': {'x': 0.01, 'y': 0.001, 'z': 0.01}}}
[2024-01-14 14:55:27,738][__main__][INFO] - Spawned actor: sensor.camera.rgb with id: 57
[2024-01-14 14:55:27,739][__main__][INFO] - Retrieved sensor motion dict after spawning all actors{57: {'jitter_bound_min': <carla.libcarla.Location object at 0x000001733CF8E3B0>, 'jitter_bound_max': <carla.libcarla.Location object at 0x000001733CF8E9F0>, 'jitter_magnitude': {'x': 0.01, 'y': 0.001, 'z': 0.01}, 'linear_motion_step': <carla.libcarla.Location object at 0x000001733CF8E630>, 'linear_motion_time': 10.0, 'destination': <carla.libcarla.Location object at 0x000001733CF8EA40>}}
[2024-01-14 14:55:27,753][__main__][INFO] - Init sensors: (<carla.libcarla.ServerSideSensor object at 0x000001733CF79660>,), kwargs: 30
[2024-01-14 14:55:28,808][__main__][INFO] - Making queue for sensor: Actor(id=57, type=sensor.camera.rgb)
[2024-01-14 14:55:28,808][root][INFO] - Begin sync_mode.tick
[2024-01-14 14:55:28,820][__main__][INFO] - Snapshot: WorldSnapshot(frame=3460) and length of sensor_data: 1
[2024-01-14 14:55:28,973][__main__][INFO] - Stepping sensor with Sensor ID: 57
[2024-01-14 14:55:28,987][root][INFO] - Begin sync_mode.tick
[2024-01-14 14:55:28,997][__main__][INFO] - Snapshot: WorldSnapshot(frame=3461) and length of sensor_data: 1
[2024-01-14 14:55:29,148][__main__][INFO] - Stepping sensor with Sensor ID: 57
[2024-01-14 14:55:29,163][root][INFO] - Begin sync_mode.tick
[2024-01-14 14:55:29,173][__main__][INFO] - Snapshot: WorldSnapshot(frame=3462) and length of sensor_data: 1
[2024-01-14 14:55:29,324][__main__][INFO] - Stepping sensor with Sensor ID: 57
[2024-01-14 14:55:29,338][root][INFO] - Begin sync_mode.tick
[2024-01-14 14:55:29,349][__main__][INFO] - Snapshot: WorldSnapshot(frame=3463) and length of sensor_data: 1
[2024-01-14 14:55:29,502][__main__][INFO] - Stepping sensor with Sensor ID: 57
[2024-01-14 14:55:29,516][root][INFO] - Begin sync_mode.tick
[2024-01-14 14:55:29,527][__main__][INFO] - Snapshot: WorldSnapshot(frame=3464) and length of sensor_data: 1
[2024-01-14 14:55:29,680][__main__][INFO] - Stepping sensor with Sensor ID: 57
[2024-01-14 14:55:29,695][root][INFO] - Begin sync_mode.tick
[2024-01-14 14:55:29,707][__main__][INFO] - Snapshot: WorldSnapshot(frame=3465) and length of sensor_data: 1
[2024-01-14 14:55:29,862][__main__][INFO] - Stepping sensor with Sensor ID: 57
[2024-01-14 14:55:29,876][root][INFO] - Begin sync_mode.tick
[2024-01-14 14:55:29,887][__main__][INFO] - Snapshot: WorldSnapshot(frame=3466) and length of sensor_data: 1
[2024-01-14 14:55:30,041][__main__][INFO] - Stepping sensor with Sensor ID: 57
[2024-01-14 14:55:30,055][root][INFO] - Begin sync_mode.tick
[2024-01-14 14:55:30,067][__main__][INFO] - Snapshot: WorldSnapshot(frame=3467) and length of sensor_data: 1
[2024-01-14 14:55:30,222][__main__][INFO] - Stepping sensor with Sensor ID: 57
[2024-01-14 14:55:30,236][root][INFO] - Begin sync_mode.tick
[2024-01-14 14:55:30,248][__main__][INFO] - Snapshot: WorldSnapshot(frame=3468) and length of sensor_data: 1
[2024-01-14 14:55:30,402][__main__][INFO] - Stepping sensor with Sensor ID: 57
[2024-01-14 14:55:30,415][root][INFO] - Begin sync_mode.tick
[2024-01-14 14:55:30,426][__main__][INFO] - Snapshot: WorldSnapshot(frame=3469) and length of sensor_data: 1
[2024-01-14 14:55:30,581][__main__][INFO] - Stepping sensor with Sensor ID: 57
[2024-01-14 14:55:30,595][root][INFO] - Begin sync_mode.tick
[2024-01-14 14:55:30,595][__main__][INFO] - Max frames, 10, reached. Exiting...
[2024-01-14 14:55:37,983][__main__][INFO] - Destroying actors
