[2024-02-11 02:06:30,113][__main__][INFO] - listening to server localhost:2000
[2024-02-11 02:06:30,118][__main__][INFO] - carla:
  host: localhost
  port: 2000
  timeout: 30
  sync:
    fps: 10
    timeout: 30
  seed: 30
  townmap: Town10HD_Opt
  traffic_manager_port: 8000
  retry: 10
  texture: D:\NewPatchGen\Assets\New.png
  sign_name: BP_ADVSTOP2
output_dir: _out2
max_frames: 10
weather:
  cloudiness: 0.0
  precipitation: 0.0
  precipitation_deposits: 0.0
  wind_intensity: 0.0
  sun_azimuth_angle: 0.0
  sun_altitude_angle: 30.0
  fog_density: 0.0
  fog_distance: 0.0
  wetness: 0.0
spawn_actors:
- blueprint:
    name: sensor.camera.rgb
    attr:
      image_size_x: '1280'
      image_size_y: '640'
    speed: 1
  transform:
    location:
      x: 109.4
      'y': 7.6
      z: 2.6
    rotation:
      yaw: 270.0
  destination_transform:
    location:
      x: 109.4
      'y': -3.6
      z: 2.6
  sensor_motion:
    jitter_magnitude:
      x: 0.01
      'y': 0.001
      z: 0.01

[2024-02-11 02:07:00,133][__main__][INFO] - CARLA connection failed on attempt 1 of 10
[2024-02-11 02:07:05,140][__main__][INFO] - CARLA server version: 0.9.15-dirty
[2024-02-11 02:07:05,140][__main__][INFO] - CARLA client version: 0.9.15-dirty
[2024-02-11 02:07:05,614][__main__][INFO] - Time between ticks: 0.03333333507180214 and Delta seconds: 0.03333333333333333
[2024-02-11 02:07:05,615][__main__][INFO] - Setting weather.
[2024-02-11 02:07:05,617][__main__][INFO] - Selected ActorBlueprint(id=sensor.camera.rgb,tags=[sensor, camera, rgb]) blueprint from: [ActorBlueprint(id=sensor.camera.rgb,tags=[sensor, camera, rgb])]
[2024-02-11 02:07:05,619][__main__][INFO] - Config: {'blueprint': {'name': 'sensor.camera.rgb', 'attr': {'image_size_x': '1280', 'image_size_y': '640'}, 'speed': 1}, 'transform': {'location': {'x': 109.4, 'y': 7.6, 'z': 2.6}, 'rotation': {'yaw': 270.0}}, 'destination_transform': {'location': {'x': 109.4, 'y': -3.6, 'z': 2.6}}, 'sensor_motion': {'jitter_magnitude': {'x': 0.01, 'y': 0.001, 'z': 0.01}}}
[2024-02-11 02:07:05,645][__main__][INFO] - Spawned actor: sensor.camera.rgb with id: 49
[2024-02-11 02:07:05,646][__main__][INFO] - Retrieved sensor motion dict after spawning all actors{49: {'jitter_bound_min': <carla.libcarla.Location object at 0x0000014A5C89CAE0>, 'jitter_bound_max': <carla.libcarla.Location object at 0x0000014A5C89CE50>, 'jitter_magnitude': {'x': 0.01, 'y': 0.001, 'z': 0.01}, 'linear_motion_step': <carla.libcarla.Location object at 0x0000014A5C8A7130>, 'linear_motion_time': 12.0, 'destination': <carla.libcarla.Location object at 0x0000014A5C8A71D0>}}
[2024-02-11 02:07:05,764][__main__][INFO] - Init sensors: (<carla.libcarla.ServerSideSensor object at 0x0000014A5C88D740>,), kwargs: 30
[2024-02-11 02:07:06,782][__main__][INFO] - Making queue for sensor: Actor(id=49, type=sensor.camera.rgb)
[2024-02-11 02:07:06,782][root][INFO] - Begin sync_mode.tick
[2024-02-11 02:07:06,795][__main__][INFO] - Snapshot: WorldSnapshot(frame=47150) and length of sensor_data: 1
[2024-02-11 02:07:06,948][__main__][INFO] - Stepping sensor with Sensor ID: 49
[2024-02-11 02:07:06,963][root][INFO] - Begin sync_mode.tick
[2024-02-11 02:07:06,978][__main__][INFO] - Snapshot: WorldSnapshot(frame=47151) and length of sensor_data: 1
[2024-02-11 02:07:07,132][__main__][INFO] - Stepping sensor with Sensor ID: 49
[2024-02-11 02:07:07,146][root][INFO] - Begin sync_mode.tick
[2024-02-11 02:07:07,163][__main__][INFO] - Snapshot: WorldSnapshot(frame=47152) and length of sensor_data: 1
[2024-02-11 02:07:07,316][__main__][INFO] - Stepping sensor with Sensor ID: 49
[2024-02-11 02:07:07,330][root][INFO] - Begin sync_mode.tick
[2024-02-11 02:07:07,346][__main__][INFO] - Snapshot: WorldSnapshot(frame=47153) and length of sensor_data: 1
[2024-02-11 02:07:07,498][__main__][INFO] - Stepping sensor with Sensor ID: 49
[2024-02-11 02:07:07,513][root][INFO] - Begin sync_mode.tick
[2024-02-11 02:07:07,528][__main__][INFO] - Snapshot: WorldSnapshot(frame=47154) and length of sensor_data: 1
[2024-02-11 02:07:07,680][__main__][INFO] - Stepping sensor with Sensor ID: 49
[2024-02-11 02:07:07,694][root][INFO] - Begin sync_mode.tick
[2024-02-11 02:07:07,710][__main__][INFO] - Snapshot: WorldSnapshot(frame=47155) and length of sensor_data: 1
[2024-02-11 02:07:07,862][__main__][INFO] - Stepping sensor with Sensor ID: 49
[2024-02-11 02:07:07,876][root][INFO] - Begin sync_mode.tick
[2024-02-11 02:07:07,893][__main__][INFO] - Snapshot: WorldSnapshot(frame=47156) and length of sensor_data: 1
[2024-02-11 02:07:08,047][__main__][INFO] - Stepping sensor with Sensor ID: 49
[2024-02-11 02:07:08,062][root][INFO] - Begin sync_mode.tick
[2024-02-11 02:07:08,077][__main__][INFO] - Snapshot: WorldSnapshot(frame=47157) and length of sensor_data: 1
[2024-02-11 02:07:08,228][__main__][INFO] - Stepping sensor with Sensor ID: 49
[2024-02-11 02:07:08,243][root][INFO] - Begin sync_mode.tick
[2024-02-11 02:07:08,259][__main__][INFO] - Snapshot: WorldSnapshot(frame=47158) and length of sensor_data: 1
[2024-02-11 02:07:08,412][__main__][INFO] - Stepping sensor with Sensor ID: 49
[2024-02-11 02:07:08,426][root][INFO] - Begin sync_mode.tick
[2024-02-11 02:07:08,444][__main__][INFO] - Snapshot: WorldSnapshot(frame=47159) and length of sensor_data: 1
[2024-02-11 02:07:08,598][__main__][INFO] - Stepping sensor with Sensor ID: 49
[2024-02-11 02:07:08,612][root][INFO] - Begin sync_mode.tick
[2024-02-11 02:07:08,612][__main__][INFO] - Max frames, 10, reached. Exiting...
[2024-02-11 02:07:16,731][__main__][INFO] - Destroying actors
