[2024-02-11 02:34:37,454][__main__][INFO] - listening to server localhost:2000
[2024-02-11 02:34:37,459][__main__][INFO] - carla:
  host: localhost
  port: 2000
  timeout: 30
  sync:
    fps: 10
    timeout: 30
  seed: 30
  townmap: Town10HD_Opt
  traffic_manager_port: 8000
  retry: 10
  texture: D:\NewPatchGen\outputs\2024-01-14\13-33-45\Patch\texture.png
  sign_name: BP_ADVSTOP2
output_dir: _out2
max_frames: 10
weather:
  cloudiness: 30.0
  precipitation: 60.0
  precipitation_deposits: 20.0
  wind_intensity: 0.0
  sun_azimuth_angle: 0.0
  sun_altitude_angle: 30.0
  fog_density: 30.0
  fog_distance: 0.0
  wetness: 60.0
spawn_actors:
- blueprint:
    name: sensor.camera.rgb
    attr:
      image_size_x: '1280'
      image_size_y: '640'
    speed: 1
  transform:
    location:
      x: 110.4
      'y': 7.6
      z: 2.6
    rotation:
      yaw: 270.0
  destination_transform:
    location:
      x: 110.4
      'y': -3.6
      z: 2.6
  sensor_motion:
    jitter_magnitude:
      x: 0.01
      'y': 0.001
      z: 0.01

[2024-02-11 02:34:37,464][__main__][INFO] - CARLA server version: 0.9.15-dirty
[2024-02-11 02:34:37,464][__main__][INFO] - CARLA client version: 0.9.15-dirty
[2024-02-11 02:34:43,956][__main__][INFO] - Time between ticks: 0.03333333507180214 and Delta seconds: 0.03333333333333333
[2024-02-11 02:34:43,957][__main__][INFO] - Setting weather.
[2024-02-11 02:34:43,960][__main__][INFO] - Selected ActorBlueprint(id=sensor.camera.rgb,tags=[sensor, camera, rgb]) blueprint from: [ActorBlueprint(id=sensor.camera.rgb,tags=[sensor, camera, rgb])]
[2024-02-11 02:34:43,961][__main__][INFO] - Config: {'blueprint': {'name': 'sensor.camera.rgb', 'attr': {'image_size_x': '1280', 'image_size_y': '640'}, 'speed': 1}, 'transform': {'location': {'x': 110.4, 'y': 7.6, 'z': 2.6}, 'rotation': {'yaw': 270.0}}, 'destination_transform': {'location': {'x': 110.4, 'y': -3.6, 'z': 2.6}}, 'sensor_motion': {'jitter_magnitude': {'x': 0.01, 'y': 0.001, 'z': 0.01}}}
[2024-02-11 02:34:43,973][__main__][INFO] - Spawned actor: sensor.camera.rgb with id: 94
[2024-02-11 02:34:43,974][__main__][INFO] - Retrieved sensor motion dict after spawning all actors{94: {'jitter_bound_min': <carla.libcarla.Location object at 0x000001D57AEBC8B0>, 'jitter_bound_max': <carla.libcarla.Location object at 0x000001D57AEBCEF0>, 'jitter_magnitude': {'x': 0.01, 'y': 0.001, 'z': 0.01}, 'linear_motion_step': <carla.libcarla.Location object at 0x000001D57AEBCB30>, 'linear_motion_time': 12.0, 'destination': <carla.libcarla.Location object at 0x000001D57AEBCF40>}}
[2024-02-11 02:34:43,993][__main__][INFO] - Init sensors: (<carla.libcarla.ServerSideSensor object at 0x000001D57AEA8890>,), kwargs: 30
[2024-02-11 02:34:45,015][__main__][INFO] - Making queue for sensor: Actor(id=94, type=sensor.camera.rgb)
[2024-02-11 02:34:45,015][root][INFO] - Begin sync_mode.tick
[2024-02-11 02:34:45,031][__main__][INFO] - Snapshot: WorldSnapshot(frame=53650) and length of sensor_data: 1
[2024-02-11 02:34:45,186][__main__][INFO] - Stepping sensor with Sensor ID: 94
[2024-02-11 02:34:45,200][root][INFO] - Begin sync_mode.tick
[2024-02-11 02:34:45,210][__main__][INFO] - Snapshot: WorldSnapshot(frame=53651) and length of sensor_data: 1
[2024-02-11 02:34:45,365][__main__][INFO] - Stepping sensor with Sensor ID: 94
[2024-02-11 02:34:45,379][root][INFO] - Begin sync_mode.tick
[2024-02-11 02:34:45,389][__main__][INFO] - Snapshot: WorldSnapshot(frame=53652) and length of sensor_data: 1
[2024-02-11 02:34:45,544][__main__][INFO] - Stepping sensor with Sensor ID: 94
[2024-02-11 02:34:45,558][root][INFO] - Begin sync_mode.tick
[2024-02-11 02:34:45,569][__main__][INFO] - Snapshot: WorldSnapshot(frame=53653) and length of sensor_data: 1
[2024-02-11 02:34:45,723][__main__][INFO] - Stepping sensor with Sensor ID: 94
[2024-02-11 02:34:45,738][root][INFO] - Begin sync_mode.tick
[2024-02-11 02:34:45,747][__main__][INFO] - Snapshot: WorldSnapshot(frame=53654) and length of sensor_data: 1
[2024-02-11 02:34:45,904][__main__][INFO] - Stepping sensor with Sensor ID: 94
[2024-02-11 02:34:45,917][root][INFO] - Begin sync_mode.tick
[2024-02-11 02:34:45,927][__main__][INFO] - Snapshot: WorldSnapshot(frame=53655) and length of sensor_data: 1
[2024-02-11 02:34:46,082][__main__][INFO] - Stepping sensor with Sensor ID: 94
[2024-02-11 02:34:46,096][root][INFO] - Begin sync_mode.tick
[2024-02-11 02:34:46,106][__main__][INFO] - Snapshot: WorldSnapshot(frame=53656) and length of sensor_data: 1
[2024-02-11 02:34:46,262][__main__][INFO] - Stepping sensor with Sensor ID: 94
[2024-02-11 02:34:46,276][root][INFO] - Begin sync_mode.tick
[2024-02-11 02:34:46,286][__main__][INFO] - Snapshot: WorldSnapshot(frame=53657) and length of sensor_data: 1
[2024-02-11 02:34:46,443][__main__][INFO] - Stepping sensor with Sensor ID: 94
[2024-02-11 02:34:46,457][root][INFO] - Begin sync_mode.tick
[2024-02-11 02:34:46,466][__main__][INFO] - Snapshot: WorldSnapshot(frame=53658) and length of sensor_data: 1
[2024-02-11 02:34:46,621][__main__][INFO] - Stepping sensor with Sensor ID: 94
[2024-02-11 02:34:46,635][root][INFO] - Begin sync_mode.tick
[2024-02-11 02:34:46,645][__main__][INFO] - Snapshot: WorldSnapshot(frame=53659) and length of sensor_data: 1
[2024-02-11 02:34:46,801][__main__][INFO] - Stepping sensor with Sensor ID: 94
[2024-02-11 02:34:46,815][root][INFO] - Begin sync_mode.tick
[2024-02-11 02:34:46,815][__main__][INFO] - Max frames, 10, reached. Exiting...
[2024-02-11 02:34:54,341][__main__][INFO] - Destroying actors
