[2024-01-14 14:54:55,825][__main__][INFO] - listening to server localhost:2000
[2024-01-14 14:54:55,831][__main__][INFO] - carla:
  host: localhost
  port: 2000
  timeout: 30
  sync:
    fps: 10
    timeout: 30
  seed: 30
  townmap: Town10HD_Opt
  traffic_manager_port: 8000
  retry: 10
  texture: D:\NewPatchGen\outputs\2024-01-14\13-47-28\Patch\texture.png
output_dir: _out2
max_frames: 10
weather:
  cloudiness: 0.0
  precipitation: 0.0
  precipitation_deposits: 0.0
  wind_intensity: 0.0
  sun_azimuth_angle: 0.0
  sun_altitude_angle: 30.0
  fog_density: 0.0
  fog_distance: 0.0
  wetness: 0.0
spawn_actors:
- blueprint:
    name: sensor.camera.rgb
    attr:
      image_size_x: '1280'
      image_size_y: '640'
    speed: 1
  transform:
    location:
      x: 25.0
      'y': 141.6
      z: 2.6
    rotation:
      yaw: 0.0
  destination_transform:
    location:
      x: 35.0
      'y': 141.6
      z: 2.6
  sensor_motion:
    jitter_magnitude:
      x: 0.01
      'y': 0.001
      z: 0.01

[2024-01-14 14:54:57,883][__main__][INFO] - CARLA server version: 0.9.15-dirty
[2024-01-14 14:54:57,883][__main__][INFO] - CARLA client version: 0.9.15-dirty
[2024-01-14 14:55:04,498][__main__][INFO] - Time between ticks: 0.03333333507180214 and Delta seconds: 0.03333333333333333
[2024-01-14 14:55:04,499][__main__][INFO] - Setting weather.
[2024-01-14 14:55:04,502][__main__][INFO] - Selected ActorBlueprint(id=sensor.camera.rgb,tags=[sensor, camera, rgb]) blueprint from: [ActorBlueprint(id=sensor.camera.rgb,tags=[sensor, camera, rgb])]
[2024-01-14 14:55:04,503][__main__][INFO] - Config: {'blueprint': {'name': 'sensor.camera.rgb', 'attr': {'image_size_x': '1280', 'image_size_y': '640'}, 'speed': 1}, 'transform': {'location': {'x': 25.0, 'y': 141.6, 'z': 2.6}, 'rotation': {'yaw': 0.0}}, 'destination_transform': {'location': {'x': 35.0, 'y': 141.6, 'z': 2.6}}, 'sensor_motion': {'jitter_magnitude': {'x': 0.01, 'y': 0.001, 'z': 0.01}}}
[2024-01-14 14:55:04,516][__main__][INFO] - Spawned actor: sensor.camera.rgb with id: 56
[2024-01-14 14:55:04,517][__main__][INFO] - Retrieved sensor motion dict after spawning all actors{56: {'jitter_bound_min': <carla.libcarla.Location object at 0x0000020FB2D7E400>, 'jitter_bound_max': <carla.libcarla.Location object at 0x0000020FB2D7EA40>, 'jitter_magnitude': {'x': 0.01, 'y': 0.001, 'z': 0.01}, 'linear_motion_step': <carla.libcarla.Location object at 0x0000020FB2D7E680>, 'linear_motion_time': 10.0, 'destination': <carla.libcarla.Location object at 0x0000020FB2D7EA90>}}
[2024-01-14 14:55:04,532][__main__][INFO] - Init sensors: (<carla.libcarla.ServerSideSensor object at 0x0000020FB2D6A660>,), kwargs: 30
[2024-01-14 14:55:05,545][__main__][INFO] - Making queue for sensor: Actor(id=56, type=sensor.camera.rgb)
[2024-01-14 14:55:05,545][root][INFO] - Begin sync_mode.tick
[2024-01-14 14:55:05,558][__main__][INFO] - Snapshot: WorldSnapshot(frame=3416) and length of sensor_data: 1
[2024-01-14 14:55:05,710][__main__][INFO] - Stepping sensor with Sensor ID: 56
[2024-01-14 14:55:05,725][root][INFO] - Begin sync_mode.tick
[2024-01-14 14:55:05,735][__main__][INFO] - Snapshot: WorldSnapshot(frame=3417) and length of sensor_data: 1
[2024-01-14 14:55:05,885][__main__][INFO] - Stepping sensor with Sensor ID: 56
[2024-01-14 14:55:05,900][root][INFO] - Begin sync_mode.tick
[2024-01-14 14:55:05,912][__main__][INFO] - Snapshot: WorldSnapshot(frame=3418) and length of sensor_data: 1
[2024-01-14 14:55:06,063][__main__][INFO] - Stepping sensor with Sensor ID: 56
[2024-01-14 14:55:06,077][root][INFO] - Begin sync_mode.tick
[2024-01-14 14:55:06,088][__main__][INFO] - Snapshot: WorldSnapshot(frame=3419) and length of sensor_data: 1
[2024-01-14 14:55:06,240][__main__][INFO] - Stepping sensor with Sensor ID: 56
[2024-01-14 14:55:06,254][root][INFO] - Begin sync_mode.tick
[2024-01-14 14:55:06,266][__main__][INFO] - Snapshot: WorldSnapshot(frame=3420) and length of sensor_data: 1
[2024-01-14 14:55:06,418][__main__][INFO] - Stepping sensor with Sensor ID: 56
[2024-01-14 14:55:06,433][root][INFO] - Begin sync_mode.tick
[2024-01-14 14:55:06,445][__main__][INFO] - Snapshot: WorldSnapshot(frame=3421) and length of sensor_data: 1
[2024-01-14 14:55:06,600][__main__][INFO] - Stepping sensor with Sensor ID: 56
[2024-01-14 14:55:06,614][root][INFO] - Begin sync_mode.tick
[2024-01-14 14:55:06,626][__main__][INFO] - Snapshot: WorldSnapshot(frame=3422) and length of sensor_data: 1
[2024-01-14 14:55:06,780][__main__][INFO] - Stepping sensor with Sensor ID: 56
[2024-01-14 14:55:06,795][root][INFO] - Begin sync_mode.tick
[2024-01-14 14:55:06,808][__main__][INFO] - Snapshot: WorldSnapshot(frame=3423) and length of sensor_data: 1
[2024-01-14 14:55:06,962][__main__][INFO] - Stepping sensor with Sensor ID: 56
[2024-01-14 14:55:06,977][root][INFO] - Begin sync_mode.tick
[2024-01-14 14:55:06,988][__main__][INFO] - Snapshot: WorldSnapshot(frame=3424) and length of sensor_data: 1
[2024-01-14 14:55:07,142][__main__][INFO] - Stepping sensor with Sensor ID: 56
[2024-01-14 14:55:07,156][root][INFO] - Begin sync_mode.tick
[2024-01-14 14:55:07,169][__main__][INFO] - Snapshot: WorldSnapshot(frame=3425) and length of sensor_data: 1
[2024-01-14 14:55:07,323][__main__][INFO] - Stepping sensor with Sensor ID: 56
[2024-01-14 14:55:07,338][root][INFO] - Begin sync_mode.tick
[2024-01-14 14:55:07,338][__main__][INFO] - Max frames, 10, reached. Exiting...
[2024-01-14 14:55:14,892][__main__][INFO] - Destroying actors
