[2024-02-11 02:18:26,614][__main__][INFO] - listening to server localhost:2000
[2024-02-11 02:18:26,619][__main__][INFO] - carla:
  host: localhost
  port: 2000
  timeout: 30
  sync:
    fps: 10
    timeout: 30
  seed: 30
  townmap: Town10HD_Opt
  traffic_manager_port: 8000
  retry: 10
  texture: D:\NewPatchGen\Assets\New.png
  sign_name: BP_ADVSTOP3
output_dir: _out2
max_frames: 10
weather:
  cloudiness: 0.0
  precipitation: 0.0
  precipitation_deposits: 0.0
  wind_intensity: 0.0
  sun_azimuth_angle: 0.0
  sun_altitude_angle: 30.0
  fog_density: 0.0
  fog_distance: 0.0
  wetness: 0.0
spawn_actors:
- blueprint:
    name: sensor.camera.rgb
    attr:
      image_size_x: '1280'
      image_size_y: '640'
    speed: 1
  transform:
    location:
      x: -18.2
      'y': 11.0
      z: 2.6
    rotation:
      yaw: 180.0
  destination_transform:
    location:
      x: -28.2
      'y': 11.0
      z: 2.6
  sensor_motion:
    jitter_magnitude:
      x: 0.01
      'y': 0.001
      z: 0.01

[2024-02-11 02:18:26,624][__main__][INFO] - CARLA server version: 0.9.15-dirty
[2024-02-11 02:18:26,624][__main__][INFO] - CARLA client version: 0.9.15-dirty
[2024-02-11 02:18:33,027][__main__][INFO] - Time between ticks: 0.03333333507180214 and Delta seconds: 0.03333333333333333
[2024-02-11 02:18:33,028][__main__][INFO] - Setting weather.
[2024-02-11 02:18:33,031][__main__][INFO] - Selected ActorBlueprint(id=sensor.camera.rgb,tags=[sensor, camera, rgb]) blueprint from: [ActorBlueprint(id=sensor.camera.rgb,tags=[sensor, camera, rgb])]
[2024-02-11 02:18:33,032][__main__][INFO] - Config: {'blueprint': {'name': 'sensor.camera.rgb', 'attr': {'image_size_x': '1280', 'image_size_y': '640'}, 'speed': 1}, 'transform': {'location': {'x': -18.2, 'y': 11.0, 'z': 2.6}, 'rotation': {'yaw': 180.0}}, 'destination_transform': {'location': {'x': -28.2, 'y': 11.0, 'z': 2.6}}, 'sensor_motion': {'jitter_magnitude': {'x': 0.01, 'y': 0.001, 'z': 0.01}}}
[2024-02-11 02:18:33,040][__main__][INFO] - Spawned actor: sensor.camera.rgb with id: 81
[2024-02-11 02:18:33,042][__main__][INFO] - Retrieved sensor motion dict after spawning all actors{81: {'jitter_bound_min': <carla.libcarla.Location object at 0x0000012F6EDCC900>, 'jitter_bound_max': <carla.libcarla.Location object at 0x0000012F6EDCCF40>, 'jitter_magnitude': {'x': 0.01, 'y': 0.001, 'z': 0.01}, 'linear_motion_step': <carla.libcarla.Location object at 0x0000012F6EDCCB80>, 'linear_motion_time': 10.0, 'destination': <carla.libcarla.Location object at 0x0000012F6EDCCF90>}}
[2024-02-11 02:18:33,077][__main__][INFO] - Init sensors: (<carla.libcarla.ServerSideSensor object at 0x0000012F6EDBB740>,), kwargs: 30
[2024-02-11 02:18:34,176][__main__][INFO] - Making queue for sensor: Actor(id=81, type=sensor.camera.rgb)
[2024-02-11 02:18:34,177][root][INFO] - Begin sync_mode.tick
[2024-02-11 02:18:34,209][__main__][INFO] - Snapshot: WorldSnapshot(frame=51085) and length of sensor_data: 1
[2024-02-11 02:18:34,364][__main__][INFO] - Stepping sensor with Sensor ID: 81
[2024-02-11 02:18:34,378][root][INFO] - Begin sync_mode.tick
[2024-02-11 02:18:34,414][__main__][INFO] - Snapshot: WorldSnapshot(frame=51086) and length of sensor_data: 1
[2024-02-11 02:18:34,568][__main__][INFO] - Stepping sensor with Sensor ID: 81
[2024-02-11 02:18:34,583][root][INFO] - Begin sync_mode.tick
[2024-02-11 02:18:34,621][__main__][INFO] - Snapshot: WorldSnapshot(frame=51087) and length of sensor_data: 1
[2024-02-11 02:18:34,774][__main__][INFO] - Stepping sensor with Sensor ID: 81
[2024-02-11 02:18:34,788][root][INFO] - Begin sync_mode.tick
[2024-02-11 02:18:34,818][__main__][INFO] - Snapshot: WorldSnapshot(frame=51088) and length of sensor_data: 1
[2024-02-11 02:18:34,972][__main__][INFO] - Stepping sensor with Sensor ID: 81
[2024-02-11 02:18:34,986][root][INFO] - Begin sync_mode.tick
[2024-02-11 02:18:35,015][__main__][INFO] - Snapshot: WorldSnapshot(frame=51089) and length of sensor_data: 1
[2024-02-11 02:18:35,168][__main__][INFO] - Stepping sensor with Sensor ID: 81
[2024-02-11 02:18:35,182][root][INFO] - Begin sync_mode.tick
[2024-02-11 02:18:35,213][__main__][INFO] - Snapshot: WorldSnapshot(frame=51090) and length of sensor_data: 1
[2024-02-11 02:18:35,366][__main__][INFO] - Stepping sensor with Sensor ID: 81
[2024-02-11 02:18:35,380][root][INFO] - Begin sync_mode.tick
[2024-02-11 02:18:35,412][__main__][INFO] - Snapshot: WorldSnapshot(frame=51091) and length of sensor_data: 1
[2024-02-11 02:18:35,567][__main__][INFO] - Stepping sensor with Sensor ID: 81
[2024-02-11 02:18:35,582][root][INFO] - Begin sync_mode.tick
[2024-02-11 02:18:35,610][__main__][INFO] - Snapshot: WorldSnapshot(frame=51092) and length of sensor_data: 1
[2024-02-11 02:18:35,765][__main__][INFO] - Stepping sensor with Sensor ID: 81
[2024-02-11 02:18:35,779][root][INFO] - Begin sync_mode.tick
[2024-02-11 02:18:35,812][__main__][INFO] - Snapshot: WorldSnapshot(frame=51093) and length of sensor_data: 1
[2024-02-11 02:18:35,967][__main__][INFO] - Stepping sensor with Sensor ID: 81
[2024-02-11 02:18:35,981][root][INFO] - Begin sync_mode.tick
[2024-02-11 02:18:36,011][__main__][INFO] - Snapshot: WorldSnapshot(frame=51094) and length of sensor_data: 1
[2024-02-11 02:18:36,165][__main__][INFO] - Stepping sensor with Sensor ID: 81
[2024-02-11 02:18:36,179][root][INFO] - Begin sync_mode.tick
[2024-02-11 02:18:36,180][__main__][INFO] - Max frames, 10, reached. Exiting...
[2024-02-11 02:18:43,991][__main__][INFO] - Destroying actors
